Using pre-set license
Built from '2021.3/staging' branch; Version is '2021.3.11f1 (0a5ca18544bf) revision 679073'; Using compiler version '192829333'; Build Type 'Release'
OS: 'Windows 10  (10.0.19044) 64bit Core' Language: 'en' Physical Memory: 16332 MB
BatchMode: 1, IsHumanControllingUs: 0, StartBugReporterOnCrash: 0, Is64bit: 1, IsPro: 1

COMMAND LINE ARGUMENTS:
C:\Program Files\Unity\Hub\Editor\2021.3.11f1\Editor\Unity.exe
-adb2
-batchMode
-noUpm
-name
AssetImportWorker21
-projectPath
C:/Users/Neox/CosmicHorrorJam
-logFile
Logs/AssetImportWorker21.log
-srvPort
64264
Successfully changed project path to: C:/Users/Neox/CosmicHorrorJam
C:/Users/Neox/CosmicHorrorJam
[UnityMemory] Configuration Parameters - Can be set up in boot.config
    "memorysetup-bucket-allocator-granularity=16"
    "memorysetup-bucket-allocator-bucket-count=8"
    "memorysetup-bucket-allocator-block-size=33554432"
    "memorysetup-bucket-allocator-block-count=8"
    "memorysetup-main-allocator-block-size=16777216"
    "memorysetup-thread-allocator-block-size=16777216"
    "memorysetup-gfx-main-allocator-block-size=16777216"
    "memorysetup-gfx-thread-allocator-block-size=16777216"
    "memorysetup-cache-allocator-block-size=4194304"
    "memorysetup-typetree-allocator-block-size=2097152"
    "memorysetup-profiler-bucket-allocator-granularity=16"
    "memorysetup-profiler-bucket-allocator-bucket-count=8"
    "memorysetup-profiler-bucket-allocator-block-size=33554432"
    "memorysetup-profiler-bucket-allocator-block-count=8"
    "memorysetup-profiler-allocator-block-size=16777216"
    "memorysetup-profiler-editor-allocator-block-size=1048576"
    "memorysetup-temp-allocator-size-main=16777216"
    "memorysetup-job-temp-allocator-block-size=2097152"
    "memorysetup-job-temp-allocator-block-size-background=1048576"
    "memorysetup-job-temp-allocator-reduction-small-platforms=262144"
    "memorysetup-temp-allocator-size-background-worker=32768"
    "memorysetup-temp-allocator-size-job-worker=262144"
    "memorysetup-temp-allocator-size-preload-manager=33554432"
    "memorysetup-temp-allocator-size-nav-mesh-worker=65536"
    "memorysetup-temp-allocator-size-audio-worker=65536"
    "memorysetup-temp-allocator-size-cloud-worker=32768"
    "memorysetup-temp-allocator-size-gi-baking-worker=262144"
    "memorysetup-temp-allocator-size-gfx=262144"
Refreshing native plugins compatible for Editor in 148.98 ms, found 4 plugins.
Preloading 0 native plugins for Editor in 0.00 ms.
Initialize engine version: 2021.3.11f1 (0a5ca18544bf)
[Subsystems] Discovering subsystems at path C:/Program Files/Unity/Hub/Editor/2021.3.11f1/Editor/Data/Resources/UnitySubsystems
[Subsystems] Discovering subsystems at path C:/Users/Neox/CosmicHorrorJam/Assets
GfxDevice: creating device client; threaded=0; jobified=0
Direct3D:
    Version:  Direct3D 11.0 [level 11.1]
    Renderer: NVIDIA GeForce GTX 1070 (ID=0x1b81)
    Vendor:   NVIDIA
    VRAM:     8088 MB
    Driver:   31.0.15.1694
Initialize mono
Mono path[0] = 'C:/Program Files/Unity/Hub/Editor/2021.3.11f1/Editor/Data/Managed'
Mono path[1] = 'C:/Program Files/Unity/Hub/Editor/2021.3.11f1/Editor/Data/MonoBleedingEdge/lib/mono/unityjit-win32'
Mono config path = 'C:/Program Files/Unity/Hub/Editor/2021.3.11f1/Editor/Data/MonoBleedingEdge/etc'
Using monoOptions --debugger-agent=transport=dt_socket,embedding=1,server=y,suspend=n,address=127.0.0.1:56568
Begin MonoManager ReloadAssembly
Registering precompiled unity dll's ...
Register platform support module: C:/Program Files/Unity/Hub/Editor/2021.3.11f1/Editor/Data/PlaybackEngines/WindowsStandaloneSupport/UnityEditor.WindowsStandalone.Extensions.dll
Registered in 0.013875 seconds.
Native extension for WindowsStandalone target not found
Refreshing native plugins compatible for Editor in 140.01 ms, found 4 plugins.
Preloading 0 native plugins for Editor in 0.00 ms.
Mono: successfully reloaded assembly
- Completed reload, in  0.935 seconds
Domain Reload Profiling:
	ReloadAssembly (936ms)
		BeginReloadAssembly (109ms)
			ExecutionOrderSort (0ms)
			DisableScriptedObjects (0ms)
			BackupInstance (0ms)
			ReleaseScriptingObjects (0ms)
			CreateAndSetChildDomain (1ms)
		EndReloadAssembly (659ms)
			LoadAssemblies (104ms)
			RebuildTransferFunctionScriptingTraits (0ms)
			SetupTypeCache (140ms)
			ReleaseScriptCaches (0ms)
			RebuildScriptCaches (40ms)
			SetupLoadedEditorAssemblies (405ms)
				LogAssemblyErrors (0ms)
				InitializePlatformSupportModulesInManaged (11ms)
				SetLoadedEditorAssemblies (0ms)
				RefreshPlugins (140ms)
				BeforeProcessingInitializeOnLoad (2ms)
				ProcessInitializeOnLoadAttributes (190ms)
				ProcessInitializeOnLoadMethodAttributes (62ms)
				AfterProcessingInitializeOnLoad (0ms)
				EditorAssembliesLoaded (0ms)
			ExecutionOrderSort2 (0ms)
			AwakeInstancesAfterBackupRestoration (0ms)
Platform modules already initialized, skipping
Registering precompiled user dll's ...
Registered in 0.014296 seconds.
Begin MonoManager ReloadAssembly
Symbol file LoadedFromMemory doesn't match image C:\Users\Neox\CosmicHorrorJam\Library\PackageCache\com.unity.visualscripting@1.7.8\Editor\VisualScripting.Core\Dependencies\YamlDotNet\Unity.VisualScripting.YamlDotNet.dll
Symbol file LoadedFromMemory doesn't match image C:\Users\Neox\CosmicHorrorJam\Library\PackageCache\com.unity.visualscripting@1.7.8\Editor\VisualScripting.Core\Dependencies\DotNetZip\Unity.VisualScripting.IonicZip.dll
Native extension for WindowsStandalone target not found
Refreshing native plugins compatible for Editor in 145.10 ms, found 4 plugins.
Preloading 0 native plugins for Editor in 0.00 ms.
Mono: successfully reloaded assembly
- Completed reload, in  1.834 seconds
Domain Reload Profiling:
	ReloadAssembly (1835ms)
		BeginReloadAssembly (167ms)
			ExecutionOrderSort (0ms)
			DisableScriptedObjects (8ms)
			BackupInstance (0ms)
			ReleaseScriptingObjects (0ms)
			CreateAndSetChildDomain (22ms)
		EndReloadAssembly (1494ms)
			LoadAssemblies (130ms)
			RebuildTransferFunctionScriptingTraits (0ms)
			SetupTypeCache (357ms)
			ReleaseScriptCaches (1ms)
			RebuildScriptCaches (84ms)
			SetupLoadedEditorAssemblies (856ms)
				LogAssemblyErrors (0ms)
				InitializePlatformSupportModulesInManaged (8ms)
				SetLoadedEditorAssemblies (0ms)
				RefreshPlugins (145ms)
				BeforeProcessingInitializeOnLoad (160ms)
				ProcessInitializeOnLoadAttributes (410ms)
				ProcessInitializeOnLoadMethodAttributes (117ms)
				AfterProcessingInitializeOnLoad (15ms)
				EditorAssembliesLoaded (0ms)
			ExecutionOrderSort2 (0ms)
			AwakeInstancesAfterBackupRestoration (7ms)
Platform modules already initialized, skipping
========================================================================
Worker process is ready to serve import requests
Launched and connected shader compiler UnityShaderCompiler.exe after 0.05 seconds
Refreshing native plugins compatible for Editor in 1.03 ms, found 4 plugins.
Preloading 0 native plugins for Editor in 0.00 ms.
Unloading 4955 Unused Serialized files (Serialized files now loaded: 0)
Unloading 47 unused Assets / (229.4 KB). Loaded Objects now: 5408.
Memory consumption went from 184.0 MB to 183.8 MB.
Total: 5.305300 ms (FindLiveObjects: 0.515300 ms CreateObjectMapping: 0.165200 ms MarkObjects: 4.398500 ms  DeleteObjects: 0.225100 ms)

AssetImportParameters requested are different than current active one (requested -> active):
  custom:video-decoder-ogg-theora: a1e56fd34408186e4bbccfd4996cb3dc -> 
  custom:container-muxer-webm: aa71ff27fc2769a1b78a27578f13a17b -> 
  custom:container-demuxer-webm: 4f35f7cbe854078d1ac9338744f61a02 -> 
  custom:video-encoder-webm-vp8: eb34c28f22e8b96e1ab97ce403110664 -> 
  custom:audio-encoder-webm-vorbis: bf7c407c2cedff20999df2af8eb42d56 -> 
  custom:framework-win-MediaFoundation: 216162199b28c13a410421893ffa2e32 -> 
  custom:SearchIndexIgnoredProperties: e643bd26f0fe6173181afceb89e7c659 -> 
  custom:container-demuxer-ogg: 62fdf1f143b41e24485cea50d1cbac27 -> 
  custom:video-decoder-webm-vp8: 9c59270c3fd7afecdb556c50c9e8de78 -> 
  custom:audio-decoder-ogg-vorbis: bf7c407c2cedff20999df2af8eb42d56 -> 
========================================================================
Received Import Request.
  Time since last request: 5193.323850 seconds.
  path: Assets/Scriptable Objects/Cards/Job/Inspector/Hide Evidence.asset
  artifactKey: Guid(2aca45523507f244eb891756ba5aa0ee) Importer(815301076,1909f56bfc062723c751e8b465ee728b)
Start importing Assets/Scriptable Objects/Cards/Job/Inspector/Hide Evidence.asset using Guid(2aca45523507f244eb891756ba5aa0ee) Importer(815301076,1909f56bfc062723c751e8b465ee728b)  -> (artifact id: '9206b2e9ee9aa026c50aaa08cbc72608') in 0.047528 seconds 
========================================================================
Received Import Request.
  Time since last request: 0.938368 seconds.
  path: Assets/Scriptable Objects/Cards/Job/Inspector/Hide Evidence.asset
  artifactKey: Guid(2aca45523507f244eb891756ba5aa0ee) Importer(2089858483,0ecaa5967403d082aa24f35e1b516d23)
Start importing Assets/Scriptable Objects/Cards/Job/Inspector/Hide Evidence.asset using Guid(2aca45523507f244eb891756ba5aa0ee) Importer(2089858483,0ecaa5967403d082aa24f35e1b516d23) Generated GUIDs only implemented for interfaces!
 -> (artifact id: '845d65fd0dd1da5de02baf16113d9e65') in 0.111049 seconds 
========================================================================
Received Import Request.
  Time since last request: 34.607596 seconds.
  path: Assets/Scriptable Objects/Cards/Job/Nurse/Mental Drug.asset
  artifactKey: Guid(41882057ca9db0d40a50dc09ce588ca7) Importer(815301076,1909f56bfc062723c751e8b465ee728b)
Start importing Assets/Scriptable Objects/Cards/Job/Nurse/Mental Drug.asset using Guid(41882057ca9db0d40a50dc09ce588ca7) Importer(815301076,1909f56bfc062723c751e8b465ee728b)  -> (artifact id: '73497d16888b8d0a78f45859672a5b55') in 0.003344 seconds 
========================================================================
Received Import Request.
  Time since last request: 0.981467 seconds.
  path: Assets/Scriptable Objects/Cards/Job/Nurse/Mental Drug.asset
  artifactKey: Guid(41882057ca9db0d40a50dc09ce588ca7) Importer(2089858483,0ecaa5967403d082aa24f35e1b516d23)
Start importing Assets/Scriptable Objects/Cards/Job/Nurse/Mental Drug.asset using Guid(41882057ca9db0d40a50dc09ce588ca7) Importer(2089858483,0ecaa5967403d082aa24f35e1b516d23) Generated GUIDs only implemented for interfaces!
 -> (artifact id: '0dabf7284813921a5f2253930c27a1a1') in 0.012228 seconds 
========================================================================
Received Import Request.
  Time since last request: 20.345818 seconds.
  path: Assets/Scriptable Objects/Cards/Job/Nurse/Mental Drug.asset
  artifactKey: Guid(41882057ca9db0d40a50dc09ce588ca7) Importer(815301076,1909f56bfc062723c751e8b465ee728b)
Start importing Assets/Scriptable Objects/Cards/Job/Nurse/Mental Drug.asset using Guid(41882057ca9db0d40a50dc09ce588ca7) Importer(815301076,1909f56bfc062723c751e8b465ee728b)  -> (artifact id: '28ee1319b916e4b2b7655b75d74ea25c') in 0.003312 seconds 
========================================================================
Received Import Request.
  Time since last request: 0.984329 seconds.
  path: Assets/Scriptable Objects/Cards/Job/Nurse/Mental Drug.asset
  artifactKey: Guid(41882057ca9db0d40a50dc09ce588ca7) Importer(2089858483,0ecaa5967403d082aa24f35e1b516d23)
Start importing Assets/Scriptable Objects/Cards/Job/Nurse/Mental Drug.asset using Guid(41882057ca9db0d40a50dc09ce588ca7) Importer(2089858483,0ecaa5967403d082aa24f35e1b516d23) Generated GUIDs only implemented for interfaces!
 -> (artifact id: 'cfdce31c0c6ae8e3032e8ddd9ec9329e') in 0.009263 seconds 
========================================================================
Received Import Request.
  Time since last request: 47.133084 seconds.
  path: Assets/Scriptable Objects/Cards/Job/Nurse/Stimulant.asset
  artifactKey: Guid(03e7027ebc471e7479d68a453efbd14f) Importer(815301076,1909f56bfc062723c751e8b465ee728b)
Start importing Assets/Scriptable Objects/Cards/Job/Nurse/Stimulant.asset using Guid(03e7027ebc471e7479d68a453efbd14f) Importer(815301076,1909f56bfc062723c751e8b465ee728b)  -> (artifact id: '2759566f9c191ce5dd573b556f042a57') in 0.007503 seconds 
========================================================================
Received Import Request.
  Time since last request: 0.980767 seconds.
  path: Assets/Scriptable Objects/Cards/Job/Nurse/Stimulant.asset
  artifactKey: Guid(03e7027ebc471e7479d68a453efbd14f) Importer(2089858483,0ecaa5967403d082aa24f35e1b516d23)
Start importing Assets/Scriptable Objects/Cards/Job/Nurse/Stimulant.asset using Guid(03e7027ebc471e7479d68a453efbd14f) Importer(2089858483,0ecaa5967403d082aa24f35e1b516d23) Generated GUIDs only implemented for interfaces!
 -> (artifact id: '062c0b9599b7f90e89ddddd9442541d4') in 0.010589 seconds 
========================================================================
Received Import Request.
  Time since last request: 3.929016 seconds.
  path: Assets/Scriptable Objects/Cards/Job/Nurse/Stimulant.asset
  artifactKey: Guid(03e7027ebc471e7479d68a453efbd14f) Importer(815301076,1909f56bfc062723c751e8b465ee728b)
Start importing Assets/Scriptable Objects/Cards/Job/Nurse/Stimulant.asset using Guid(03e7027ebc471e7479d68a453efbd14f) Importer(815301076,1909f56bfc062723c751e8b465ee728b)  -> (artifact id: '38dc89496e046fbf8a6ab38202de11fe') in 0.003453 seconds 
========================================================================
Received Import Request.
  Time since last request: 0.983500 seconds.
  path: Assets/Scriptable Objects/Cards/Job/Nurse/Stimulant.asset
  artifactKey: Guid(03e7027ebc471e7479d68a453efbd14f) Importer(2089858483,0ecaa5967403d082aa24f35e1b516d23)
Start importing Assets/Scriptable Objects/Cards/Job/Nurse/Stimulant.asset using Guid(03e7027ebc471e7479d68a453efbd14f) Importer(2089858483,0ecaa5967403d082aa24f35e1b516d23) Generated GUIDs only implemented for interfaces!
 -> (artifact id: 'c64c0f78a0a68157fc687576fd491cd6') in 0.009119 seconds 
========================================================================
Received Import Request.
  Time since last request: 11.531961 seconds.
  path: Assets/Scriptable Objects/Cards/Job/Nurse/Weakening Drug.asset
  artifactKey: Guid(dc27ca5667edc7e4d874a05c0af53878) Importer(815301076,1909f56bfc062723c751e8b465ee728b)
Start importing Assets/Scriptable Objects/Cards/Job/Nurse/Weakening Drug.asset using Guid(dc27ca5667edc7e4d874a05c0af53878) Importer(815301076,1909f56bfc062723c751e8b465ee728b)  -> (artifact id: '049a50955f77a3021763f5caf4b2954e') in 0.003315 seconds 
========================================================================
Received Import Request.
  Time since last request: 0.985126 seconds.
  path: Assets/Scriptable Objects/Cards/Job/Nurse/Weakening Drug.asset
  artifactKey: Guid(dc27ca5667edc7e4d874a05c0af53878) Importer(2089858483,0ecaa5967403d082aa24f35e1b516d23)
Start importing Assets/Scriptable Objects/Cards/Job/Nurse/Weakening Drug.asset using Guid(dc27ca5667edc7e4d874a05c0af53878) Importer(2089858483,0ecaa5967403d082aa24f35e1b516d23) Generated GUIDs only implemented for interfaces!
 -> (artifact id: '97261f86a7cdb120f355ce1ca531d17e') in 0.012512 seconds 
========================================================================
Received Import Request.
  Time since last request: 17.935669 seconds.
  path: Assets/Scriptable Objects/Cards/Job/Student/Create Party.asset
  artifactKey: Guid(e6377a176274b0842941987908a7a958) Importer(815301076,1909f56bfc062723c751e8b465ee728b)
Start importing Assets/Scriptable Objects/Cards/Job/Student/Create Party.asset using Guid(e6377a176274b0842941987908a7a958) Importer(815301076,1909f56bfc062723c751e8b465ee728b)  -> (artifact id: '339bb23a1127191d9d3ef90ced3666ab') in 0.007420 seconds 
========================================================================
Received Import Request.
  Time since last request: 0.980842 seconds.
  path: Assets/Scriptable Objects/Cards/Job/Student/Create Party.asset
  artifactKey: Guid(e6377a176274b0842941987908a7a958) Importer(2089858483,0ecaa5967403d082aa24f35e1b516d23)
Start importing Assets/Scriptable Objects/Cards/Job/Student/Create Party.asset using Guid(e6377a176274b0842941987908a7a958) Importer(2089858483,0ecaa5967403d082aa24f35e1b516d23) Generated GUIDs only implemented for interfaces!
 -> (artifact id: '96421603baff55742a19fcd9cca35b4e') in 0.010018 seconds 
========================================================================
Received Import Request.
  Time since last request: 23.994682 seconds.
  path: Assets/Scriptable Objects/Cards/Job/Worker/Trap Building.asset
  artifactKey: Guid(2ceb9bb0dd55fcd42bbf7a801a9d294a) Importer(815301076,1909f56bfc062723c751e8b465ee728b)
Start importing Assets/Scriptable Objects/Cards/Job/Worker/Trap Building.asset using Guid(2ceb9bb0dd55fcd42bbf7a801a9d294a) Importer(815301076,1909f56bfc062723c751e8b465ee728b)  -> (artifact id: '8c2d2509461c41016bdafc094b87ea8c') in 0.007464 seconds 
========================================================================
Received Import Request.
  Time since last request: 0.981248 seconds.
  path: Assets/Scriptable Objects/Cards/Job/Worker/Trap Building.asset
  artifactKey: Guid(2ceb9bb0dd55fcd42bbf7a801a9d294a) Importer(2089858483,0ecaa5967403d082aa24f35e1b516d23)
Start importing Assets/Scriptable Objects/Cards/Job/Worker/Trap Building.asset using Guid(2ceb9bb0dd55fcd42bbf7a801a9d294a) Importer(2089858483,0ecaa5967403d082aa24f35e1b516d23) Generated GUIDs only implemented for interfaces!
 -> (artifact id: '0f203b5b1180d0ca3181dd1360dcb9aa') in 0.009362 seconds 
