Using pre-set license
Built from '2021.3/staging' branch; Version is '2021.3.11f1 (0a5ca18544bf) revision 679073'; Using compiler version '192829333'; Build Type 'Release'
OS: 'Windows 10  (10.0.19044) 64bit Core' Language: 'en' Physical Memory: 16332 MB
BatchMode: 1, IsHumanControllingUs: 0, StartBugReporterOnCrash: 0, Is64bit: 1, IsPro: 1

COMMAND LINE ARGUMENTS:
C:\Program Files\Unity\Hub\Editor\2021.3.11f1\Editor\Unity.exe
-adb2
-batchMode
-noUpm
-name
AssetImportWorker17
-projectPath
C:/Users/Neox/CosmicHorrorJam
-logFile
Logs/AssetImportWorker17.log
-srvPort
64264
Successfully changed project path to: C:/Users/Neox/CosmicHorrorJam
C:/Users/Neox/CosmicHorrorJam
[UnityMemory] Configuration Parameters - Can be set up in boot.config
    "memorysetup-bucket-allocator-granularity=16"
    "memorysetup-bucket-allocator-bucket-count=8"
    "memorysetup-bucket-allocator-block-size=33554432"
    "memorysetup-bucket-allocator-block-count=8"
    "memorysetup-main-allocator-block-size=16777216"
    "memorysetup-thread-allocator-block-size=16777216"
    "memorysetup-gfx-main-allocator-block-size=16777216"
    "memorysetup-gfx-thread-allocator-block-size=16777216"
    "memorysetup-cache-allocator-block-size=4194304"
    "memorysetup-typetree-allocator-block-size=2097152"
    "memorysetup-profiler-bucket-allocator-granularity=16"
    "memorysetup-profiler-bucket-allocator-bucket-count=8"
    "memorysetup-profiler-bucket-allocator-block-size=33554432"
    "memorysetup-profiler-bucket-allocator-block-count=8"
    "memorysetup-profiler-allocator-block-size=16777216"
    "memorysetup-profiler-editor-allocator-block-size=1048576"
    "memorysetup-temp-allocator-size-main=16777216"
    "memorysetup-job-temp-allocator-block-size=2097152"
    "memorysetup-job-temp-allocator-block-size-background=1048576"
    "memorysetup-job-temp-allocator-reduction-small-platforms=262144"
    "memorysetup-temp-allocator-size-background-worker=32768"
    "memorysetup-temp-allocator-size-job-worker=262144"
    "memorysetup-temp-allocator-size-preload-manager=33554432"
    "memorysetup-temp-allocator-size-nav-mesh-worker=65536"
    "memorysetup-temp-allocator-size-audio-worker=65536"
    "memorysetup-temp-allocator-size-cloud-worker=32768"
    "memorysetup-temp-allocator-size-gi-baking-worker=262144"
    "memorysetup-temp-allocator-size-gfx=262144"
Refreshing native plugins compatible for Editor in 141.98 ms, found 4 plugins.
Preloading 0 native plugins for Editor in 0.00 ms.
Initialize engine version: 2021.3.11f1 (0a5ca18544bf)
[Subsystems] Discovering subsystems at path C:/Program Files/Unity/Hub/Editor/2021.3.11f1/Editor/Data/Resources/UnitySubsystems
[Subsystems] Discovering subsystems at path C:/Users/Neox/CosmicHorrorJam/Assets
GfxDevice: creating device client; threaded=0; jobified=0
Direct3D:
    Version:  Direct3D 11.0 [level 11.1]
    Renderer: NVIDIA GeForce GTX 1070 (ID=0x1b81)
    Vendor:   NVIDIA
    VRAM:     8088 MB
    Driver:   31.0.15.1694
Initialize mono
Mono path[0] = 'C:/Program Files/Unity/Hub/Editor/2021.3.11f1/Editor/Data/Managed'
Mono path[1] = 'C:/Program Files/Unity/Hub/Editor/2021.3.11f1/Editor/Data/MonoBleedingEdge/lib/mono/unityjit-win32'
Mono config path = 'C:/Program Files/Unity/Hub/Editor/2021.3.11f1/Editor/Data/MonoBleedingEdge/etc'
Using monoOptions --debugger-agent=transport=dt_socket,embedding=1,server=y,suspend=n,address=127.0.0.1:56180
Begin MonoManager ReloadAssembly
Registering precompiled unity dll's ...
Register platform support module: C:/Program Files/Unity/Hub/Editor/2021.3.11f1/Editor/Data/PlaybackEngines/WindowsStandaloneSupport/UnityEditor.WindowsStandalone.Extensions.dll
Registered in 0.015128 seconds.
Native extension for WindowsStandalone target not found
Refreshing native plugins compatible for Editor in 138.62 ms, found 4 plugins.
Preloading 0 native plugins for Editor in 0.00 ms.
Mono: successfully reloaded assembly
- Completed reload, in  0.919 seconds
Domain Reload Profiling:
	ReloadAssembly (919ms)
		BeginReloadAssembly (103ms)
			ExecutionOrderSort (0ms)
			DisableScriptedObjects (0ms)
			BackupInstance (0ms)
			ReleaseScriptingObjects (0ms)
			CreateAndSetChildDomain (1ms)
		EndReloadAssembly (652ms)
			LoadAssemblies (99ms)
			RebuildTransferFunctionScriptingTraits (0ms)
			SetupTypeCache (133ms)
			ReleaseScriptCaches (0ms)
			RebuildScriptCaches (40ms)
			SetupLoadedEditorAssemblies (407ms)
				LogAssemblyErrors (0ms)
				InitializePlatformSupportModulesInManaged (11ms)
				SetLoadedEditorAssemblies (0ms)
				RefreshPlugins (139ms)
				BeforeProcessingInitializeOnLoad (2ms)
				ProcessInitializeOnLoadAttributes (190ms)
				ProcessInitializeOnLoadMethodAttributes (64ms)
				AfterProcessingInitializeOnLoad (0ms)
				EditorAssembliesLoaded (0ms)
			ExecutionOrderSort2 (0ms)
			AwakeInstancesAfterBackupRestoration (0ms)
Platform modules already initialized, skipping
Registering precompiled user dll's ...
Registered in 0.016049 seconds.
Begin MonoManager ReloadAssembly
Symbol file LoadedFromMemory doesn't match image C:\Users\Neox\CosmicHorrorJam\Library\PackageCache\com.unity.visualscripting@1.7.8\Editor\VisualScripting.Core\Dependencies\YamlDotNet\Unity.VisualScripting.YamlDotNet.dll
Symbol file LoadedFromMemory doesn't match image C:\Users\Neox\CosmicHorrorJam\Library\PackageCache\com.unity.visualscripting@1.7.8\Editor\VisualScripting.Core\Dependencies\DotNetZip\Unity.VisualScripting.IonicZip.dll
Native extension for WindowsStandalone target not found
Refreshing native plugins compatible for Editor in 139.50 ms, found 4 plugins.
Preloading 0 native plugins for Editor in 0.00 ms.
Mono: successfully reloaded assembly
- Completed reload, in  1.807 seconds
Domain Reload Profiling:
	ReloadAssembly (1808ms)
		BeginReloadAssembly (163ms)
			ExecutionOrderSort (0ms)
			DisableScriptedObjects (8ms)
			BackupInstance (0ms)
			ReleaseScriptingObjects (0ms)
			CreateAndSetChildDomain (23ms)
		EndReloadAssembly (1470ms)
			LoadAssemblies (124ms)
			RebuildTransferFunctionScriptingTraits (0ms)
			SetupTypeCache (336ms)
			ReleaseScriptCaches (1ms)
			RebuildScriptCaches (80ms)
			SetupLoadedEditorAssemblies (858ms)
				LogAssemblyErrors (0ms)
				InitializePlatformSupportModulesInManaged (7ms)
				SetLoadedEditorAssemblies (0ms)
				RefreshPlugins (140ms)
				BeforeProcessingInitializeOnLoad (163ms)
				ProcessInitializeOnLoadAttributes (412ms)
				ProcessInitializeOnLoadMethodAttributes (117ms)
				AfterProcessingInitializeOnLoad (19ms)
				EditorAssembliesLoaded (0ms)
			ExecutionOrderSort2 (0ms)
			AwakeInstancesAfterBackupRestoration (8ms)
Platform modules already initialized, skipping
========================================================================
Worker process is ready to serve import requests
Launched and connected shader compiler UnityShaderCompiler.exe after 0.05 seconds
Refreshing native plugins compatible for Editor in 1.03 ms, found 4 plugins.
Preloading 0 native plugins for Editor in 0.00 ms.
Unloading 4955 Unused Serialized files (Serialized files now loaded: 0)
Unloading 47 unused Assets / (229.4 KB). Loaded Objects now: 5408.
Memory consumption went from 184.0 MB to 183.8 MB.
Total: 5.213200 ms (FindLiveObjects: 0.502700 ms CreateObjectMapping: 0.159100 ms MarkObjects: 4.321100 ms  DeleteObjects: 0.228900 ms)

AssetImportParameters requested are different than current active one (requested -> active):
  custom:video-decoder-ogg-theora: a1e56fd34408186e4bbccfd4996cb3dc -> 
  custom:container-muxer-webm: aa71ff27fc2769a1b78a27578f13a17b -> 
  custom:container-demuxer-webm: 4f35f7cbe854078d1ac9338744f61a02 -> 
  custom:video-encoder-webm-vp8: eb34c28f22e8b96e1ab97ce403110664 -> 
  custom:audio-encoder-webm-vorbis: bf7c407c2cedff20999df2af8eb42d56 -> 
  custom:framework-win-MediaFoundation: 216162199b28c13a410421893ffa2e32 -> 
  custom:container-demuxer-ogg: 62fdf1f143b41e24485cea50d1cbac27 -> 
  custom:video-decoder-webm-vp8: 9c59270c3fd7afecdb556c50c9e8de78 -> 
  custom:audio-decoder-ogg-vorbis: bf7c407c2cedff20999df2af8eb42d56 -> 
========================================================================
Received Import Request.
  Time since last request: 3974.079673 seconds.
  path: Assets/InputSystem.inputsettings.asset
  artifactKey: Guid(c2a20e65ebe3bcf428e7919c6d63fef7) Importer(2089858483,0ecaa5967403d082aa24f35e1b516d23)
Start importing Assets/InputSystem.inputsettings.asset using Guid(c2a20e65ebe3bcf428e7919c6d63fef7) Importer(2089858483,0ecaa5967403d082aa24f35e1b516d23) Generated GUIDs only implemented for interfaces!
 -> (artifact id: '6da83ac38d20182ea4c3b0001e341ef6') in 0.170473 seconds 
========================================================================
Received Import Request.
  Time since last request: 0.000028 seconds.
  path: Assets/Prefabs/Structures/Abandoned.prefab
  artifactKey: Guid(3bf2a5359d2b8d3408b728e4db716e93) Importer(2089858483,0ecaa5967403d082aa24f35e1b516d23)
Start importing Assets/Prefabs/Structures/Abandoned.prefab using Guid(3bf2a5359d2b8d3408b728e4db716e93) Importer(2089858483,0ecaa5967403d082aa24f35e1b516d23) Generated GUIDs only implemented for interfaces!
 -> (artifact id: '81485e6155ce57b9eabbd709b14cd737') in 0.034015 seconds 
========================================================================
Received Import Request.
  Time since last request: 0.000050 seconds.
  path: Assets/Graphics/Sprites/Profile 2.png
  artifactKey: Guid(ea1504f2da9c7e74986709eeab65e129) Importer(2089858483,0ecaa5967403d082aa24f35e1b516d23)
Start importing Assets/Graphics/Sprites/Profile 2.png using Guid(ea1504f2da9c7e74986709eeab65e129) Importer(2089858483,0ecaa5967403d082aa24f35e1b516d23) Generated GUIDs only implemented for interfaces!
 -> (artifact id: 'b1e02f3c49b8bd57d10002d5916b3110') in 0.064008 seconds 
========================================================================
Received Import Request.
  Time since last request: 0.000031 seconds.
  path: Assets/Graphics/Sprites/nodeArrow.png
  artifactKey: Guid(8d043ad072114e54ca0449b9af7a28a8) Importer(2089858483,0ecaa5967403d082aa24f35e1b516d23)
Start importing Assets/Graphics/Sprites/nodeArrow.png using Guid(8d043ad072114e54ca0449b9af7a28a8) Importer(2089858483,0ecaa5967403d082aa24f35e1b516d23) Generated GUIDs only implemented for interfaces!
 -> (artifact id: 'd95ec948c80222ef2591561bafa6ec6e') in 0.027341 seconds 
========================================================================
Received Import Request.
  Time since last request: 0.000026 seconds.
  path: Assets/Prefabs/Crusader.prefab
  artifactKey: Guid(0c6c14765e74ee148a4d672ecc78ab4a) Importer(2089858483,0ecaa5967403d082aa24f35e1b516d23)
Start importing Assets/Prefabs/Crusader.prefab using Guid(0c6c14765e74ee148a4d672ecc78ab4a) Importer(2089858483,0ecaa5967403d082aa24f35e1b516d23) Generated GUIDs only implemented for interfaces!
 -> (artifact id: '002ce5535f032c7716038ed4f2472cb3') in 0.022042 seconds 
========================================================================
Received Import Request.
  Time since last request: 0.000024 seconds.
  path: Assets/Graphics/Sprites/policeman.png
  artifactKey: Guid(4735ea01293242d448dd030cb66b0100) Importer(2089858483,0ecaa5967403d082aa24f35e1b516d23)
Start importing Assets/Graphics/Sprites/policeman.png using Guid(4735ea01293242d448dd030cb66b0100) Importer(2089858483,0ecaa5967403d082aa24f35e1b516d23) Generated GUIDs only implemented for interfaces!
 -> (artifact id: '817b4fb21bdddd8d3c1beab25747d9ae') in 0.029263 seconds 
========================================================================
Received Import Request.
  Time since last request: 0.000031 seconds.
  path: Assets/Graphics/Materials/Clinic.mat
  artifactKey: Guid(8551f4f7602a9b8428365d6fb55fcb13) Importer(2089858483,0ecaa5967403d082aa24f35e1b516d23)
Start importing Assets/Graphics/Materials/Clinic.mat using Guid(8551f4f7602a9b8428365d6fb55fcb13) Importer(2089858483,0ecaa5967403d082aa24f35e1b516d23) Generated GUIDs only implemented for interfaces!
 -> (artifact id: '4156996ab0d3c970d28d3a0df0667482') in 0.036495 seconds 
========================================================================
Received Import Request.
  Time since last request: 0.000029 seconds.
  path: Assets/Prefabs/Structures/Police.prefab
  artifactKey: Guid(497c738bb15901549988317ffc40641e) Importer(2089858483,0ecaa5967403d082aa24f35e1b516d23)
Start importing Assets/Prefabs/Structures/Police.prefab using Guid(497c738bb15901549988317ffc40641e) Importer(2089858483,0ecaa5967403d082aa24f35e1b516d23) Generated GUIDs only implemented for interfaces!
 -> (artifact id: '3313ac85a9a06a1be8ea332cc23d62ac') in 0.018685 seconds 
========================================================================
Received Import Request.
  Time since last request: 0.000037 seconds.
  path: Assets/Graphics/Materials/Park.mat
  artifactKey: Guid(d6cc800a4c6dbfc458de47ff4ff85fb6) Importer(2089858483,0ecaa5967403d082aa24f35e1b516d23)
Start importing Assets/Graphics/Materials/Park.mat using Guid(d6cc800a4c6dbfc458de47ff4ff85fb6) Importer(2089858483,0ecaa5967403d082aa24f35e1b516d23) Generated GUIDs only implemented for interfaces!
 -> (artifact id: '72e78d20b46830965a644468399a6f04') in 0.015600 seconds 
========================================================================
Received Import Request.
  Time since last request: 0.000022 seconds.
  path: Assets/Graphics/Sprites/deceiver.png
  artifactKey: Guid(ca9ad56ef26bab341b1632b9d96fe0c2) Importer(2089858483,0ecaa5967403d082aa24f35e1b516d23)
Start importing Assets/Graphics/Sprites/deceiver.png using Guid(ca9ad56ef26bab341b1632b9d96fe0c2) Importer(2089858483,0ecaa5967403d082aa24f35e1b516d23) Generated GUIDs only implemented for interfaces!
 -> (artifact id: 'c566c347ac65b688e8c558d114d00321') in 0.037045 seconds 
========================================================================
Received Import Request.
  Time since last request: 0.000023 seconds.
  path: Assets/Scriptable Objects/Elder Gods/Cthulhu.asset
  artifactKey: Guid(b6369c8cc04b2f24eb1bae1910318a1c) Importer(2089858483,0ecaa5967403d082aa24f35e1b516d23)
Start importing Assets/Scriptable Objects/Elder Gods/Cthulhu.asset using Guid(b6369c8cc04b2f24eb1bae1910318a1c) Importer(2089858483,0ecaa5967403d082aa24f35e1b516d23) Generated GUIDs only implemented for interfaces!
 -> (artifact id: '00317a0a9201af1a77bcc47617405042') in 0.013558 seconds 
========================================================================
Received Import Request.
  Time since last request: 0.000023 seconds.
  path: Assets/Prefabs/Structures/Clinic.prefab
  artifactKey: Guid(fe85c2cae46324f4c86dd1b1bd0ef097) Importer(2089858483,0ecaa5967403d082aa24f35e1b516d23)
Start importing Assets/Prefabs/Structures/Clinic.prefab using Guid(fe85c2cae46324f4c86dd1b1bd0ef097) Importer(2089858483,0ecaa5967403d082aa24f35e1b516d23) Generated GUIDs only implemented for interfaces!
 -> (artifact id: 'cba1e1b1505510795b5000963b8f7d20') in 0.015990 seconds 
========================================================================
Received Import Request.
  Time since last request: 0.000028 seconds.
  path: Assets/Graphics/Sprites/Profile 5.png
  artifactKey: Guid(630ac473967e24b47a9e65b3d652bf69) Importer(2089858483,0ecaa5967403d082aa24f35e1b516d23)
Start importing Assets/Graphics/Sprites/Profile 5.png using Guid(630ac473967e24b47a9e65b3d652bf69) Importer(2089858483,0ecaa5967403d082aa24f35e1b516d23) Generated GUIDs only implemented for interfaces!
 -> (artifact id: 'd8568e67ae127c3e02c15b7eb02e9fee') in 0.030275 seconds 
========================================================================
Received Import Request.
  Time since last request: 0.000029 seconds.
  path: Assets/Graphics/Materials/BAsic 8.mat
  artifactKey: Guid(e54a7aedd75730342ab0caa5e36756e6) Importer(2089858483,0ecaa5967403d082aa24f35e1b516d23)
Start importing Assets/Graphics/Materials/BAsic 8.mat using Guid(e54a7aedd75730342ab0caa5e36756e6) Importer(2089858483,0ecaa5967403d082aa24f35e1b516d23) Generated GUIDs only implemented for interfaces!
 -> (artifact id: 'a883def1ef05dafc722b5f348e074a16') in 0.021044 seconds 
========================================================================
Received Import Request.
  Time since last request: 0.000023 seconds.
  path: Assets/Graphics/Sprites/borderbar.png
  artifactKey: Guid(ec5eab733b690d6468662cc570bfa9e9) Importer(2089858483,0ecaa5967403d082aa24f35e1b516d23)
Start importing Assets/Graphics/Sprites/borderbar.png using Guid(ec5eab733b690d6468662cc570bfa9e9) Importer(2089858483,0ecaa5967403d082aa24f35e1b516d23) Generated GUIDs only implemented for interfaces!
 -> (artifact id: '4d8f13541696ad4259e805309af524d4') in 0.027730 seconds 
========================================================================
Received Import Request.
  Time since last request: 0.000030 seconds.
  path: Assets/Graphics/Sprites/fog.png
  artifactKey: Guid(194397f386b884944af7625dac0c3391) Importer(2089858483,0ecaa5967403d082aa24f35e1b516d23)
Start importing Assets/Graphics/Sprites/fog.png using Guid(194397f386b884944af7625dac0c3391) Importer(2089858483,0ecaa5967403d082aa24f35e1b516d23) Generated GUIDs only implemented for interfaces!
 -> (artifact id: '5613587d68396be001191f7aae2960b8') in 0.036898 seconds 
========================================================================
Received Import Request.
  Time since last request: 0.000037 seconds.
  path: Assets/Scriptable Objects/Building Types/Park.asset
  artifactKey: Guid(e97a2d73f9b2ab34caf544a540abef96) Importer(2089858483,0ecaa5967403d082aa24f35e1b516d23)
Start importing Assets/Scriptable Objects/Building Types/Park.asset using Guid(e97a2d73f9b2ab34caf544a540abef96) Importer(2089858483,0ecaa5967403d082aa24f35e1b516d23) Generated GUIDs only implemented for interfaces!
 -> (artifact id: 'd2bd2ba8a7f3ba1c97e3de7a0cb47957') in 0.014439 seconds 
========================================================================
Received Import Request.
  Time since last request: 0.000027 seconds.
  path: Assets/Prefabs/Character.prefab
  artifactKey: Guid(efddea1cbe1124a4f8d1216a3ab0ccb3) Importer(2089858483,0ecaa5967403d082aa24f35e1b516d23)
Start importing Assets/Prefabs/Character.prefab using Guid(efddea1cbe1124a4f8d1216a3ab0ccb3) Importer(2089858483,0ecaa5967403d082aa24f35e1b516d23) Generated GUIDs only implemented for interfaces!
 -> (artifact id: '680222179901ac8a72a382377c3b5a33') in 0.022386 seconds 
========================================================================
Received Import Request.
  Time since last request: 0.000025 seconds.
  path: Assets/Graphics/Materials/Abandonned.mat
  artifactKey: Guid(ad85865de3d398d42a3073d4a96d6163) Importer(2089858483,0ecaa5967403d082aa24f35e1b516d23)
Start importing Assets/Graphics/Materials/Abandonned.mat using Guid(ad85865de3d398d42a3073d4a96d6163) Importer(2089858483,0ecaa5967403d082aa24f35e1b516d23) Generated GUIDs only implemented for interfaces!
 -> (artifact id: 'b078374d7edd2c51eacb6cb9c2b9bfec') in 0.016460 seconds 
========================================================================
Received Import Request.
  Time since last request: 0.000029 seconds.
  path: Assets/Prefabs/Structures/App.prefab
  artifactKey: Guid(f522a460493d3304b904052ae3713b5f) Importer(2089858483,0ecaa5967403d082aa24f35e1b516d23)
Start importing Assets/Prefabs/Structures/App.prefab using Guid(f522a460493d3304b904052ae3713b5f) Importer(2089858483,0ecaa5967403d082aa24f35e1b516d23) Generated GUIDs only implemented for interfaces!
 -> (artifact id: '9076046a8a1e45420292b860554ab2d3') in 0.020027 seconds 
========================================================================
Received Import Request.
  Time since last request: 0.000031 seconds.
  path: Assets/Graphics/Materials/Road.mat
  artifactKey: Guid(4777fe222396c8448b6be9e5bd9443f5) Importer(2089858483,0ecaa5967403d082aa24f35e1b516d23)
Start importing Assets/Graphics/Materials/Road.mat using Guid(4777fe222396c8448b6be9e5bd9443f5) Importer(2089858483,0ecaa5967403d082aa24f35e1b516d23) Generated GUIDs only implemented for interfaces!
 -> (artifact id: '89aca92b97670e12ba6b63714f15fd8b') in 0.016239 seconds 
========================================================================
Received Import Request.
  Time since last request: 0.000032 seconds.
  path: Assets/AddressableAssetsData/AssetGroupTemplates/Packed Assets.asset
  artifactKey: Guid(a54e5bf963730eb42a83a579b1946dd5) Importer(2089858483,0ecaa5967403d082aa24f35e1b516d23)
Start importing Assets/AddressableAssetsData/AssetGroupTemplates/Packed Assets.asset using Guid(a54e5bf963730eb42a83a579b1946dd5) Importer(2089858483,0ecaa5967403d082aa24f35e1b516d23) Generated GUIDs only implemented for interfaces!
 -> (artifact id: 'c2798e8e91cb691f1d53b71a8f577344') in 0.013167 seconds 
========================================================================
Received Import Request.
  Time since last request: 0.000037 seconds.
  path: Assets/Scripts/StatusHandlerUI.cs
  artifactKey: Guid(cca0b1067242a494caab09e94211707d) Importer(2089858483,0ecaa5967403d082aa24f35e1b516d23)
Start importing Assets/Scripts/StatusHandlerUI.cs using Guid(cca0b1067242a494caab09e94211707d) Importer(2089858483,0ecaa5967403d082aa24f35e1b516d23) Generated GUIDs only implemented for interfaces!
 -> (artifact id: 'f088d915d7f66b6388e24d554e7511fd') in 0.040772 seconds 
========================================================================
Received Import Request.
  Time since last request: 0.000039 seconds.
  path: Assets/Graphics/Sprites/leisure.png
  artifactKey: Guid(5b7da75a0d61b9f4393e7ea12d277a25) Importer(2089858483,0ecaa5967403d082aa24f35e1b516d23)
Start importing Assets/Graphics/Sprites/leisure.png using Guid(5b7da75a0d61b9f4393e7ea12d277a25) Importer(2089858483,0ecaa5967403d082aa24f35e1b516d23) Generated GUIDs only implemented for interfaces!
 -> (artifact id: '177c5963de454028955dbcf2ac2ee726') in 0.028814 seconds 
========================================================================
Received Import Request.
  Time since last request: 0.000028 seconds.
  path: Assets/Prefabs/Structures/Park.prefab
  artifactKey: Guid(55a093500ca2e2d4fa3a2d2119dfa3de) Importer(2089858483,0ecaa5967403d082aa24f35e1b516d23)
Start importing Assets/Prefabs/Structures/Park.prefab using Guid(55a093500ca2e2d4fa3a2d2119dfa3de) Importer(2089858483,0ecaa5967403d082aa24f35e1b516d23) Generated GUIDs only implemented for interfaces!
 -> (artifact id: '1d695af1e57c3706956595da80b2f7a5') in 0.014289 seconds 
========================================================================
Received Import Request.
  Time since last request: 0.000034 seconds.
  path: Assets/AddressableAssetsData/DataBuilders/BuildScriptFastMode.asset
  artifactKey: Guid(2c5c736c346edd94f9ffba31842e0581) Importer(2089858483,0ecaa5967403d082aa24f35e1b516d23)
Start importing Assets/AddressableAssetsData/DataBuilders/BuildScriptFastMode.asset using Guid(2c5c736c346edd94f9ffba31842e0581) Importer(2089858483,0ecaa5967403d082aa24f35e1b516d23) Generated GUIDs only implemented for interfaces!
 -> (artifact id: 'ababafe681ec5c782984b7fc271d3b5e') in 0.015265 seconds 
========================================================================
Received Import Request.
  Time since last request: 0.000027 seconds.
  path: Assets/Scripts/MenuManager.cs
  artifactKey: Guid(b18f6ff5683c98f43bd83e347358396c) Importer(2089858483,0ecaa5967403d082aa24f35e1b516d23)
Start importing Assets/Scripts/MenuManager.cs using Guid(b18f6ff5683c98f43bd83e347358396c) Importer(2089858483,0ecaa5967403d082aa24f35e1b516d23) Generated GUIDs only implemented for interfaces!
 -> (artifact id: '996dbfe82a74bd4d430daff7297d7c35') in 0.014124 seconds 
========================================================================
Received Import Request.
  Time since last request: 0.000025 seconds.
  path: Assets/Scriptable Objects/Statuses/Taking Over.asset
  artifactKey: Guid(3e4464af661c3644194421dbb4626543) Importer(2089858483,0ecaa5967403d082aa24f35e1b516d23)
Start importing Assets/Scriptable Objects/Statuses/Taking Over.asset using Guid(3e4464af661c3644194421dbb4626543) Importer(2089858483,0ecaa5967403d082aa24f35e1b516d23) Generated GUIDs only implemented for interfaces!
 -> (artifact id: '7629edab3b915f57fd22e0967db80517') in 0.014917 seconds 
========================================================================
Received Import Request.
  Time since last request: 0.000039 seconds.
  path: Assets/Scriptable Objects/Jobs/Worker.asset
  artifactKey: Guid(17b8e6d9187e44a42b7973c1bee4b1a4) Importer(2089858483,0ecaa5967403d082aa24f35e1b516d23)
Start importing Assets/Scriptable Objects/Jobs/Worker.asset using Guid(17b8e6d9187e44a42b7973c1bee4b1a4) Importer(2089858483,0ecaa5967403d082aa24f35e1b516d23) Generated GUIDs only implemented for interfaces!
 -> (artifact id: 'a6c35e0acb4732b32be0dfdd25fa1f38') in 0.014370 seconds 
========================================================================
Received Import Request.
  Time since last request: 0.000027 seconds.
  path: Assets/TextMesh Pro/Shaders/TMPro.cginc
  artifactKey: Guid(407bc68d299748449bbf7f48ee690f8d) Importer(2089858483,0ecaa5967403d082aa24f35e1b516d23)
Start importing Assets/TextMesh Pro/Shaders/TMPro.cginc using Guid(407bc68d299748449bbf7f48ee690f8d) Importer(2089858483,0ecaa5967403d082aa24f35e1b516d23) Generated GUIDs only implemented for interfaces!
 -> (artifact id: '1e3130c183fd4aa8f39d61ba31e73c3e') in 0.023647 seconds 
========================================================================
Received Import Request.
  Time since last request: 0.000045 seconds.
  path: Assets/Scriptable Objects/Jobs/Prisoner.asset
  artifactKey: Guid(1413f22aaa33c4f45a15ac8086032741) Importer(2089858483,0ecaa5967403d082aa24f35e1b516d23)
Start importing Assets/Scriptable Objects/Jobs/Prisoner.asset using Guid(1413f22aaa33c4f45a15ac8086032741) Importer(2089858483,0ecaa5967403d082aa24f35e1b516d23) Generated GUIDs only implemented for interfaces!
 -> (artifact id: 'fa34f81f1295d9a978bd4d4a38431f33') in 0.015155 seconds 
========================================================================
Received Import Request.
  Time since last request: 0.000025 seconds.
  path: Assets/TextMesh Pro/Shaders/TMP_Bitmap-Custom-Atlas.shader
  artifactKey: Guid(48bb5f55d8670e349b6e614913f9d910) Importer(2089858483,0ecaa5967403d082aa24f35e1b516d23)
Start importing Assets/TextMesh Pro/Shaders/TMP_Bitmap-Custom-Atlas.shader using Guid(48bb5f55d8670e349b6e614913f9d910) Importer(2089858483,0ecaa5967403d082aa24f35e1b516d23) Generated GUIDs only implemented for interfaces!
 -> (artifact id: 'c4a04c7b538a348cd1df6d82f0fa9c43') in 0.024292 seconds 
========================================================================
Received Import Request.
  Time since last request: 0.000032 seconds.
  path: Assets/Scriptable Objects/Statuses/Strength.asset
  artifactKey: Guid(60de277426b810140b027781d1fc86fa) Importer(2089858483,0ecaa5967403d082aa24f35e1b516d23)
Start importing Assets/Scriptable Objects/Statuses/Strength.asset using Guid(60de277426b810140b027781d1fc86fa) Importer(2089858483,0ecaa5967403d082aa24f35e1b516d23) Generated GUIDs only implemented for interfaces!
 -> (artifact id: '9e3e53af07718ed8a4d6ef95b0519446') in 0.015489 seconds 
========================================================================
Received Import Request.
  Time since last request: 0.000033 seconds.
  path: Assets/TextMesh Pro/Documentation/TextMesh Pro User Guide 2016.pdf
  artifactKey: Guid(1b8d251f9af63b746bf2f7ffe00ebb9b) Importer(2089858483,0ecaa5967403d082aa24f35e1b516d23)
Start importing Assets/TextMesh Pro/Documentation/TextMesh Pro User Guide 2016.pdf using Guid(1b8d251f9af63b746bf2f7ffe00ebb9b) Importer(2089858483,0ecaa5967403d082aa24f35e1b516d23) Generated GUIDs only implemented for interfaces!
 -> (artifact id: '48eab77f35b00f63b75ea8e023581362') in 0.016317 seconds 
========================================================================
Received Import Request.
  Time since last request: 0.000053 seconds.
  path: Assets/Graphics/Sprites/devourer.png
  artifactKey: Guid(6f01ee107183f45438f3c60edd756f17) Importer(2089858483,0ecaa5967403d082aa24f35e1b516d23)
Start importing Assets/Graphics/Sprites/devourer.png using Guid(6f01ee107183f45438f3c60edd756f17) Importer(2089858483,0ecaa5967403d082aa24f35e1b516d23) Generated GUIDs only implemented for interfaces!
 -> (artifact id: '0e2f085b6bcede0610e3c5c708458a85') in 0.036950 seconds 
========================================================================
Received Import Request.
  Time since last request: 0.000028 seconds.
  path: Assets/Prefabs/Card.prefab
  artifactKey: Guid(8fac7b89b78a8d443b160eccfa564c96) Importer(2089858483,0ecaa5967403d082aa24f35e1b516d23)
Start importing Assets/Prefabs/Card.prefab using Guid(8fac7b89b78a8d443b160eccfa564c96) Importer(2089858483,0ecaa5967403d082aa24f35e1b516d23) Generated GUIDs only implemented for interfaces!
 -> (artifact id: '6803d3bc2cf2fe81103a07d4a2668c4f') in 0.160569 seconds 
========================================================================
Received Import Request.
  Time since last request: 0.000029 seconds.
  path: Assets/Prefabs/UI/Arrow.prefab
  artifactKey: Guid(98e90f825efa0734f818bd50b52f9c9f) Importer(2089858483,0ecaa5967403d082aa24f35e1b516d23)
Start importing Assets/Prefabs/UI/Arrow.prefab using Guid(98e90f825efa0734f818bd50b52f9c9f) Importer(2089858483,0ecaa5967403d082aa24f35e1b516d23) Generated GUIDs only implemented for interfaces!
 -> (artifact id: '8975b02f9e0241ba62b4923c21a34977') in 0.018660 seconds 
========================================================================
Received Import Request.
  Time since last request: 0.000033 seconds.
  path: Assets/Graphics/Fonts/Ravenscroft.ttf
  artifactKey: Guid(4ffad84e6ace4674fa06a469d8505108) Importer(2089858483,0ecaa5967403d082aa24f35e1b516d23)
Start importing Assets/Graphics/Fonts/Ravenscroft.ttf using Guid(4ffad84e6ace4674fa06a469d8505108) Importer(2089858483,0ecaa5967403d082aa24f35e1b516d23) Generated GUIDs only implemented for interfaces!
 -> (artifact id: '317df184b2898fe7f18c464ae1025288') in 0.031329 seconds 
========================================================================
Received Import Request.
  Time since last request: 0.000024 seconds.
  path: Assets/Graphics/Sprites/nurse.png
  artifactKey: Guid(9fe7973fae824604383e124d1279e132) Importer(2089858483,0ecaa5967403d082aa24f35e1b516d23)
Start importing Assets/Graphics/Sprites/nurse.png using Guid(9fe7973fae824604383e124d1279e132) Importer(2089858483,0ecaa5967403d082aa24f35e1b516d23) Generated GUIDs only implemented for interfaces!
 -> (artifact id: 'ff69971446499f1e6b7b88787b779f1c') in 0.025361 seconds 
========================================================================
Received Import Request.
  Time since last request: 0.000022 seconds.
  path: Assets/Prefabs/UI/ArrowHead.prefab
  artifactKey: Guid(75aea8c3c3de9424f98996e0b18a275b) Importer(2089858483,0ecaa5967403d082aa24f35e1b516d23)
Start importing Assets/Prefabs/UI/ArrowHead.prefab using Guid(75aea8c3c3de9424f98996e0b18a275b) Importer(2089858483,0ecaa5967403d082aa24f35e1b516d23) Generated GUIDs only implemented for interfaces!
 -> (artifact id: '0a86b81cab3168cfa122b04c97086e21') in 0.023394 seconds 
========================================================================
Received Import Request.
  Time since last request: 0.000018 seconds.
  path: Assets/TextMesh Pro/Sprites/EmojiOne.json
  artifactKey: Guid(8f05276190cf498a8153f6cbe761d4e6) Importer(2089858483,0ecaa5967403d082aa24f35e1b516d23)
Start importing Assets/TextMesh Pro/Sprites/EmojiOne.json using Guid(8f05276190cf498a8153f6cbe761d4e6) Importer(2089858483,0ecaa5967403d082aa24f35e1b516d23) Generated GUIDs only implemented for interfaces!
 -> (artifact id: 'ef4c550c06f6aabf7009b3296053da34') in 0.029516 seconds 
========================================================================
Received Import Request.
  Time since last request: 0.000027 seconds.
  path: Assets/Graphics/Nebula Skyboxes/Materials/Nebula_01_Cubemap.mat
  artifactKey: Guid(4b4128c1f062e0048aca861e458791e9) Importer(2089858483,0ecaa5967403d082aa24f35e1b516d23)
Start importing Assets/Graphics/Nebula Skyboxes/Materials/Nebula_01_Cubemap.mat using Guid(4b4128c1f062e0048aca861e458791e9) Importer(2089858483,0ecaa5967403d082aa24f35e1b516d23) Generated GUIDs only implemented for interfaces!
 -> (artifact id: 'ac7f46be13d91deaf7b78e7356e4a44e') in 0.048776 seconds 
========================================================================
Received Import Request.
  Time since last request: 0.000031 seconds.
  path: Assets/Graphics/Nebula Skyboxes/Materials/Nebula_03_Cubemap.mat
  artifactKey: Guid(d9d0a40def91b004596998600125a39e) Importer(2089858483,0ecaa5967403d082aa24f35e1b516d23)
Start importing Assets/Graphics/Nebula Skyboxes/Materials/Nebula_03_Cubemap.mat using Guid(d9d0a40def91b004596998600125a39e) Importer(2089858483,0ecaa5967403d082aa24f35e1b516d23) Generated GUIDs only implemented for interfaces!
 -> (artifact id: '195d13ae636dbda3ba80519225c9184c') in 0.100256 seconds 
========================================================================
Received Import Request.
  Time since last request: 0.000042 seconds.
  path: Assets/AddressableAssetsData/AssetGroups/Schemas/Built In Data_PlayerDataGroupSchema.asset
  artifactKey: Guid(f37dba544157a8840b55184055e87bdb) Importer(2089858483,0ecaa5967403d082aa24f35e1b516d23)
Start importing Assets/AddressableAssetsData/AssetGroups/Schemas/Built In Data_PlayerDataGroupSchema.asset using Guid(f37dba544157a8840b55184055e87bdb) Importer(2089858483,0ecaa5967403d082aa24f35e1b516d23) Generated GUIDs only implemented for interfaces!
 -> (artifact id: '8fa2b02176302a6c146a29f6cb8a1600') in 0.014917 seconds 
========================================================================
Received Import Request.
  Time since last request: 0.000049 seconds.
  path: Assets/Graphics/Sprites/Card Art/change clothes.png
  artifactKey: Guid(9c0dbb0511168e6489732db38e46e56d) Importer(2089858483,0ecaa5967403d082aa24f35e1b516d23)
Start importing Assets/Graphics/Sprites/Card Art/change clothes.png using Guid(9c0dbb0511168e6489732db38e46e56d) Importer(2089858483,0ecaa5967403d082aa24f35e1b516d23) Generated GUIDs only implemented for interfaces!
 -> (artifact id: '1e92d1593c4ff949e4fb6ff9c810f30c') in 0.034724 seconds 
========================================================================
Received Import Request.
  Time since last request: 0.000031 seconds.
  path: Assets/TextMesh Pro/Shaders/TMP_Sprite.shader
  artifactKey: Guid(cf81c85f95fe47e1a27f6ae460cf182c) Importer(2089858483,0ecaa5967403d082aa24f35e1b516d23)
Start importing Assets/TextMesh Pro/Shaders/TMP_Sprite.shader using Guid(cf81c85f95fe47e1a27f6ae460cf182c) Importer(2089858483,0ecaa5967403d082aa24f35e1b516d23) Generated GUIDs only implemented for interfaces!
 -> (artifact id: '706981ce642a4384feddf3f61a864439') in 0.018018 seconds 
========================================================================
Received Import Request.
  Time since last request: 0.000029 seconds.
  path: Assets/TextMesh Pro/Shaders/TMP_SDF-Mobile Masking.shader
  artifactKey: Guid(bc1ede39bf3643ee8e493720e4259791) Importer(2089858483,0ecaa5967403d082aa24f35e1b516d23)
Start importing Assets/TextMesh Pro/Shaders/TMP_SDF-Mobile Masking.shader using Guid(bc1ede39bf3643ee8e493720e4259791) Importer(2089858483,0ecaa5967403d082aa24f35e1b516d23) Generated GUIDs only implemented for interfaces!
 -> (artifact id: 'c7a51ff534a48cbd47f8b429af7771c5') in 0.023467 seconds 
========================================================================
Received Import Request.
  Time since last request: 0.000028 seconds.
  path: Assets/TextMesh Pro/Shaders/TMP_SDF Overlay.shader
  artifactKey: Guid(dd89cf5b9246416f84610a006f916af7) Importer(2089858483,0ecaa5967403d082aa24f35e1b516d23)
Start importing Assets/TextMesh Pro/Shaders/TMP_SDF Overlay.shader using Guid(dd89cf5b9246416f84610a006f916af7) Importer(2089858483,0ecaa5967403d082aa24f35e1b516d23) Generated GUIDs only implemented for interfaces!
 -> (artifact id: 'd511f2d1fe48d5ac47d730866535cfc7') in 0.020565 seconds 
========================================================================
Received Import Request.
  Time since last request: 0.000027 seconds.
  path: Assets/Graphics/Sprites/Card.png
  artifactKey: Guid(3a25c3cb8876a9a4eb17fdfc18047918) Importer(2089858483,0ecaa5967403d082aa24f35e1b516d23)
Start importing Assets/Graphics/Sprites/Card.png using Guid(3a25c3cb8876a9a4eb17fdfc18047918) Importer(2089858483,0ecaa5967403d082aa24f35e1b516d23) Generated GUIDs only implemented for interfaces!
 -> (artifact id: '29aeecc88929ce6c097aa34f84b18099') in 0.025516 seconds 
========================================================================
Received Import Request.
  Time since last request: 0.000029 seconds.
  path: Assets/Scriptable Objects/Jobs/Student.asset
  artifactKey: Guid(ba41fc8043ec68f42b1d1500d78fed10) Importer(2089858483,0ecaa5967403d082aa24f35e1b516d23)
Start importing Assets/Scriptable Objects/Jobs/Student.asset using Guid(ba41fc8043ec68f42b1d1500d78fed10) Importer(2089858483,0ecaa5967403d082aa24f35e1b516d23) Generated GUIDs only implemented for interfaces!
 -> (artifact id: 'c61791ba9f93f4e23a26aeec0b12f1e4') in 0.013331 seconds 
========================================================================
Received Import Request.
  Time since last request: 0.000025 seconds.
  path: Assets/Graphics/Sprites/Profile 1.png
  artifactKey: Guid(a761375ec6e85fd4287ff51273a7ecd4) Importer(2089858483,0ecaa5967403d082aa24f35e1b516d23)
Start importing Assets/Graphics/Sprites/Profile 1.png using Guid(a761375ec6e85fd4287ff51273a7ecd4) Importer(2089858483,0ecaa5967403d082aa24f35e1b516d23) Generated GUIDs only implemented for interfaces!
 -> (artifact id: '8d7373c464949e55216681cebaaf14a9') in 0.028046 seconds 
========================================================================
Received Import Request.
  Time since last request: 0.000030 seconds.
  path: Assets/TextMesh Pro/Shaders/TMP_SDF-Mobile SSD.shader
  artifactKey: Guid(c8d12adcee749c344b8117cf7c7eb912) Importer(2089858483,0ecaa5967403d082aa24f35e1b516d23)
Start importing Assets/TextMesh Pro/Shaders/TMP_SDF-Mobile SSD.shader using Guid(c8d12adcee749c344b8117cf7c7eb912) Importer(2089858483,0ecaa5967403d082aa24f35e1b516d23) Generated GUIDs only implemented for interfaces!
 -> (artifact id: '31343c0e17b5979b49c952651e7dd2f7') in 0.019540 seconds 
========================================================================
Received Import Request.
  Time since last request: 0.000038 seconds.
  path: Assets/TextMesh Pro/Resources/TMP Settings.asset
  artifactKey: Guid(3f5b5dff67a942289a9defa416b206f3) Importer(2089858483,0ecaa5967403d082aa24f35e1b516d23)
Start importing Assets/TextMesh Pro/Resources/TMP Settings.asset using Guid(3f5b5dff67a942289a9defa416b206f3) Importer(2089858483,0ecaa5967403d082aa24f35e1b516d23) Generated GUIDs only implemented for interfaces!
 -> (artifact id: '5ac10f57ce1f681974ed848b9c5368b0') in 0.049381 seconds 
========================================================================
Received Import Request.
  Time since last request: 0.000023 seconds.
  path: Assets/Scriptable Objects/Cards/Deceiver/Fake Memory.asset
  artifactKey: Guid(8eac93f0bf5b1ea498f30ffcb09e6e9e) Importer(2089858483,0ecaa5967403d082aa24f35e1b516d23)
Start importing Assets/Scriptable Objects/Cards/Deceiver/Fake Memory.asset using Guid(8eac93f0bf5b1ea498f30ffcb09e6e9e) Importer(2089858483,0ecaa5967403d082aa24f35e1b516d23) Generated GUIDs only implemented for interfaces!
 -> (artifact id: 'f15d9d3dde7f3fce9ee00ee95988d8c7') in 0.014107 seconds 
========================================================================
Received Import Request.
  Time since last request: 0.000022 seconds.
  path: Assets/Graphics/Sprites/Card Art/zchoing idea.png
  artifactKey: Guid(9bdb011d2f17d9f4bb4672960e76900e) Importer(2089858483,0ecaa5967403d082aa24f35e1b516d23)
Start importing Assets/Graphics/Sprites/Card Art/zchoing idea.png using Guid(9bdb011d2f17d9f4bb4672960e76900e) Importer(2089858483,0ecaa5967403d082aa24f35e1b516d23) Generated GUIDs only implemented for interfaces!
 -> (artifact id: '5764c82e3ea7db3a0b6c827dcee32faf') in 0.043692 seconds 
========================================================================
Received Import Request.
  Time since last request: 0.000034 seconds.
  path: Assets/Graphics/Sprites/Card Art/Urge.png
  artifactKey: Guid(c105e322348fe6145899b6f74a6c34f6) Importer(2089858483,0ecaa5967403d082aa24f35e1b516d23)
Start importing Assets/Graphics/Sprites/Card Art/Urge.png using Guid(c105e322348fe6145899b6f74a6c34f6) Importer(2089858483,0ecaa5967403d082aa24f35e1b516d23) Generated GUIDs only implemented for interfaces!
 -> (artifact id: 'f36de5c8e7d42ad24032dece44af73e5') in 0.040135 seconds 
========================================================================
Received Import Request.
  Time since last request: 0.000028 seconds.
  path: Assets/Graphics/Sprites/Card Art/sleep.png
  artifactKey: Guid(0f48f73c81df304469d7b1376d75b957) Importer(2089858483,0ecaa5967403d082aa24f35e1b516d23)
Start importing Assets/Graphics/Sprites/Card Art/sleep.png using Guid(0f48f73c81df304469d7b1376d75b957) Importer(2089858483,0ecaa5967403d082aa24f35e1b516d23) Generated GUIDs only implemented for interfaces!
 -> (artifact id: 'b44a2d7c13d5ed1c7224bf711f531a86') in 0.040539 seconds 
========================================================================
Received Import Request.
  Time since last request: 0.000030 seconds.
  path: Assets/Graphics/Sprites/Card Art/Stimulant.png
  artifactKey: Guid(b72d42ce26c13974dbe6b715670ba7af) Importer(2089858483,0ecaa5967403d082aa24f35e1b516d23)
Start importing Assets/Graphics/Sprites/Card Art/Stimulant.png using Guid(b72d42ce26c13974dbe6b715670ba7af) Importer(2089858483,0ecaa5967403d082aa24f35e1b516d23) Generated GUIDs only implemented for interfaces!
 -> (artifact id: '6b2fe8539578c16d50f4d1acf80ecf0e') in 0.045710 seconds 
========================================================================
Received Import Request.
  Time since last request: 0.000035 seconds.
  path: Assets/Graphics/Sprites/Card Art/trap building.png
  artifactKey: Guid(6bbac66fe905fee40ab2d05ae92e84bc) Importer(2089858483,0ecaa5967403d082aa24f35e1b516d23)
Start importing Assets/Graphics/Sprites/Card Art/trap building.png using Guid(6bbac66fe905fee40ab2d05ae92e84bc) Importer(2089858483,0ecaa5967403d082aa24f35e1b516d23) Generated GUIDs only implemented for interfaces!
 -> (artifact id: '1f585ab1955f606786e9ab4b5edbc2a0') in 0.040795 seconds 
========================================================================
Received Import Request.
  Time since last request: 0.000032 seconds.
  path: Assets/Graphics/Sprites/Card Art/hidden fleshwarp.png
  artifactKey: Guid(517bbe53f68a48247805720f526faa09) Importer(2089858483,0ecaa5967403d082aa24f35e1b516d23)
Start importing Assets/Graphics/Sprites/Card Art/hidden fleshwarp.png using Guid(517bbe53f68a48247805720f526faa09) Importer(2089858483,0ecaa5967403d082aa24f35e1b516d23) Generated GUIDs only implemented for interfaces!
 -> (artifact id: 'b32d7347d0838c0f9755d4e14f00c540') in 0.041051 seconds 
========================================================================
Received Import Request.
  Time since last request: 0.000027 seconds.
  path: Assets/Scriptable Objects/Building Types/Police Station.asset
  artifactKey: Guid(8edb0a47df731da468940f6f29e96fc4) Importer(2089858483,0ecaa5967403d082aa24f35e1b516d23)
Start importing Assets/Scriptable Objects/Building Types/Police Station.asset using Guid(8edb0a47df731da468940f6f29e96fc4) Importer(2089858483,0ecaa5967403d082aa24f35e1b516d23) Generated GUIDs only implemented for interfaces!
 -> (artifact id: '79599ab97e59ffcbc0bd13e15a992f5b') in 0.014836 seconds 
========================================================================
Received Import Request.
  Time since last request: 0.000031 seconds.
  path: Assets/AddressableAssetsData/DefaultObject.asset
  artifactKey: Guid(691f01278acba0b4292a8587501828a0) Importer(2089858483,0ecaa5967403d082aa24f35e1b516d23)
Start importing Assets/AddressableAssetsData/DefaultObject.asset using Guid(691f01278acba0b4292a8587501828a0) Importer(2089858483,0ecaa5967403d082aa24f35e1b516d23) Generated GUIDs only implemented for interfaces!
 -> (artifact id: 'daab2f15735607e9d854b4ca6e7ea77f') in 0.014316 seconds 
========================================================================
Received Import Request.
  Time since last request: 0.000027 seconds.
  path: Assets/Graphics/Sprites/worker.png
  artifactKey: Guid(efe0c155baf8fcb4699af17584d5b4dc) Importer(2089858483,0ecaa5967403d082aa24f35e1b516d23)
Start importing Assets/Graphics/Sprites/worker.png using Guid(efe0c155baf8fcb4699af17584d5b4dc) Importer(2089858483,0ecaa5967403d082aa24f35e1b516d23) Generated GUIDs only implemented for interfaces!
 -> (artifact id: '0dc3ea4229776fb0901a3b627b8903bc') in 0.033627 seconds 
========================================================================
Received Import Request.
  Time since last request: 0.000030 seconds.
  path: Assets/Prefabs/UI/ArrowNode.prefab
  artifactKey: Guid(f381826bf70a09c42b8fff8469b43687) Importer(2089858483,0ecaa5967403d082aa24f35e1b516d23)
Start importing Assets/Prefabs/UI/ArrowNode.prefab using Guid(f381826bf70a09c42b8fff8469b43687) Importer(2089858483,0ecaa5967403d082aa24f35e1b516d23) Generated GUIDs only implemented for interfaces!
 -> (artifact id: 'dd797cfd45171a3b3427ec86dddacccc') in 0.020243 seconds 
========================================================================
Received Import Request.
  Time since last request: 0.000029 seconds.
  path: Assets/Graphics/Materials/Police Station.mat
  artifactKey: Guid(9b9c09bfd4c5636448a6cc0096518b2f) Importer(2089858483,0ecaa5967403d082aa24f35e1b516d23)
Start importing Assets/Graphics/Materials/Police Station.mat using Guid(9b9c09bfd4c5636448a6cc0096518b2f) Importer(2089858483,0ecaa5967403d082aa24f35e1b516d23) Generated GUIDs only implemented for interfaces!
 -> (artifact id: '02b96e34de5b45c3bbdabee0a381452c') in 0.013550 seconds 
========================================================================
Received Import Request.
  Time since last request: 0.000037 seconds.
  path: Assets/Scriptable Objects/Cards/Generalist/Summon Kin.asset
  artifactKey: Guid(68939ccb344ec5240a19b0acf819159a) Importer(2089858483,0ecaa5967403d082aa24f35e1b516d23)
Start importing Assets/Scriptable Objects/Cards/Generalist/Summon Kin.asset using Guid(68939ccb344ec5240a19b0acf819159a) Importer(2089858483,0ecaa5967403d082aa24f35e1b516d23) Generated GUIDs only implemented for interfaces!
 -> (artifact id: 'a7a3bb16a38eda6984135595218869bc') in 0.019610 seconds 
========================================================================
Received Import Request.
  Time since last request: 0.000034 seconds.
  path: Assets/Scriptable Objects/Cards/Ruthless/Force Will.asset
  artifactKey: Guid(91cb19d3a12e22a4a9094c91f6ac5f12) Importer(2089858483,0ecaa5967403d082aa24f35e1b516d23)
Start importing Assets/Scriptable Objects/Cards/Ruthless/Force Will.asset using Guid(91cb19d3a12e22a4a9094c91f6ac5f12) Importer(2089858483,0ecaa5967403d082aa24f35e1b516d23) Generated GUIDs only implemented for interfaces!
 -> (artifact id: 'ccff35daf27194aa8d69bd3582b6a949') in 0.014975 seconds 
========================================================================
Received Import Request.
  Time since last request: 0.000023 seconds.
  path: Assets/Scriptable Objects/Cards/Taintress/Hidden Fleshwarp.asset
  artifactKey: Guid(4c2f1d552ca0efa4fac483a6064cbb5e) Importer(2089858483,0ecaa5967403d082aa24f35e1b516d23)
Start importing Assets/Scriptable Objects/Cards/Taintress/Hidden Fleshwarp.asset using Guid(4c2f1d552ca0efa4fac483a6064cbb5e) Importer(2089858483,0ecaa5967403d082aa24f35e1b516d23) Generated GUIDs only implemented for interfaces!
 -> (artifact id: '1cd3c788499d105535ef13fee771bfd5') in 0.013759 seconds 
========================================================================
Received Import Request.
  Time since last request: 0.000031 seconds.
  path: Assets/Scriptable Objects/Cards/Taintress/Destroy Building.asset
  artifactKey: Guid(55df0055ec230ae4fa6e5b98928d28a1) Importer(2089858483,0ecaa5967403d082aa24f35e1b516d23)
Start importing Assets/Scriptable Objects/Cards/Taintress/Destroy Building.asset using Guid(55df0055ec230ae4fa6e5b98928d28a1) Importer(2089858483,0ecaa5967403d082aa24f35e1b516d23) Generated GUIDs only implemented for interfaces!
 -> (artifact id: 'da02ed3c7047670cfe03cb6c416f6699') in 0.013300 seconds 
========================================================================
Received Import Request.
  Time since last request: 0.000030 seconds.
  path: Assets/Scriptable Objects/Cards/Generalist/Visions.asset
  artifactKey: Guid(5d4aff6811fef3849b9d4f0e18c22a11) Importer(2089858483,0ecaa5967403d082aa24f35e1b516d23)
Start importing Assets/Scriptable Objects/Cards/Generalist/Visions.asset using Guid(5d4aff6811fef3849b9d4f0e18c22a11) Importer(2089858483,0ecaa5967403d082aa24f35e1b516d23) Generated GUIDs only implemented for interfaces!
 -> (artifact id: '67e3949c402e5fa5727a8e26042a5c47') in 0.014856 seconds 
========================================================================
Received Import Request.
  Time since last request: 0.000032 seconds.
  path: Assets/Scriptable Objects/Cards/Ruthless/Urge.asset
  artifactKey: Guid(898f3b5404ebc9a469a17d661840ce10) Importer(2089858483,0ecaa5967403d082aa24f35e1b516d23)
Start importing Assets/Scriptable Objects/Cards/Ruthless/Urge.asset using Guid(898f3b5404ebc9a469a17d661840ce10) Importer(2089858483,0ecaa5967403d082aa24f35e1b516d23) Generated GUIDs only implemented for interfaces!
 -> (artifact id: 'a581a16669a9228f74da536471565e03') in 0.012917 seconds 
========================================================================
Received Import Request.
  Time since last request: 0.000034 seconds.
  path: Assets/TextMesh Pro/Resources/Fonts & Materials/LiberationSans SDF - Outline.mat
  artifactKey: Guid(79459efec17a4d00a321bdcc27bbc385) Importer(2089858483,0ecaa5967403d082aa24f35e1b516d23)
Start importing Assets/TextMesh Pro/Resources/Fonts & Materials/LiberationSans SDF - Outline.mat using Guid(79459efec17a4d00a321bdcc27bbc385) Importer(2089858483,0ecaa5967403d082aa24f35e1b516d23) Generated GUIDs only implemented for interfaces!
 -> (artifact id: 'c450b826ee7930815ea2b3ba68a52d2c') in 0.044442 seconds 
========================================================================
Received Import Request.
  Time since last request: 0.000033 seconds.
  path: Assets/Scriptable Objects/Cards/Deceiver/Whisper.asset
  artifactKey: Guid(a791ef8690d99fb4da5d58cb102712d5) Importer(2089858483,0ecaa5967403d082aa24f35e1b516d23)
Start importing Assets/Scriptable Objects/Cards/Deceiver/Whisper.asset using Guid(a791ef8690d99fb4da5d58cb102712d5) Importer(2089858483,0ecaa5967403d082aa24f35e1b516d23) Generated GUIDs only implemented for interfaces!
 -> (artifact id: '7c8dad3fd599d5f930b198de3b338b2f') in 0.015316 seconds 
========================================================================
Received Import Request.
  Time since last request: 0.000044 seconds.
  path: Assets/Graphics/Materials/Uni.mat
  artifactKey: Guid(bfbc1b4b17e5bb144b41c5354bd67feb) Importer(2089858483,0ecaa5967403d082aa24f35e1b516d23)
Start importing Assets/Graphics/Materials/Uni.mat using Guid(bfbc1b4b17e5bb144b41c5354bd67feb) Importer(2089858483,0ecaa5967403d082aa24f35e1b516d23) Generated GUIDs only implemented for interfaces!
 -> (artifact id: 'a600353993170be7c54211683d55a138') in 0.013314 seconds 
========================================================================
Received Import Request.
  Time since last request: 0.000027 seconds.
  path: Assets/Graphics/Sprites/play.png
  artifactKey: Guid(c4be21e4d5d3e7045a212ad3120d59ba) Importer(2089858483,0ecaa5967403d082aa24f35e1b516d23)
Start importing Assets/Graphics/Sprites/play.png using Guid(c4be21e4d5d3e7045a212ad3120d59ba) Importer(2089858483,0ecaa5967403d082aa24f35e1b516d23) Generated GUIDs only implemented for interfaces!
 -> (artifact id: '9b893784a8895d6fc398dfad0d1fff1c') in 0.029306 seconds 
========================================================================
Received Import Request.
  Time since last request: 0.000025 seconds.
  path: Assets/Scriptable Objects/Statuses/Stigmatized.asset
  artifactKey: Guid(eb92994709c686d4b8edec9b7a7e00c2) Importer(2089858483,0ecaa5967403d082aa24f35e1b516d23)
Start importing Assets/Scriptable Objects/Statuses/Stigmatized.asset using Guid(eb92994709c686d4b8edec9b7a7e00c2) Importer(2089858483,0ecaa5967403d082aa24f35e1b516d23) Generated GUIDs only implemented for interfaces!
 -> (artifact id: 'a41c6cc9a3b7a10aa23afde4045f9c9c') in 0.015035 seconds 
========================================================================
Received Import Request.
  Time since last request: 0.000027 seconds.
  path: Assets/Graphics/Materials/Hospital.mat
  artifactKey: Guid(1b85043ad53c7c343ba1fb883d56e46a) Importer(2089858483,0ecaa5967403d082aa24f35e1b516d23)
Start importing Assets/Graphics/Materials/Hospital.mat using Guid(1b85043ad53c7c343ba1fb883d56e46a) Importer(2089858483,0ecaa5967403d082aa24f35e1b516d23) Generated GUIDs only implemented for interfaces!
 -> (artifact id: '48af6624ed594bb944d2dcdb7d1bfd27') in 0.017543 seconds 
========================================================================
Received Import Request.
  Time since last request: 0.000031 seconds.
  path: Assets/Scriptable Objects/Cards/Sleep.asset
  artifactKey: Guid(61bbb66ca113d5740b85da0196338da9) Importer(2089858483,0ecaa5967403d082aa24f35e1b516d23)
Start importing Assets/Scriptable Objects/Cards/Sleep.asset using Guid(61bbb66ca113d5740b85da0196338da9) Importer(2089858483,0ecaa5967403d082aa24f35e1b516d23) Generated GUIDs only implemented for interfaces!
 -> (artifact id: '5fbb3fa3c926ed314f4b6f66d74be59b') in 0.015624 seconds 
========================================================================
Received Import Request.
  Time since last request: 0.000031 seconds.
  path: Assets/Scripts/CharacterHandler.cs
  artifactKey: Guid(76a40bc2e9e1fe0409c03d6712c08e6b) Importer(2089858483,0ecaa5967403d082aa24f35e1b516d23)
Start importing Assets/Scripts/CharacterHandler.cs using Guid(76a40bc2e9e1fe0409c03d6712c08e6b) Importer(2089858483,0ecaa5967403d082aa24f35e1b516d23) Generated GUIDs only implemented for interfaces!
 -> (artifact id: 'ce680121910c30618b7419dbf2676a56') in 0.018202 seconds 
========================================================================
Received Import Request.
  Time since last request: 0.000026 seconds.
  path: Assets/Graphics/Sprites/Profile 6.png
  artifactKey: Guid(313f5dd57e1f6414e883ecd15e14ca7b) Importer(2089858483,0ecaa5967403d082aa24f35e1b516d23)
Start importing Assets/Graphics/Sprites/Profile 6.png using Guid(313f5dd57e1f6414e883ecd15e14ca7b) Importer(2089858483,0ecaa5967403d082aa24f35e1b516d23) Generated GUIDs only implemented for interfaces!
 -> (artifact id: '3f1b575b7b3a9d0c765e1de19a226ec1') in 0.026619 seconds 
========================================================================
Received Import Request.
  Time since last request: 0.000025 seconds.
  path: Assets/Scriptable Objects/Building Types/Hospital.asset
  artifactKey: Guid(a46b854daa9cbfe40b9be0f6734ef7d6) Importer(2089858483,0ecaa5967403d082aa24f35e1b516d23)
Start importing Assets/Scriptable Objects/Building Types/Hospital.asset using Guid(a46b854daa9cbfe40b9be0f6734ef7d6) Importer(2089858483,0ecaa5967403d082aa24f35e1b516d23) Generated GUIDs only implemented for interfaces!
 -> (artifact id: 'ea2b9403057186dd8fd7338559ef0f07') in 0.014038 seconds 
========================================================================
Received Import Request.
  Time since last request: 0.000027 seconds.
  path: Assets/Graphics/Sprites/Card Art/psucho drug.png
  artifactKey: Guid(3ef3bbb3a2357094b9a8e7e026627d39) Importer(2089858483,0ecaa5967403d082aa24f35e1b516d23)
Start importing Assets/Graphics/Sprites/Card Art/psucho drug.png using Guid(3ef3bbb3a2357094b9a8e7e026627d39) Importer(2089858483,0ecaa5967403d082aa24f35e1b516d23) Generated GUIDs only implemented for interfaces!
 -> (artifact id: 'cb390ded43e6ae9c10d76a494df57363') in 0.038379 seconds 
========================================================================
Received Import Request.
  Time since last request: 0.000042 seconds.
  path: Assets/Scriptable Objects/Cards/Taintress/Monstrous Building.asset
  artifactKey: Guid(0d90d12bcdedbac4b836f1e2fcc49abe) Importer(2089858483,0ecaa5967403d082aa24f35e1b516d23)
Start importing Assets/Scriptable Objects/Cards/Taintress/Monstrous Building.asset using Guid(0d90d12bcdedbac4b836f1e2fcc49abe) Importer(2089858483,0ecaa5967403d082aa24f35e1b516d23) Generated GUIDs only implemented for interfaces!
 -> (artifact id: 'fdf85b1406e4e04b980392c08defa47a') in 0.017008 seconds 
========================================================================
Received Import Request.
  Time since last request: 0.000032 seconds.
  path: Assets/Scriptable Objects/Cards/Job/Nurse/Mental Drug.asset
  artifactKey: Guid(41882057ca9db0d40a50dc09ce588ca7) Importer(2089858483,0ecaa5967403d082aa24f35e1b516d23)
Start importing Assets/Scriptable Objects/Cards/Job/Nurse/Mental Drug.asset using Guid(41882057ca9db0d40a50dc09ce588ca7) Importer(2089858483,0ecaa5967403d082aa24f35e1b516d23) Generated GUIDs only implemented for interfaces!
 -> (artifact id: 'fe1509c1ee355f0f82ccb3d651fdaaec') in 0.014321 seconds 
========================================================================
Received Import Request.
  Time since last request: 0.000029 seconds.
  path: Assets/Scriptable Objects/Cards/Job/Inspector/Hide Evidence.asset
  artifactKey: Guid(2aca45523507f244eb891756ba5aa0ee) Importer(2089858483,0ecaa5967403d082aa24f35e1b516d23)
Start importing Assets/Scriptable Objects/Cards/Job/Inspector/Hide Evidence.asset using Guid(2aca45523507f244eb891756ba5aa0ee) Importer(2089858483,0ecaa5967403d082aa24f35e1b516d23) Generated GUIDs only implemented for interfaces!
 -> (artifact id: '5fff8129a4b15835356665aae807db90') in 0.013532 seconds 
========================================================================
Received Import Request.
  Time since last request: 0.000030 seconds.
  path: Assets/Scriptable Objects/Cards/Job/Nurse/Create Drug.asset
  artifactKey: Guid(1f759d34685068745b6468a1f991cfd1) Importer(2089858483,0ecaa5967403d082aa24f35e1b516d23)
Start importing Assets/Scriptable Objects/Cards/Job/Nurse/Create Drug.asset using Guid(1f759d34685068745b6468a1f991cfd1) Importer(2089858483,0ecaa5967403d082aa24f35e1b516d23) Generated GUIDs only implemented for interfaces!
 -> (artifact id: '3ac8092e42d712cd6ce4edcafdb44e1d') in 0.013990 seconds 
========================================================================
Received Import Request.
  Time since last request: 0.000026 seconds.
  path: Assets/Scriptable Objects/Cards/Job/Student/Create Party.asset
  artifactKey: Guid(e6377a176274b0842941987908a7a958) Importer(2089858483,0ecaa5967403d082aa24f35e1b516d23)
Start importing Assets/Scriptable Objects/Cards/Job/Student/Create Party.asset using Guid(e6377a176274b0842941987908a7a958) Importer(2089858483,0ecaa5967403d082aa24f35e1b516d23) Generated GUIDs only implemented for interfaces!
 -> (artifact id: 'd6098594aef158128fca380657908f2d') in 0.013649 seconds 
========================================================================
Received Import Request.
  Time since last request: 0.000025 seconds.
  path: Assets/TextMesh Pro/Resources/Fonts & Materials/LiberationSans SDF.asset
  artifactKey: Guid(8f586378b4e144a9851e7b34d9b748ee) Importer(2089858483,0ecaa5967403d082aa24f35e1b516d23)
Start importing Assets/TextMesh Pro/Resources/Fonts & Materials/LiberationSans SDF.asset using Guid(8f586378b4e144a9851e7b34d9b748ee) Importer(2089858483,0ecaa5967403d082aa24f35e1b516d23) Generated GUIDs only implemented for interfaces!
 -> (artifact id: '11d426cb5cde67ff37c34fa0b5f6610c') in 0.063584 seconds 
========================================================================
Received Import Request.
  Time since last request: 0.000024 seconds.
  path: Assets/Graphics/Fonts/Ravenscroft SDF.asset
  artifactKey: Guid(d3ad26fce62ad184bbaa65ba1af0bc1e) Importer(2089858483,0ecaa5967403d082aa24f35e1b516d23)
Start importing Assets/Graphics/Fonts/Ravenscroft SDF.asset using Guid(d3ad26fce62ad184bbaa65ba1af0bc1e) Importer(2089858483,0ecaa5967403d082aa24f35e1b516d23) Generated GUIDs only implemented for interfaces!
 -> (artifact id: '2e36527fb4d08188666924cc6072284c') in 0.102741 seconds 
========================================================================
Received Import Request.
  Time since last request: 0.000031 seconds.
  path: Assets/AddressableAssetsData/AssetGroups/Built In Data.asset
  artifactKey: Guid(cf8a8b8b42e1a134dba7fe6827e7d2a3) Importer(2089858483,0ecaa5967403d082aa24f35e1b516d23)
Start importing Assets/AddressableAssetsData/AssetGroups/Built In Data.asset using Guid(cf8a8b8b42e1a134dba7fe6827e7d2a3) Importer(2089858483,0ecaa5967403d082aa24f35e1b516d23) Generated GUIDs only implemented for interfaces!
 -> (artifact id: '70a11525523f53f169d09739021fb735') in 0.016090 seconds 
========================================================================
Received Import Request.
  Time since last request: 0.000033 seconds.
  path: Assets/Graphics/Nebula Skyboxes/Nebula_01_Cubemap.exr
  artifactKey: Guid(d5ea866618d95f8488785fbb1f3ae860) Importer(2089858483,0ecaa5967403d082aa24f35e1b516d23)
Start importing Assets/Graphics/Nebula Skyboxes/Nebula_01_Cubemap.exr using Guid(d5ea866618d95f8488785fbb1f3ae860) Importer(2089858483,0ecaa5967403d082aa24f35e1b516d23) Generated GUIDs only implemented for interfaces!
 -> (artifact id: '37f15bc782717adf3d11622424c5c87d') in 0.060957 seconds 
========================================================================
Received Import Request.
  Time since last request: 0.000031 seconds.
  path: Assets/Graphics/Sprites/Card Art/mind stab.png
  artifactKey: Guid(d1eb9f3ac936e4a40bd3d961ed160188) Importer(2089858483,0ecaa5967403d082aa24f35e1b516d23)
Start importing Assets/Graphics/Sprites/Card Art/mind stab.png using Guid(d1eb9f3ac936e4a40bd3d961ed160188) Importer(2089858483,0ecaa5967403d082aa24f35e1b516d23) Generated GUIDs only implemented for interfaces!
 -> (artifact id: 'bbd9b072dc6558bb773bed41116a4377') in 0.037993 seconds 
========================================================================
Received Import Request.
  Time since last request: 0.000039 seconds.
  path: Assets/TextMesh Pro/Resources/Sprite Assets/EmojiOne.asset
  artifactKey: Guid(c41005c129ba4d66911b75229fd70b45) Importer(2089858483,0ecaa5967403d082aa24f35e1b516d23)
Start importing Assets/TextMesh Pro/Resources/Sprite Assets/EmojiOne.asset using Guid(c41005c129ba4d66911b75229fd70b45) Importer(2089858483,0ecaa5967403d082aa24f35e1b516d23) Generated GUIDs only implemented for interfaces!
 -> (artifact id: 'f3848f26b6a8add94e7dba3658db4207') in 0.020570 seconds 
========================================================================
Received Import Request.
  Time since last request: 0.000023 seconds.
  path: Assets/Graphics/Sprites/Card Art/hysrteria.png
  artifactKey: Guid(e1424f9cfed1d2d4b81c9aa0f013ab5f) Importer(2089858483,0ecaa5967403d082aa24f35e1b516d23)
Start importing Assets/Graphics/Sprites/Card Art/hysrteria.png using Guid(e1424f9cfed1d2d4b81c9aa0f013ab5f) Importer(2089858483,0ecaa5967403d082aa24f35e1b516d23) Generated GUIDs only implemented for interfaces!
 -> (artifact id: '797b3e4f1b5219608365f220ee149677') in 0.039679 seconds 
========================================================================
Received Import Request.
  Time since last request: 0.000024 seconds.
  path: Assets/Graphics/Sprites/Card Art/create drug.png
  artifactKey: Guid(d9aa3b4daef951040842044c5f528014) Importer(2089858483,0ecaa5967403d082aa24f35e1b516d23)
Start importing Assets/Graphics/Sprites/Card Art/create drug.png using Guid(d9aa3b4daef951040842044c5f528014) Importer(2089858483,0ecaa5967403d082aa24f35e1b516d23) Generated GUIDs only implemented for interfaces!
 -> (artifact id: '12f18c74d21658f262d174d2e22bc84c') in 0.051454 seconds 
========================================================================
Received Import Request.
  Time since last request: 0.000028 seconds.
  path: Assets/Graphics/Sprites/Card Art/Mass hysteria.png
  artifactKey: Guid(fbbedaecd743e6b47af49c516c98f330) Importer(2089858483,0ecaa5967403d082aa24f35e1b516d23)
Start importing Assets/Graphics/Sprites/Card Art/Mass hysteria.png using Guid(fbbedaecd743e6b47af49c516c98f330) Importer(2089858483,0ecaa5967403d082aa24f35e1b516d23) Generated GUIDs only implemented for interfaces!
 -> (artifact id: '675f69ec177f41d9d338589e2e62b75a') in 0.037599 seconds 
========================================================================
Received Import Request.
  Time since last request: 0.000037 seconds.
  path: Assets/Graphics/Sprites/Card Art/party.png
  artifactKey: Guid(cf67588a3be975247bcf5a2f4c2dd1e6) Importer(2089858483,0ecaa5967403d082aa24f35e1b516d23)
Start importing Assets/Graphics/Sprites/Card Art/party.png using Guid(cf67588a3be975247bcf5a2f4c2dd1e6) Importer(2089858483,0ecaa5967403d082aa24f35e1b516d23) Generated GUIDs only implemented for interfaces!
 -> (artifact id: '88d3e2a36ebe8b10b8aef978e7d5bc67') in 0.041779 seconds 
========================================================================
Received Import Request.
  Time since last request: 0.000024 seconds.
  path: Assets/Graphics/Sprites/Card Art/Wrathful cry.png
  artifactKey: Guid(cd74ee133a3a5c248b45d14620057338) Importer(2089858483,0ecaa5967403d082aa24f35e1b516d23)
Start importing Assets/Graphics/Sprites/Card Art/Wrathful cry.png using Guid(cd74ee133a3a5c248b45d14620057338) Importer(2089858483,0ecaa5967403d082aa24f35e1b516d23) Generated GUIDs only implemented for interfaces!
 -> (artifact id: '31b267dfe5dad9ea33e72d909e973365') in 0.043201 seconds 
========================================================================
Received Import Request.
  Time since last request: 0.000025 seconds.
  path: Assets/Graphics/Materials/Appartment.mat
  artifactKey: Guid(7bfb34b83cdbabe4cb842b27687f2e1b) Importer(2089858483,0ecaa5967403d082aa24f35e1b516d23)
Start importing Assets/Graphics/Materials/Appartment.mat using Guid(7bfb34b83cdbabe4cb842b27687f2e1b) Importer(2089858483,0ecaa5967403d082aa24f35e1b516d23) Generated GUIDs only implemented for interfaces!
 -> (artifact id: '12fae1492640001912304923bdc68351') in 0.012071 seconds 
========================================================================
Received Import Request.
  Time since last request: 0.000030 seconds.
  path: Assets/Graphics/Sprites/morning.png
  artifactKey: Guid(0f147ca4064d1184cb1609ae2bfa0a5d) Importer(2089858483,0ecaa5967403d082aa24f35e1b516d23)
Start importing Assets/Graphics/Sprites/morning.png using Guid(0f147ca4064d1184cb1609ae2bfa0a5d) Importer(2089858483,0ecaa5967403d082aa24f35e1b516d23) Generated GUIDs only implemented for interfaces!
 -> (artifact id: '0d0e37d9239f7c9cce40b3469ec91435') in 0.026988 seconds 
========================================================================
Received Import Request.
  Time since last request: 0.000031 seconds.
  path: Assets/Scriptable Objects/Cards/Other Clothes.asset
  artifactKey: Guid(8052215fd4bd7d4449f52be4e39d4a83) Importer(2089858483,0ecaa5967403d082aa24f35e1b516d23)
Start importing Assets/Scriptable Objects/Cards/Other Clothes.asset using Guid(8052215fd4bd7d4449f52be4e39d4a83) Importer(2089858483,0ecaa5967403d082aa24f35e1b516d23) Generated GUIDs only implemented for interfaces!
 -> (artifact id: '4ec2b1681fcd584760c2a0e72bca81a3') in 0.012335 seconds 
========================================================================
Received Import Request.
  Time since last request: 0.000025 seconds.
  path: Assets/Graphics/Sprites/Card Art/Smash Mental Barrier.png
  artifactKey: Guid(8e0a776eda5150a48850c5b6251c6014) Importer(2089858483,0ecaa5967403d082aa24f35e1b516d23)
Start importing Assets/Graphics/Sprites/Card Art/Smash Mental Barrier.png using Guid(8e0a776eda5150a48850c5b6251c6014) Importer(2089858483,0ecaa5967403d082aa24f35e1b516d23) Generated GUIDs only implemented for interfaces!
 -> (artifact id: 'd4a48e0add3df3e1b941544389cfa6f6') in 0.040453 seconds 
========================================================================
Received Import Request.
  Time since last request: 0.000029 seconds.
  path: Assets/Scriptable Objects/Building Types/Clinic.asset
  artifactKey: Guid(f3f091b58420f6541bd161b98c692854) Importer(2089858483,0ecaa5967403d082aa24f35e1b516d23)
Start importing Assets/Scriptable Objects/Building Types/Clinic.asset using Guid(f3f091b58420f6541bd161b98c692854) Importer(2089858483,0ecaa5967403d082aa24f35e1b516d23) Generated GUIDs only implemented for interfaces!
 -> (artifact id: '335b02fbb0f08b4038887143effe5725') in 0.014140 seconds 
========================================================================
Received Import Request.
  Time since last request: 0.000031 seconds.
  path: Assets/Graphics/Nebula Skyboxes/Nebula_03_Cubemap.exr
  artifactKey: Guid(a469fa04e6f3e8945b5e367c00cc358d) Importer(2089858483,0ecaa5967403d082aa24f35e1b516d23)
Start importing Assets/Graphics/Nebula Skyboxes/Nebula_03_Cubemap.exr using Guid(a469fa04e6f3e8945b5e367c00cc358d) Importer(2089858483,0ecaa5967403d082aa24f35e1b516d23) Generated GUIDs only implemented for interfaces!
 -> (artifact id: '305adf519e03db7c383c3fadc4eb0065') in 0.056387 seconds 
========================================================================
Received Import Request.
  Time since last request: 0.000024 seconds.
  path: Assets/TextMesh Pro/Shaders/TMP_SDF-Surface.shader
  artifactKey: Guid(f7ada0af4f174f0694ca6a487b8f543d) Importer(2089858483,0ecaa5967403d082aa24f35e1b516d23)
Start importing Assets/TextMesh Pro/Shaders/TMP_SDF-Surface.shader using Guid(f7ada0af4f174f0694ca6a487b8f543d) Importer(2089858483,0ecaa5967403d082aa24f35e1b516d23) Generated GUIDs only implemented for interfaces!
 -> (artifact id: '4abebe884455dbf2f5225c084779341f') in 0.020070 seconds 
========================================================================
Received Import Request.
  Time since last request: 0.000035 seconds.
  path: Assets/Scriptable Objects/Cards/Deceiver/Labyrinthine Mind.asset
  artifactKey: Guid(1cb60f2317b49c648958dbb7e2c10446) Importer(2089858483,0ecaa5967403d082aa24f35e1b516d23)
Start importing Assets/Scriptable Objects/Cards/Deceiver/Labyrinthine Mind.asset using Guid(1cb60f2317b49c648958dbb7e2c10446) Importer(2089858483,0ecaa5967403d082aa24f35e1b516d23) Generated GUIDs only implemented for interfaces!
 -> (artifact id: 'b8a4d5d5df47bdf0b1ea2b74b1d5a845') in 0.013335 seconds 
========================================================================
Received Import Request.
  Time since last request: 0.000030 seconds.
  path: Assets/Scriptable Objects/Cards/Deceiver/Daunting Emotion.asset
  artifactKey: Guid(a7fa462fd1da384428a0e64a6e8848d6) Importer(2089858483,0ecaa5967403d082aa24f35e1b516d23)
Start importing Assets/Scriptable Objects/Cards/Deceiver/Daunting Emotion.asset using Guid(a7fa462fd1da384428a0e64a6e8848d6) Importer(2089858483,0ecaa5967403d082aa24f35e1b516d23) Generated GUIDs only implemented for interfaces!
 -> (artifact id: 'e345f67e0bfb0141d0187e755b33a48b') in 0.013557 seconds 
========================================================================
Received Import Request.
  Time since last request: 0.000032 seconds.
  path: Assets/Scriptable Objects/Cards/Generalist/Hysteria.asset
  artifactKey: Guid(778d5affed9ca5f43bb720eb9ab2a9df) Importer(2089858483,0ecaa5967403d082aa24f35e1b516d23)
Start importing Assets/Scriptable Objects/Cards/Generalist/Hysteria.asset using Guid(778d5affed9ca5f43bb720eb9ab2a9df) Importer(2089858483,0ecaa5967403d082aa24f35e1b516d23) Generated GUIDs only implemented for interfaces!
 -> (artifact id: 'e510714bbe196fc859a26cf5d455a9c7') in 0.015179 seconds 
========================================================================
Received Import Request.
  Time since last request: 0.000025 seconds.
  path: Assets/Scriptable Objects/Cards/Ruthless/Press Will.asset
  artifactKey: Guid(2ac90284f21daea48851665c7425b465) Importer(2089858483,0ecaa5967403d082aa24f35e1b516d23)
Start importing Assets/Scriptable Objects/Cards/Ruthless/Press Will.asset using Guid(2ac90284f21daea48851665c7425b465) Importer(2089858483,0ecaa5967403d082aa24f35e1b516d23) Generated GUIDs only implemented for interfaces!
 -> (artifact id: 'd8bd169bd7d372dd7910079fe4bee758') in 0.014426 seconds 
========================================================================
Received Import Request.
  Time since last request: 0.000025 seconds.
  path: Assets/Graphics/Sprites/ruthless.png
  artifactKey: Guid(735bc169e95b4444391d693bccffda11) Importer(2089858483,0ecaa5967403d082aa24f35e1b516d23)
Start importing Assets/Graphics/Sprites/ruthless.png using Guid(735bc169e95b4444391d693bccffda11) Importer(2089858483,0ecaa5967403d082aa24f35e1b516d23) Generated GUIDs only implemented for interfaces!
 -> (artifact id: 'aaeda06dcd0f62697e0e7e9ad4d2ca62') in 0.027630 seconds 
========================================================================
Received Import Request.
  Time since last request: 0.000033 seconds.
  path: Assets/Graphics/Sprites/Card Art/hide evidence.png
  artifactKey: Guid(c94daf4b85b0fd548aa46bb68297ab4b) Importer(2089858483,0ecaa5967403d082aa24f35e1b516d23)
Start importing Assets/Graphics/Sprites/Card Art/hide evidence.png using Guid(c94daf4b85b0fd548aa46bb68297ab4b) Importer(2089858483,0ecaa5967403d082aa24f35e1b516d23) Generated GUIDs only implemented for interfaces!
 -> (artifact id: '93d08295160996bfde3cb70cb3c77fc5') in 0.039438 seconds 
========================================================================
Received Import Request.
  Time since last request: 0.000035 seconds.
  path: Assets/Scriptable Objects/Cards/Taintress/Fleshwarp.asset
  artifactKey: Guid(80bcb04b1d8c9ae4292f36804008afb5) Importer(2089858483,0ecaa5967403d082aa24f35e1b516d23)
Start importing Assets/Scriptable Objects/Cards/Taintress/Fleshwarp.asset using Guid(80bcb04b1d8c9ae4292f36804008afb5) Importer(2089858483,0ecaa5967403d082aa24f35e1b516d23) Generated GUIDs only implemented for interfaces!
 -> (artifact id: '276a3e8f02e922e83e4870eb1c451be0') in 0.009954 seconds 
========================================================================
Received Import Request.
  Time since last request: 0.000033 seconds.
  path: Assets/Graphics/Materials/characters.mat
  artifactKey: Guid(e08cf97b45b02554da064e31410bc0af) Importer(2089858483,0ecaa5967403d082aa24f35e1b516d23)
Start importing Assets/Graphics/Materials/characters.mat using Guid(e08cf97b45b02554da064e31410bc0af) Importer(2089858483,0ecaa5967403d082aa24f35e1b516d23) Generated GUIDs only implemented for interfaces!
 -> (artifact id: '025c905db6579798314fc81d233dbf89') in 0.021771 seconds 
========================================================================
Received Import Request.
  Time since last request: 0.000031 seconds.
  path: Assets/Graphics/Sprites/Card Art/daunting emotion.png
  artifactKey: Guid(07f2eecafb6510a41a2f6107dbeb6af8) Importer(2089858483,0ecaa5967403d082aa24f35e1b516d23)
Start importing Assets/Graphics/Sprites/Card Art/daunting emotion.png using Guid(07f2eecafb6510a41a2f6107dbeb6af8) Importer(2089858483,0ecaa5967403d082aa24f35e1b516d23) Generated GUIDs only implemented for interfaces!
 -> (artifact id: '317c073adc65694f9ca4e0577aac7e3a') in 0.042498 seconds 
========================================================================
Received Import Request.
  Time since last request: 0.000027 seconds.
  path: Assets/Scriptable Objects/Cards/Deceiver/Echoing Idea.asset
  artifactKey: Guid(9a42ba1a0c8c2634494c9edc559c3747) Importer(2089858483,0ecaa5967403d082aa24f35e1b516d23)
Start importing Assets/Scriptable Objects/Cards/Deceiver/Echoing Idea.asset using Guid(9a42ba1a0c8c2634494c9edc559c3747) Importer(2089858483,0ecaa5967403d082aa24f35e1b516d23) Generated GUIDs only implemented for interfaces!
 -> (artifact id: '92e6a300cdd51d366208006424ee03f9') in 0.014444 seconds 
Editor requested this worker to shutdown with reason: Scaling down because of idle timeout
AssetImportWorker is now disconnected from the server
Process exiting
Exiting without the bug reporter. Application will terminate with return code 0