Using pre-set license
Built from '2021.3/staging' branch; Version is '2021.3.39f1 (fb3b7b32f191) revision 16464763'; Using compiler version '192829333'; Build Type 'Release'
OS: 'Windows 10  (10.0.19045) 64bit Core' Language: 'en' Physical Memory: 81788 MB
BatchMode: 1, IsHumanControllingUs: 0, StartBugReporterOnCrash: 0, Is64bit: 1, IsPro: 1

COMMAND LINE ARGUMENTS:
C:\Program Files\Unity\Hub\Editor\2021.3.39f1\Editor\Unity.exe
-adb2
-batchMode
-noUpm
-name
AssetImportWorker11
-projectPath
C:/Users/Neox/Proj/Ataraxia
-logFile
Logs/AssetImportWorker11.log
-srvPort
50212
Successfully changed project path to: C:/Users/Neox/Proj/Ataraxia
C:/Users/Neox/Proj/Ataraxia
[UnityMemory] Configuration Parameters - Can be set up in boot.config
    "memorysetup-bucket-allocator-granularity=16"
    "memorysetup-bucket-allocator-bucket-count=8"
    "memorysetup-bucket-allocator-block-size=33554432"
    "memorysetup-bucket-allocator-block-count=8"
    "memorysetup-main-allocator-block-size=16777216"
    "memorysetup-thread-allocator-block-size=16777216"
    "memorysetup-gfx-main-allocator-block-size=16777216"
    "memorysetup-gfx-thread-allocator-block-size=16777216"
    "memorysetup-cache-allocator-block-size=4194304"
    "memorysetup-typetree-allocator-block-size=2097152"
    "memorysetup-profiler-bucket-allocator-granularity=16"
    "memorysetup-profiler-bucket-allocator-bucket-count=8"
    "memorysetup-profiler-bucket-allocator-block-size=33554432"
    "memorysetup-profiler-bucket-allocator-block-count=8"
    "memorysetup-profiler-allocator-block-size=16777216"
    "memorysetup-profiler-editor-allocator-block-size=1048576"
    "memorysetup-temp-allocator-size-main=16777216"
    "memorysetup-job-temp-allocator-block-size=2097152"
    "memorysetup-job-temp-allocator-block-size-background=1048576"
    "memorysetup-job-temp-allocator-reduction-small-platforms=262144"
    "memorysetup-temp-allocator-size-background-worker=32768"
    "memorysetup-temp-allocator-size-job-worker=262144"
    "memorysetup-temp-allocator-size-preload-manager=33554432"
    "memorysetup-temp-allocator-size-nav-mesh-worker=65536"
    "memorysetup-temp-allocator-size-audio-worker=65536"
    "memorysetup-temp-allocator-size-cloud-worker=32768"
    "memorysetup-temp-allocator-size-gi-baking-worker=262144"
    "memorysetup-temp-allocator-size-gfx=262144"
Player connection [23184] Host "[IP] 192.168.1.193 [Port] 0 [Flags] 2 [Guid] 1058434219 [EditorId] 1058434219 [Version] 1048832 [Id] WindowsEditor(7,Gamer) [Debug] 1 [PackageName] WindowsEditor [ProjectName] Editor" joined multi-casting on [225.0.0.222:54997]...

Player connection [23184] Host "[IP] 192.168.1.193 [Port] 0 [Flags] 2 [Guid] 1058434219 [EditorId] 1058434219 [Version] 1048832 [Id] WindowsEditor(7,Gamer) [Debug] 1 [PackageName] WindowsEditor [ProjectName] Editor" joined alternative multi-casting on [225.0.0.222:34997]...

[Physics::Module] Initialized MultithreadedJobDispatcher with {0} workers.
Refreshing native plugins compatible for Editor in 87.87 ms, found 4 plugins.
Preloading 0 native plugins for Editor in 0.00 ms.
Initialize engine version: 2021.3.39f1 (fb3b7b32f191)
[Subsystems] Discovering subsystems at path C:/Program Files/Unity/Hub/Editor/2021.3.39f1/Editor/Data/Resources/UnitySubsystems
[Subsystems] Discovering subsystems at path C:/Users/Neox/Proj/Ataraxia/Assets
GfxDevice: creating device client; threaded=0; jobified=0
Direct3D:
    Version:  Direct3D 11.0 [level 11.1]
    Renderer: NVIDIA GeForce RTX 4070 (ID=0x2786)
    Vendor:   NVIDIA
    VRAM:     12011 MB
    Driver:   32.0.15.5585
Initialize mono
Mono path[0] = 'C:/Program Files/Unity/Hub/Editor/2021.3.39f1/Editor/Data/Managed'
Mono path[1] = 'C:/Program Files/Unity/Hub/Editor/2021.3.39f1/Editor/Data/MonoBleedingEdge/lib/mono/unityjit-win32'
Mono config path = 'C:/Program Files/Unity/Hub/Editor/2021.3.39f1/Editor/Data/MonoBleedingEdge/etc'
Using monoOptions --debugger-agent=transport=dt_socket,embedding=1,server=y,suspend=n,address=127.0.0.1:56344
Begin MonoManager ReloadAssembly
Registering precompiled unity dll's ...
Register platform support module: C:/Program Files/Unity/Hub/Editor/2021.3.39f1/Editor/Data/PlaybackEngines/WindowsStandaloneSupport/UnityEditor.WindowsStandalone.Extensions.dll
Register platform support module: C:/Program Files/Unity/Hub/Editor/2021.3.39f1/Editor/Data/PlaybackEngines/LinuxStandaloneSupport/UnityEditor.LinuxStandalone.Extensions.dll
Registered in 0.007894 seconds.
Native extension for LinuxStandalone target not found
Native extension for WindowsStandalone target not found
Refreshing native plugins compatible for Editor in 83.07 ms, found 4 plugins.
Preloading 0 native plugins for Editor in 0.00 ms.
Mono: successfully reloaded assembly
- Completed reload, in  0.612 seconds
Domain Reload Profiling:
	ReloadAssembly (613ms)
		BeginReloadAssembly (86ms)
			ExecutionOrderSort (0ms)
			DisableScriptedObjects (0ms)
			BackupInstance (0ms)
			ReleaseScriptingObjects (0ms)
			CreateAndSetChildDomain (1ms)
		EndReloadAssembly (439ms)
			LoadAssemblies (84ms)
			RebuildTransferFunctionScriptingTraits (0ms)
			SetupTypeCache (92ms)
			ReleaseScriptCaches (0ms)
			RebuildScriptCaches (28ms)
			SetupLoadedEditorAssemblies (281ms)
				LogAssemblyErrors (0ms)
				InitializePlatformSupportModulesInManaged (13ms)
				SetLoadedEditorAssemblies (0ms)
				RefreshPlugins (83ms)
				BeforeProcessingInitializeOnLoad (1ms)
				ProcessInitializeOnLoadAttributes (140ms)
				ProcessInitializeOnLoadMethodAttributes (43ms)
				AfterProcessingInitializeOnLoad (0ms)
				EditorAssembliesLoaded (0ms)
			ExecutionOrderSort2 (0ms)
			AwakeInstancesAfterBackupRestoration (0ms)
Platform modules already initialized, skipping
Registering precompiled user dll's ...
Registered in 0.006897 seconds.
Begin MonoManager ReloadAssembly
Native extension for LinuxStandalone target not found
Native extension for WindowsStandalone target not found
Refreshing native plugins compatible for Editor in 85.26 ms, found 4 plugins.
Preloading 0 native plugins for Editor in 0.00 ms.
Package Manager log level set to [2]
[Package Manager] Server::EnsureServerProcessIsRunning -- launch failed, reason: Unity was launched with the -noUpm command-line argument
[Package Manager] Cannot connect to Unity Package Manager local server
Mono: successfully reloaded assembly
- Completed reload, in  1.768 seconds
Domain Reload Profiling:
	ReloadAssembly (1769ms)
		BeginReloadAssembly (121ms)
			ExecutionOrderSort (0ms)
			DisableScriptedObjects (6ms)
			BackupInstance (0ms)
			ReleaseScriptingObjects (0ms)
			CreateAndSetChildDomain (21ms)
		EndReloadAssembly (1548ms)
			LoadAssemblies (95ms)
			RebuildTransferFunctionScriptingTraits (0ms)
			SetupTypeCache (216ms)
			ReleaseScriptCaches (1ms)
			RebuildScriptCaches (59ms)
			SetupLoadedEditorAssemblies (1156ms)
				LogAssemblyErrors (0ms)
				InitializePlatformSupportModulesInManaged (10ms)
				SetLoadedEditorAssemblies (0ms)
				RefreshPlugins (85ms)
				BeforeProcessingInitializeOnLoad (108ms)
				ProcessInitializeOnLoadAttributes (900ms)
				ProcessInitializeOnLoadMethodAttributes (44ms)
				AfterProcessingInitializeOnLoad (9ms)
				EditorAssembliesLoaded (0ms)
			ExecutionOrderSort2 (0ms)
			AwakeInstancesAfterBackupRestoration (6ms)
Platform modules already initialized, skipping
========================================================================
Worker process is ready to serve import requests
Launched and connected shader compiler UnityShaderCompiler.exe after 0.04 seconds
Refreshing native plugins compatible for Editor in 0.87 ms, found 4 plugins.
Preloading 0 native plugins for Editor in 0.00 ms.
Unloading 4293 Unused Serialized files (Serialized files now loaded: 0)
Unloading 40 unused Assets / (46.4 KB). Loaded Objects now: 4751.
Memory consumption went from 163.8 MB to 163.7 MB.
Total: 3.998100 ms (FindLiveObjects: 0.300200 ms CreateObjectMapping: 0.226500 ms MarkObjects: 3.388100 ms  DeleteObjects: 0.082300 ms)

AssetImportParameters requested are different than current active one (requested -> active):
  custom:video-decoder-ogg-theora: a1e56fd34408186e4bbccfd4996cb3dc -> 
  custom:container-muxer-webm: aa71ff27fc2769a1b78a27578f13a17b -> 
  custom:container-demuxer-webm: 4f35f7cbe854078d1ac9338744f61a02 -> 
  custom:video-encoder-webm-vp8: eb34c28f22e8b96e1ab97ce403110664 -> 
  custom:CustomObjectIndexerAttribute: bc11b3a6c3213fcdd17b65e7da85e133 -> 
  custom:audio-encoder-webm-vorbis: bf7c407c2cedff20999df2af8eb42d56 -> 
  custom:framework-win-MediaFoundation: 216162199b28c13a410421893ffa2e32 -> 
  custom:SearchIndexIgnoredProperties: e643bd26f0fe6173181afceb89e7c659 -> 
  custom:container-demuxer-ogg: 62fdf1f143b41e24485cea50d1cbac27 -> 
  custom:video-decoder-webm-vp8: 9c59270c3fd7afecdb556c50c9e8de78 -> 
  custom:audio-decoder-ogg-vorbis: bf7c407c2cedff20999df2af8eb42d56 -> 
========================================================================
Received Import Request.
  Time since last request: 6394.118595 seconds.
  path: Assets/Prefabs/Structures/Abandoned.prefab
  artifactKey: Guid(3bf2a5359d2b8d3408b728e4db716e93) Importer(815301076,1909f56bfc062723c751e8b465ee728b)
Number of updated assets reloaded before import = 0
Start importing Assets/Prefabs/Structures/Abandoned.prefab using Guid(3bf2a5359d2b8d3408b728e4db716e93) Importer(815301076,1909f56bfc062723c751e8b465ee728b)  -> (artifact id: '3af828ffc0bcb0b8e8de62e5fe9dab9c') in 0.091925 seconds 
Number of asset objects unloaded after import = 9
========================================================================
Received Import Request.
  Time since last request: 9.160025 seconds.
  path: Assets/Prefabs/Structures/Abandoned.prefab
  artifactKey: Guid(3bf2a5359d2b8d3408b728e4db716e93) Importer(815301076,1909f56bfc062723c751e8b465ee728b)
Number of updated assets reloaded before import = 0
Start importing Assets/Prefabs/Structures/Abandoned.prefab using Guid(3bf2a5359d2b8d3408b728e4db716e93) Importer(815301076,1909f56bfc062723c751e8b465ee728b)  -> (artifact id: '3f5da83cf13d435f631d643ad31743e8') in 0.020811 seconds 
Number of asset objects unloaded after import = 10
========================================================================
Received Import Request.
  Time since last request: 3.946379 seconds.
  path: Assets/Prefabs/Structures/Clinic.prefab
  artifactKey: Guid(fe85c2cae46324f4c86dd1b1bd0ef097) Importer(815301076,1909f56bfc062723c751e8b465ee728b)
Number of updated assets reloaded before import = 0
Start importing Assets/Prefabs/Structures/Clinic.prefab using Guid(fe85c2cae46324f4c86dd1b1bd0ef097) Importer(815301076,1909f56bfc062723c751e8b465ee728b)  -> (artifact id: 'eeb4057956e87240d124c7b95d9cb4d2') in 0.012865 seconds 
Number of asset objects unloaded after import = 10
========================================================================
Received Import Request.
  Time since last request: 15.702481 seconds.
  path: Assets/Prefabs/Structures/Const.prefab
  artifactKey: Guid(99cc293d8598ab449aecb841906b53e3) Importer(815301076,1909f56bfc062723c751e8b465ee728b)
Number of updated assets reloaded before import = 0
Start importing Assets/Prefabs/Structures/Const.prefab using Guid(99cc293d8598ab449aecb841906b53e3) Importer(815301076,1909f56bfc062723c751e8b465ee728b)  -> (artifact id: 'cd7be97e2db975474f2ae4e8bf0154a5') in 0.012496 seconds 
Number of asset objects unloaded after import = 10
========================================================================
Received Import Request.
  Time since last request: 3.996993 seconds.
  path: Assets/Prefabs/Structures/Hospital.prefab
  artifactKey: Guid(3ac20d84ac528534b94559baee1cabb6) Importer(815301076,1909f56bfc062723c751e8b465ee728b)
Number of updated assets reloaded before import = 0
Start importing Assets/Prefabs/Structures/Hospital.prefab using Guid(3ac20d84ac528534b94559baee1cabb6) Importer(815301076,1909f56bfc062723c751e8b465ee728b)  -> (artifact id: 'b60248cab49f7e93692ea88dc6185720') in 0.013737 seconds 
Number of asset objects unloaded after import = 10
========================================================================
Received Import Request.
  Time since last request: 5.138846 seconds.
  path: Assets/Prefabs/Structures/HS.prefab
  artifactKey: Guid(55904ceea81495f4095ff77c0e18760d) Importer(815301076,1909f56bfc062723c751e8b465ee728b)
Number of updated assets reloaded before import = 0
Start importing Assets/Prefabs/Structures/HS.prefab using Guid(55904ceea81495f4095ff77c0e18760d) Importer(815301076,1909f56bfc062723c751e8b465ee728b)  -> (artifact id: 'd77c9152c369034426eb7b8f81aeddb6') in 0.014215 seconds 
Number of asset objects unloaded after import = 10
========================================================================
Received Import Request.
  Time since last request: 2.374716 seconds.
  path: Assets/Prefabs/Structures/HS.prefab
  artifactKey: Guid(55904ceea81495f4095ff77c0e18760d) Importer(815301076,1909f56bfc062723c751e8b465ee728b)
Number of updated assets reloaded before import = 0
Start importing Assets/Prefabs/Structures/HS.prefab using Guid(55904ceea81495f4095ff77c0e18760d) Importer(815301076,1909f56bfc062723c751e8b465ee728b)  -> (artifact id: '8c105766d0b26a9ea6c49b9435cb9e43') in 0.012432 seconds 
Number of asset objects unloaded after import = 10
========================================================================
Received Import Request.
  Time since last request: 2.840989 seconds.
  path: Assets/Prefabs/Structures/Park.prefab
  artifactKey: Guid(55a093500ca2e2d4fa3a2d2119dfa3de) Importer(815301076,1909f56bfc062723c751e8b465ee728b)
Number of updated assets reloaded before import = 0
Start importing Assets/Prefabs/Structures/Park.prefab using Guid(55a093500ca2e2d4fa3a2d2119dfa3de) Importer(815301076,1909f56bfc062723c751e8b465ee728b)  -> (artifact id: '18e1d088abc6b9ee164ce1a2d1649acd') in 0.012240 seconds 
Number of asset objects unloaded after import = 9
========================================================================
Received Import Request.
  Time since last request: 3.420581 seconds.
  path: Assets/Prefabs/Structures/Police.prefab
  artifactKey: Guid(497c738bb15901549988317ffc40641e) Importer(815301076,1909f56bfc062723c751e8b465ee728b)
Number of updated assets reloaded before import = 0
Start importing Assets/Prefabs/Structures/Police.prefab using Guid(497c738bb15901549988317ffc40641e) Importer(815301076,1909f56bfc062723c751e8b465ee728b)  -> (artifact id: '2f9cea14b36342de375cd0072fec1d29') in 0.012619 seconds 
Number of asset objects unloaded after import = 11
========================================================================
Received Import Request.
  Time since last request: 6.685521 seconds.
  path: Assets/Prefabs/Structures/Prison.prefab
  artifactKey: Guid(deacedd1035a798409e41d6d9a89ff5b) Importer(815301076,1909f56bfc062723c751e8b465ee728b)
Number of updated assets reloaded before import = 0
Start importing Assets/Prefabs/Structures/Prison.prefab using Guid(deacedd1035a798409e41d6d9a89ff5b) Importer(815301076,1909f56bfc062723c751e8b465ee728b)  -> (artifact id: 'b5d7b1e169b7aba0f5709e88deedb03e') in 0.012821 seconds 
Number of asset objects unloaded after import = 10
========================================================================
Received Import Request.
  Time since last request: 4.544326 seconds.
  path: Assets/Prefabs/Structures/Uni.prefab
  artifactKey: Guid(73783a8072fd4c748bba3dbb615b1967) Importer(815301076,1909f56bfc062723c751e8b465ee728b)
Number of updated assets reloaded before import = 0
Start importing Assets/Prefabs/Structures/Uni.prefab using Guid(73783a8072fd4c748bba3dbb615b1967) Importer(815301076,1909f56bfc062723c751e8b465ee728b)  -> (artifact id: '95ad91abcd3bdc515184b17a56f277c3') in 0.012610 seconds 
Number of asset objects unloaded after import = 10
========================================================================
Received Import Request.
  Time since last request: 27.541734 seconds.
  path: Assets/Prefabs/Crusader.prefab
  artifactKey: Guid(dd59ce683014ef64d9e4db5ba4453ee9) Importer(815301076,1909f56bfc062723c751e8b465ee728b)
Number of updated assets reloaded before import = 0
Start importing Assets/Prefabs/Crusader.prefab using Guid(dd59ce683014ef64d9e4db5ba4453ee9) Importer(815301076,1909f56bfc062723c751e8b465ee728b)  -> (artifact id: '841301205cd13a0111273183a918302a') in 0.027541 seconds 
Number of asset objects unloaded after import = 10
========================================================================
Received Prepare
Registering precompiled user dll's ...
Registered in 0.007298 seconds.
Begin MonoManager ReloadAssembly
Native extension for LinuxStandalone target not found
Native extension for WindowsStandalone target not found
Refreshing native plugins compatible for Editor in 1.17 ms, found 4 plugins.
Preloading 0 native plugins for Editor in 0.00 ms.
[Package Manager] Server::EnsureServerProcessIsRunning -- launch failed, reason: Unity was launched with the -noUpm command-line argument
[Package Manager] Cannot connect to Unity Package Manager local server
Mono: successfully reloaded assembly
- Completed reload, in  1.678 seconds
Domain Reload Profiling:
	ReloadAssembly (1679ms)
		BeginReloadAssembly (156ms)
			ExecutionOrderSort (0ms)
			DisableScriptedObjects (7ms)
			BackupInstance (0ms)
			ReleaseScriptingObjects (0ms)
			CreateAndSetChildDomain (44ms)
		EndReloadAssembly (1431ms)
			LoadAssemblies (108ms)
			RebuildTransferFunctionScriptingTraits (0ms)
			SetupTypeCache (237ms)
			ReleaseScriptCaches (1ms)
			RebuildScriptCaches (51ms)
			SetupLoadedEditorAssemblies (1008ms)
				LogAssemblyErrors (0ms)
				InitializePlatformSupportModulesInManaged (12ms)
				SetLoadedEditorAssemblies (1ms)
				RefreshPlugins (1ms)
				BeforeProcessingInitializeOnLoad (92ms)
				ProcessInitializeOnLoadAttributes (859ms)
				ProcessInitializeOnLoadMethodAttributes (36ms)
				AfterProcessingInitializeOnLoad (8ms)
				EditorAssembliesLoaded (0ms)
			ExecutionOrderSort2 (0ms)
			AwakeInstancesAfterBackupRestoration (7ms)
Platform modules already initialized, skipping
Refreshing native plugins compatible for Editor in 0.92 ms, found 4 plugins.
Preloading 0 native plugins for Editor in 0.00 ms.
Unloading 4268 Unused Serialized files (Serialized files now loaded: 0)
Unloading 28 unused Assets / (22.0 KB). Loaded Objects now: 4763.
Memory consumption went from 165.9 MB to 165.9 MB.
Total: 3.970500 ms (FindLiveObjects: 0.353100 ms CreateObjectMapping: 0.302200 ms MarkObjects: 3.265400 ms  DeleteObjects: 0.048800 ms)

AssetImportParameters requested are different than current active one (requested -> active):
  custom:video-decoder-ogg-theora: a1e56fd34408186e4bbccfd4996cb3dc -> 
  custom:container-muxer-webm: aa71ff27fc2769a1b78a27578f13a17b -> 
  custom:container-demuxer-webm: 4f35f7cbe854078d1ac9338744f61a02 -> 
  custom:video-encoder-webm-vp8: eb34c28f22e8b96e1ab97ce403110664 -> 
  custom:CustomObjectIndexerAttribute: bc11b3a6c3213fcdd17b65e7da85e133 -> 
  custom:audio-encoder-webm-vorbis: bf7c407c2cedff20999df2af8eb42d56 -> 
  custom:framework-win-MediaFoundation: 216162199b28c13a410421893ffa2e32 -> 
  custom:SearchIndexIgnoredProperties: e643bd26f0fe6173181afceb89e7c659 -> 
  custom:container-demuxer-ogg: 62fdf1f143b41e24485cea50d1cbac27 -> 
  custom:video-decoder-webm-vp8: 9c59270c3fd7afecdb556c50c9e8de78 -> 
  custom:audio-decoder-ogg-vorbis: bf7c407c2cedff20999df2af8eb42d56 -> 
========================================================================
Received Import Request.
  Time since last request: 291.938127 seconds.
  path: Assets/Scriptable Objects/Cards/Deceiver/Daunting Emotion.asset
  artifactKey: Guid(b4e8982f6fa24e64a8e3bb30bcfd9fd3) Importer(815301076,1909f56bfc062723c751e8b465ee728b)
Number of updated assets reloaded before import = 0
Start importing Assets/Scriptable Objects/Cards/Deceiver/Daunting Emotion.asset using Guid(b4e8982f6fa24e64a8e3bb30bcfd9fd3) Importer(815301076,1909f56bfc062723c751e8b465ee728b)  -> (artifact id: '58bfa7fc9f9e066b749bc42afceee327') in 0.029860 seconds 
Number of asset objects unloaded after import = 2
========================================================================
Received Import Request.
  Time since last request: 0.000026 seconds.
  path: Assets/Scriptable Objects/Cards/Deceiver/Plant the seed.asset
  artifactKey: Guid(60446f91adc77f94f901c2e7011cf11f) Importer(815301076,1909f56bfc062723c751e8b465ee728b)
Number of updated assets reloaded before import = 0
Start importing Assets/Scriptable Objects/Cards/Deceiver/Plant the seed.asset using Guid(60446f91adc77f94f901c2e7011cf11f) Importer(815301076,1909f56bfc062723c751e8b465ee728b)  -> (artifact id: 'a1fa7f5dd2ba8e0b10c5c90de07a06a2') in 0.009636 seconds 
Number of asset objects unloaded after import = 2
========================================================================
Received Import Request.
  Time since last request: 0.000019 seconds.
  path: Assets/Scriptable Objects/Cards/Deceiver/Labyrinthine Mind.asset
  artifactKey: Guid(37dcd07288b272a4a9573ce32173fc9c) Importer(815301076,1909f56bfc062723c751e8b465ee728b)
Number of updated assets reloaded before import = 0
Start importing Assets/Scriptable Objects/Cards/Deceiver/Labyrinthine Mind.asset using Guid(37dcd07288b272a4a9573ce32173fc9c) Importer(815301076,1909f56bfc062723c751e8b465ee728b)  -> (artifact id: 'f5fd0bb32dd8d202a7af8a01634ca2b6') in 0.009899 seconds 
Number of asset objects unloaded after import = 1
========================================================================
Received Import Request.
  Time since last request: 7.228538 seconds.
  path: Assets/Scriptable Objects/Cards/Ruthless/Force Will.asset
  artifactKey: Guid(89f538491e448044ea0ff134523a3d8f) Importer(815301076,1909f56bfc062723c751e8b465ee728b)
Number of updated assets reloaded before import = 0
Start importing Assets/Scriptable Objects/Cards/Ruthless/Force Will.asset using Guid(89f538491e448044ea0ff134523a3d8f) Importer(815301076,1909f56bfc062723c751e8b465ee728b)  -> (artifact id: '69b34f7511fd4f81c5737033f8df2549') in 0.003013 seconds 
Number of asset objects unloaded after import = 1
========================================================================
Received Import Request.
  Time since last request: 0.000019 seconds.
  path: Assets/Scriptable Objects/Cards/Ruthless/Take Over.asset
  artifactKey: Guid(455383404a9768d4c9367764d5be34b7) Importer(815301076,1909f56bfc062723c751e8b465ee728b)
Number of updated assets reloaded before import = 0
Start importing Assets/Scriptable Objects/Cards/Ruthless/Take Over.asset using Guid(455383404a9768d4c9367764d5be34b7) Importer(815301076,1909f56bfc062723c751e8b465ee728b)  -> (artifact id: '3489ac39a31a9dbf9176273895604158') in 0.003097 seconds 
Number of asset objects unloaded after import = 2
========================================================================
Received Import Request.
  Time since last request: 0.000021 seconds.
  path: Assets/Scriptable Objects/Cards/Ruthless/Wrathful Cry.asset
  artifactKey: Guid(72e6a9eef48a6cd4f8464196a7483dce) Importer(815301076,1909f56bfc062723c751e8b465ee728b)
Number of updated assets reloaded before import = 0
Start importing Assets/Scriptable Objects/Cards/Ruthless/Wrathful Cry.asset using Guid(72e6a9eef48a6cd4f8464196a7483dce) Importer(815301076,1909f56bfc062723c751e8b465ee728b)  -> (artifact id: 'd0033ddc9985d0fb26915eb147338c20') in 0.009415 seconds 
Number of asset objects unloaded after import = 1
========================================================================
Received Import Request.
  Time since last request: 0.000025 seconds.
  path: Assets/Scriptable Objects/Cards/Ruthless/Smash.asset
  artifactKey: Guid(3aa8f5c4e488c3940b4375407b9a4d4a) Importer(815301076,1909f56bfc062723c751e8b465ee728b)
Number of updated assets reloaded before import = 0
Start importing Assets/Scriptable Objects/Cards/Ruthless/Smash.asset using Guid(3aa8f5c4e488c3940b4375407b9a4d4a) Importer(815301076,1909f56bfc062723c751e8b465ee728b)  -> (artifact id: '14679aa4e7a3b82dbb32e3fa514a367d') in 0.009418 seconds 
Number of asset objects unloaded after import = 1
========================================================================
Received Import Request.
  Time since last request: 7.172497 seconds.
  path: Assets/Scriptable Objects/Elder Gods/Cthulhu.asset
  artifactKey: Guid(b6369c8cc04b2f24eb1bae1910318a1c) Importer(815301076,1909f56bfc062723c751e8b465ee728b)
Number of updated assets reloaded before import = 0
Start importing Assets/Scriptable Objects/Elder Gods/Cthulhu.asset using Guid(b6369c8cc04b2f24eb1bae1910318a1c) Importer(815301076,1909f56bfc062723c751e8b465ee728b)  -> (artifact id: '9fa1ce017f168a5e06b487606f481d6c') in 0.010346 seconds 
Number of asset objects unloaded after import = 9
========================================================================
Received Import Request.
  Time since last request: 14.378690 seconds.
  path: Assets/Scriptable Objects/Cards/Taintress/Destroy Building.asset
  artifactKey: Guid(ae737dd2386690949835c97d541858c4) Importer(815301076,1909f56bfc062723c751e8b465ee728b)
Number of updated assets reloaded before import = 0
Start importing Assets/Scriptable Objects/Cards/Taintress/Destroy Building.asset using Guid(ae737dd2386690949835c97d541858c4) Importer(815301076,1909f56bfc062723c751e8b465ee728b)  -> (artifact id: '57a4325bf748307cc43a89f833d73a0d') in 0.009366 seconds 
Number of asset objects unloaded after import = 1
========================================================================
Received Import Request.
  Time since last request: 0.001782 seconds.
  path: Assets/Scriptable Objects/Cards/Taintress/Monstrous Building.asset
  artifactKey: Guid(cf70403465d2e2941bcac6bf39c7d222) Importer(815301076,1909f56bfc062723c751e8b465ee728b)
Number of updated assets reloaded before import = 0
Start importing Assets/Scriptable Objects/Cards/Taintress/Monstrous Building.asset using Guid(cf70403465d2e2941bcac6bf39c7d222) Importer(815301076,1909f56bfc062723c751e8b465ee728b)  -> (artifact id: '0ff9e9ee609e211bfd4916f0d84bac00') in 0.010894 seconds 
Number of asset objects unloaded after import = 2
========================================================================
Received Import Request.
  Time since last request: 0.000020 seconds.
  path: Assets/Scriptable Objects/Cards/Taintress/Stigmata.asset
  artifactKey: Guid(5591349467eede541bd215f371e0f4f4) Importer(815301076,1909f56bfc062723c751e8b465ee728b)
Number of updated assets reloaded before import = 0
Start importing Assets/Scriptable Objects/Cards/Taintress/Stigmata.asset using Guid(5591349467eede541bd215f371e0f4f4) Importer(815301076,1909f56bfc062723c751e8b465ee728b)  -> (artifact id: '6052d5784349ca28231b34eee5913ac6') in 0.009697 seconds 
Number of asset objects unloaded after import = 2
========================================================================
Received Import Request.
  Time since last request: 14.180956 seconds.
  path: Assets/Scriptable Objects/Elder Gods/ShubNiggurath.asset
  artifactKey: Guid(a8b5a09b19843104bb33d7b6d2359d9d) Importer(815301076,1909f56bfc062723c751e8b465ee728b)
Number of updated assets reloaded before import = 0
Start importing Assets/Scriptable Objects/Elder Gods/ShubNiggurath.asset using Guid(a8b5a09b19843104bb33d7b6d2359d9d) Importer(815301076,1909f56bfc062723c751e8b465ee728b)  -> (artifact id: 'd80dcbfb768c2a0100754fcef2c8f422') in 0.010810 seconds 
Number of asset objects unloaded after import = 14
========================================================================
Received Prepare
Registering precompiled user dll's ...
Registered in 0.005991 seconds.
Begin MonoManager ReloadAssembly
Native extension for LinuxStandalone target not found
Native extension for WindowsStandalone target not found
Refreshing native plugins compatible for Editor in 1.08 ms, found 4 plugins.
Preloading 0 native plugins for Editor in 0.00 ms.
[Package Manager] Server::EnsureServerProcessIsRunning -- launch failed, reason: Unity was launched with the -noUpm command-line argument
[Package Manager] Cannot connect to Unity Package Manager local server
Mono: successfully reloaded assembly
- Completed reload, in  1.846 seconds
Domain Reload Profiling:
	ReloadAssembly (1847ms)
		BeginReloadAssembly (171ms)
			ExecutionOrderSort (0ms)
			DisableScriptedObjects (7ms)
			BackupInstance (0ms)
			ReleaseScriptingObjects (0ms)
			CreateAndSetChildDomain (48ms)
		EndReloadAssembly (1574ms)
			LoadAssemblies (118ms)
			RebuildTransferFunctionScriptingTraits (0ms)
			SetupTypeCache (272ms)
			ReleaseScriptCaches (2ms)
			RebuildScriptCaches (53ms)
			SetupLoadedEditorAssemblies (1099ms)
				LogAssemblyErrors (0ms)
				InitializePlatformSupportModulesInManaged (14ms)
				SetLoadedEditorAssemblies (0ms)
				RefreshPlugins (1ms)
				BeforeProcessingInitializeOnLoad (100ms)
				ProcessInitializeOnLoadAttributes (933ms)
				ProcessInitializeOnLoadMethodAttributes (39ms)
				AfterProcessingInitializeOnLoad (10ms)
				EditorAssembliesLoaded (0ms)
			ExecutionOrderSort2 (0ms)
			AwakeInstancesAfterBackupRestoration (7ms)
Platform modules already initialized, skipping
Refreshing native plugins compatible for Editor in 1.01 ms, found 4 plugins.
Preloading 0 native plugins for Editor in 0.00 ms.
Unloading 4268 Unused Serialized files (Serialized files now loaded: 0)
Unloading 27 unused Assets / (21.9 KB). Loaded Objects now: 4766.
Memory consumption went from 165.9 MB to 165.9 MB.
Total: 5.959500 ms (FindLiveObjects: 0.366200 ms CreateObjectMapping: 0.344900 ms MarkObjects: 5.182900 ms  DeleteObjects: 0.064100 ms)

AssetImportParameters requested are different than current active one (requested -> active):
  custom:video-decoder-ogg-theora: a1e56fd34408186e4bbccfd4996cb3dc -> 
  custom:container-muxer-webm: aa71ff27fc2769a1b78a27578f13a17b -> 
  custom:container-demuxer-webm: 4f35f7cbe854078d1ac9338744f61a02 -> 
  custom:video-encoder-webm-vp8: eb34c28f22e8b96e1ab97ce403110664 -> 
  custom:CustomObjectIndexerAttribute: bc11b3a6c3213fcdd17b65e7da85e133 -> 
  custom:audio-encoder-webm-vorbis: bf7c407c2cedff20999df2af8eb42d56 -> 
  custom:framework-win-MediaFoundation: 216162199b28c13a410421893ffa2e32 -> 
  custom:SearchIndexIgnoredProperties: e643bd26f0fe6173181afceb89e7c659 -> 
  custom:container-demuxer-ogg: 62fdf1f143b41e24485cea50d1cbac27 -> 
  custom:video-decoder-webm-vp8: 9c59270c3fd7afecdb556c50c9e8de78 -> 
  custom:audio-decoder-ogg-vorbis: bf7c407c2cedff20999df2af8eb42d56 -> 
