Using pre-set license
Built from '2021.3/staging' branch; Version is '2021.3.11f1 (0a5ca18544bf) revision 679073'; Using compiler version '192829333'; Build Type 'Release'
OS: 'Windows 10  (10.0.19044) 64bit Core' Language: 'en' Physical Memory: 16332 MB
BatchMode: 1, IsHumanControllingUs: 0, StartBugReporterOnCrash: 0, Is64bit: 1, IsPro: 1

COMMAND LINE ARGUMENTS:
C:\Program Files\Unity\Hub\Editor\2021.3.11f1\Editor\Unity.exe
-adb2
-batchMode
-noUpm
-name
AssetImportWorker19
-projectPath
C:/Users/Neox/CosmicHorrorJam
-logFile
Logs/AssetImportWorker19.log
-srvPort
64264
Successfully changed project path to: C:/Users/Neox/CosmicHorrorJam
C:/Users/Neox/CosmicHorrorJam
[UnityMemory] Configuration Parameters - Can be set up in boot.config
    "memorysetup-bucket-allocator-granularity=16"
    "memorysetup-bucket-allocator-bucket-count=8"
    "memorysetup-bucket-allocator-block-size=33554432"
    "memorysetup-bucket-allocator-block-count=8"
    "memorysetup-main-allocator-block-size=16777216"
    "memorysetup-thread-allocator-block-size=16777216"
    "memorysetup-gfx-main-allocator-block-size=16777216"
    "memorysetup-gfx-thread-allocator-block-size=16777216"
    "memorysetup-cache-allocator-block-size=4194304"
    "memorysetup-typetree-allocator-block-size=2097152"
    "memorysetup-profiler-bucket-allocator-granularity=16"
    "memorysetup-profiler-bucket-allocator-bucket-count=8"
    "memorysetup-profiler-bucket-allocator-block-size=33554432"
    "memorysetup-profiler-bucket-allocator-block-count=8"
    "memorysetup-profiler-allocator-block-size=16777216"
    "memorysetup-profiler-editor-allocator-block-size=1048576"
    "memorysetup-temp-allocator-size-main=16777216"
    "memorysetup-job-temp-allocator-block-size=2097152"
    "memorysetup-job-temp-allocator-block-size-background=1048576"
    "memorysetup-job-temp-allocator-reduction-small-platforms=262144"
    "memorysetup-temp-allocator-size-background-worker=32768"
    "memorysetup-temp-allocator-size-job-worker=262144"
    "memorysetup-temp-allocator-size-preload-manager=33554432"
    "memorysetup-temp-allocator-size-nav-mesh-worker=65536"
    "memorysetup-temp-allocator-size-audio-worker=65536"
    "memorysetup-temp-allocator-size-cloud-worker=32768"
    "memorysetup-temp-allocator-size-gi-baking-worker=262144"
    "memorysetup-temp-allocator-size-gfx=262144"
Refreshing native plugins compatible for Editor in 169.85 ms, found 4 plugins.
Preloading 0 native plugins for Editor in 0.00 ms.
Initialize engine version: 2021.3.11f1 (0a5ca18544bf)
[Subsystems] Discovering subsystems at path C:/Program Files/Unity/Hub/Editor/2021.3.11f1/Editor/Data/Resources/UnitySubsystems
[Subsystems] Discovering subsystems at path C:/Users/Neox/CosmicHorrorJam/Assets
GfxDevice: creating device client; threaded=0; jobified=0
Direct3D:
    Version:  Direct3D 11.0 [level 11.1]
    Renderer: NVIDIA GeForce GTX 1070 (ID=0x1b81)
    Vendor:   NVIDIA
    VRAM:     8088 MB
    Driver:   31.0.15.1694
Initialize mono
Mono path[0] = 'C:/Program Files/Unity/Hub/Editor/2021.3.11f1/Editor/Data/Managed'
Mono path[1] = 'C:/Program Files/Unity/Hub/Editor/2021.3.11f1/Editor/Data/MonoBleedingEdge/lib/mono/unityjit-win32'
Mono config path = 'C:/Program Files/Unity/Hub/Editor/2021.3.11f1/Editor/Data/MonoBleedingEdge/etc'
Using monoOptions --debugger-agent=transport=dt_socket,embedding=1,server=y,suspend=n,address=127.0.0.1:56324
Begin MonoManager ReloadAssembly
Registering precompiled unity dll's ...
Register platform support module: C:/Program Files/Unity/Hub/Editor/2021.3.11f1/Editor/Data/PlaybackEngines/WindowsStandaloneSupport/UnityEditor.WindowsStandalone.Extensions.dll
Registered in 0.015498 seconds.
Native extension for WindowsStandalone target not found
Refreshing native plugins compatible for Editor in 172.70 ms, found 4 plugins.
Preloading 0 native plugins for Editor in 0.00 ms.
Mono: successfully reloaded assembly
- Completed reload, in  1.100 seconds
Domain Reload Profiling:
	ReloadAssembly (1101ms)
		BeginReloadAssembly (121ms)
			ExecutionOrderSort (0ms)
			DisableScriptedObjects (0ms)
			BackupInstance (0ms)
			ReleaseScriptingObjects (0ms)
			CreateAndSetChildDomain (1ms)
		EndReloadAssembly (786ms)
			LoadAssemblies (115ms)
			RebuildTransferFunctionScriptingTraits (0ms)
			SetupTypeCache (164ms)
			ReleaseScriptCaches (0ms)
			RebuildScriptCaches (47ms)
			SetupLoadedEditorAssemblies (494ms)
				LogAssemblyErrors (0ms)
				InitializePlatformSupportModulesInManaged (12ms)
				SetLoadedEditorAssemblies (0ms)
				RefreshPlugins (173ms)
				BeforeProcessingInitializeOnLoad (2ms)
				ProcessInitializeOnLoadAttributes (221ms)
				ProcessInitializeOnLoadMethodAttributes (85ms)
				AfterProcessingInitializeOnLoad (0ms)
				EditorAssembliesLoaded (0ms)
			ExecutionOrderSort2 (0ms)
			AwakeInstancesAfterBackupRestoration (0ms)
Platform modules already initialized, skipping
Registering precompiled user dll's ...
Registered in 0.019058 seconds.
Begin MonoManager ReloadAssembly
Symbol file LoadedFromMemory doesn't match image C:\Users\Neox\CosmicHorrorJam\Library\PackageCache\com.unity.visualscripting@1.7.8\Editor\VisualScripting.Core\Dependencies\YamlDotNet\Unity.VisualScripting.YamlDotNet.dll
Symbol file LoadedFromMemory doesn't match image C:\Users\Neox\CosmicHorrorJam\Library\PackageCache\com.unity.visualscripting@1.7.8\Editor\VisualScripting.Core\Dependencies\DotNetZip\Unity.VisualScripting.IonicZip.dll
Native extension for WindowsStandalone target not found
Refreshing native plugins compatible for Editor in 139.90 ms, found 4 plugins.
Preloading 0 native plugins for Editor in 0.00 ms.
Mono: successfully reloaded assembly
- Completed reload, in  1.888 seconds
Domain Reload Profiling:
	ReloadAssembly (1890ms)
		BeginReloadAssembly (182ms)
			ExecutionOrderSort (0ms)
			DisableScriptedObjects (9ms)
			BackupInstance (0ms)
			ReleaseScriptingObjects (0ms)
			CreateAndSetChildDomain (30ms)
		EndReloadAssembly (1505ms)
			LoadAssemblies (140ms)
			RebuildTransferFunctionScriptingTraits (0ms)
			SetupTypeCache (349ms)
			ReleaseScriptCaches (1ms)
			RebuildScriptCaches (85ms)
			SetupLoadedEditorAssemblies (867ms)
				LogAssemblyErrors (0ms)
				InitializePlatformSupportModulesInManaged (9ms)
				SetLoadedEditorAssemblies (0ms)
				RefreshPlugins (140ms)
				BeforeProcessingInitializeOnLoad (167ms)
				ProcessInitializeOnLoadAttributes (415ms)
				ProcessInitializeOnLoadMethodAttributes (120ms)
				AfterProcessingInitializeOnLoad (17ms)
				EditorAssembliesLoaded (0ms)
			ExecutionOrderSort2 (0ms)
			AwakeInstancesAfterBackupRestoration (8ms)
Platform modules already initialized, skipping
========================================================================
Worker process is ready to serve import requests
Launched and connected shader compiler UnityShaderCompiler.exe after 0.05 seconds
Refreshing native plugins compatible for Editor in 1.04 ms, found 4 plugins.
Preloading 0 native plugins for Editor in 0.00 ms.
Unloading 4955 Unused Serialized files (Serialized files now loaded: 0)
Unloading 47 unused Assets / (229.4 KB). Loaded Objects now: 5408.
Memory consumption went from 184.0 MB to 183.8 MB.
Total: 5.668000 ms (FindLiveObjects: 0.542300 ms CreateObjectMapping: 0.156200 ms MarkObjects: 4.741100 ms  DeleteObjects: 0.226900 ms)

AssetImportParameters requested are different than current active one (requested -> active):
  custom:video-decoder-ogg-theora: a1e56fd34408186e4bbccfd4996cb3dc -> 
  custom:container-muxer-webm: aa71ff27fc2769a1b78a27578f13a17b -> 
  custom:container-demuxer-webm: 4f35f7cbe854078d1ac9338744f61a02 -> 
  custom:video-encoder-webm-vp8: eb34c28f22e8b96e1ab97ce403110664 -> 
  custom:audio-encoder-webm-vorbis: bf7c407c2cedff20999df2af8eb42d56 -> 
  custom:framework-win-MediaFoundation: 216162199b28c13a410421893ffa2e32 -> 
  custom:container-demuxer-ogg: 62fdf1f143b41e24485cea50d1cbac27 -> 
  custom:video-decoder-webm-vp8: 9c59270c3fd7afecdb556c50c9e8de78 -> 
  custom:audio-decoder-ogg-vorbis: bf7c407c2cedff20999df2af8eb42d56 -> 
========================================================================
Received Prepare
Refreshing native plugins compatible for Editor in 9.49 ms, found 4 plugins.
Preloading 0 native plugins for Editor in 0.00 ms.
Unloading 32 Unused Serialized files (Serialized files now loaded: 0)
Unloading 32 unused Assets / (193.5 KB). Loaded Objects now: 5408.
Memory consumption went from 84.2 MB to 84.1 MB.
Total: 4.904600 ms (FindLiveObjects: 0.489600 ms CreateObjectMapping: 0.158100 ms MarkObjects: 4.040000 ms  DeleteObjects: 0.215700 ms)

AssetImportParameters requested are different than current active one (requested -> active):
  custom:video-decoder-ogg-theora: a1e56fd34408186e4bbccfd4996cb3dc -> 
  custom:container-muxer-webm: aa71ff27fc2769a1b78a27578f13a17b -> 
  custom:container-demuxer-webm: 4f35f7cbe854078d1ac9338744f61a02 -> 
  custom:video-encoder-webm-vp8: eb34c28f22e8b96e1ab97ce403110664 -> 
  custom:audio-encoder-webm-vorbis: bf7c407c2cedff20999df2af8eb42d56 -> 
  custom:framework-win-MediaFoundation: 216162199b28c13a410421893ffa2e32 -> 
  custom:SearchIndexIgnoredProperties: e643bd26f0fe6173181afceb89e7c659 -> 
  custom:container-demuxer-ogg: 62fdf1f143b41e24485cea50d1cbac27 -> 
  custom:video-decoder-webm-vp8: 9c59270c3fd7afecdb556c50c9e8de78 -> 
  custom:audio-decoder-ogg-vorbis: bf7c407c2cedff20999df2af8eb42d56 -> 
========================================================================
Received Import Request.
  Time since last request: 4225.996862 seconds.
  path: Assets/Scriptable Objects/Cards/Deceiver/Fake Memory.asset
  artifactKey: Guid(8eac93f0bf5b1ea498f30ffcb09e6e9e) Importer(815301076,1909f56bfc062723c751e8b465ee728b)
Start importing Assets/Scriptable Objects/Cards/Deceiver/Fake Memory.asset using Guid(8eac93f0bf5b1ea498f30ffcb09e6e9e) Importer(815301076,1909f56bfc062723c751e8b465ee728b)  -> (artifact id: '098290eda62db3cb5bd03ccbd2b53dfc') in 0.043718 seconds 
========================================================================
Received Import Request.
  Time since last request: 0.000030 seconds.
  path: Assets/Scriptable Objects/Cards/Deceiver/Echoing Idea.asset
  artifactKey: Guid(9a42ba1a0c8c2634494c9edc559c3747) Importer(815301076,1909f56bfc062723c751e8b465ee728b)
Start importing Assets/Scriptable Objects/Cards/Deceiver/Echoing Idea.asset using Guid(9a42ba1a0c8c2634494c9edc559c3747) Importer(815301076,1909f56bfc062723c751e8b465ee728b)  -> (artifact id: '8d0776983bddd374cf71341613ffc01d') in 0.008171 seconds 
========================================================================
Received Import Request.
  Time since last request: 0.929745 seconds.
  path: Assets/Scriptable Objects/Cards/Deceiver/Fake Memory.asset
  artifactKey: Guid(8eac93f0bf5b1ea498f30ffcb09e6e9e) Importer(2089858483,0ecaa5967403d082aa24f35e1b516d23)
Start importing Assets/Scriptable Objects/Cards/Deceiver/Fake Memory.asset using Guid(8eac93f0bf5b1ea498f30ffcb09e6e9e) Importer(2089858483,0ecaa5967403d082aa24f35e1b516d23) Generated GUIDs only implemented for interfaces!
 -> (artifact id: '3c24f77841106d1f361eed03cd8aba0f') in 0.107342 seconds 
========================================================================
Received Import Request.
  Time since last request: 0.000032 seconds.
  path: Assets/Scriptable Objects/Cards/Deceiver/Echoing Idea.asset
  artifactKey: Guid(9a42ba1a0c8c2634494c9edc559c3747) Importer(2089858483,0ecaa5967403d082aa24f35e1b516d23)
Start importing Assets/Scriptable Objects/Cards/Deceiver/Echoing Idea.asset using Guid(9a42ba1a0c8c2634494c9edc559c3747) Importer(2089858483,0ecaa5967403d082aa24f35e1b516d23) Generated GUIDs only implemented for interfaces!
 -> (artifact id: 'e35c8cf064e618ab78c9f98f926611cc') in 0.021887 seconds 
========================================================================
Received Import Request.
  Time since last request: 7.042284 seconds.
  path: Assets/Scriptable Objects/Cards/Deceiver/Fake Memory.asset
  artifactKey: Guid(8eac93f0bf5b1ea498f30ffcb09e6e9e) Importer(815301076,1909f56bfc062723c751e8b465ee728b)
Start importing Assets/Scriptable Objects/Cards/Deceiver/Fake Memory.asset using Guid(8eac93f0bf5b1ea498f30ffcb09e6e9e) Importer(815301076,1909f56bfc062723c751e8b465ee728b)  -> (artifact id: 'a38e5c8f25b0dc7fea2c689fa3d6c818') in 0.003800 seconds 
========================================================================
Received Import Request.
  Time since last request: 0.985040 seconds.
  path: Assets/Scriptable Objects/Cards/Deceiver/Fake Memory.asset
  artifactKey: Guid(8eac93f0bf5b1ea498f30ffcb09e6e9e) Importer(2089858483,0ecaa5967403d082aa24f35e1b516d23)
Start importing Assets/Scriptable Objects/Cards/Deceiver/Fake Memory.asset using Guid(8eac93f0bf5b1ea498f30ffcb09e6e9e) Importer(2089858483,0ecaa5967403d082aa24f35e1b516d23) Generated GUIDs only implemented for interfaces!
 -> (artifact id: 'da56c5fe6699c1c1bc63a1cb9fb42422') in 0.009726 seconds 
========================================================================
Received Import Request.
  Time since last request: 20.051476 seconds.
  path: Assets/Scriptable Objects/Cards/Deceiver/Daunting Emotion.asset
  artifactKey: Guid(a7fa462fd1da384428a0e64a6e8848d6) Importer(815301076,1909f56bfc062723c751e8b465ee728b)
Start importing Assets/Scriptable Objects/Cards/Deceiver/Daunting Emotion.asset using Guid(a7fa462fd1da384428a0e64a6e8848d6) Importer(815301076,1909f56bfc062723c751e8b465ee728b)  -> (artifact id: '598092d3d32b5ec4dd3cebdeed0dd6b4') in 0.003721 seconds 
========================================================================
Received Import Request.
  Time since last request: 0.982091 seconds.
  path: Assets/Scriptable Objects/Cards/Deceiver/Daunting Emotion.asset
  artifactKey: Guid(a7fa462fd1da384428a0e64a6e8848d6) Importer(2089858483,0ecaa5967403d082aa24f35e1b516d23)
Start importing Assets/Scriptable Objects/Cards/Deceiver/Daunting Emotion.asset using Guid(a7fa462fd1da384428a0e64a6e8848d6) Importer(2089858483,0ecaa5967403d082aa24f35e1b516d23) Generated GUIDs only implemented for interfaces!
 -> (artifact id: 'd8483c6d5195004e891477bff88a573c') in 0.009440 seconds 
========================================================================
Received Import Request.
  Time since last request: 25.915140 seconds.
  path: Assets/Scriptable Objects/Cards/Deceiver/Echoing Idea.asset
  artifactKey: Guid(9a42ba1a0c8c2634494c9edc559c3747) Importer(815301076,1909f56bfc062723c751e8b465ee728b)
Start importing Assets/Scriptable Objects/Cards/Deceiver/Echoing Idea.asset using Guid(9a42ba1a0c8c2634494c9edc559c3747) Importer(815301076,1909f56bfc062723c751e8b465ee728b)  -> (artifact id: 'b047615ab26a1544c213ceddb415862a') in 0.008205 seconds 
========================================================================
Received Import Request.
  Time since last request: 0.980093 seconds.
  path: Assets/Scriptable Objects/Cards/Deceiver/Echoing Idea.asset
  artifactKey: Guid(9a42ba1a0c8c2634494c9edc559c3747) Importer(2089858483,0ecaa5967403d082aa24f35e1b516d23)
Start importing Assets/Scriptable Objects/Cards/Deceiver/Echoing Idea.asset using Guid(9a42ba1a0c8c2634494c9edc559c3747) Importer(2089858483,0ecaa5967403d082aa24f35e1b516d23) Generated GUIDs only implemented for interfaces!
 -> (artifact id: '8f308e69d60e4463acfec10fbd924046') in 0.009424 seconds 
========================================================================
Received Import Request.
  Time since last request: 13.067688 seconds.
  path: Assets/Scriptable Objects/Cards/Deceiver/Daunting Emotion.asset
  artifactKey: Guid(a7fa462fd1da384428a0e64a6e8848d6) Importer(815301076,1909f56bfc062723c751e8b465ee728b)
Start importing Assets/Scriptable Objects/Cards/Deceiver/Daunting Emotion.asset using Guid(a7fa462fd1da384428a0e64a6e8848d6) Importer(815301076,1909f56bfc062723c751e8b465ee728b)  -> (artifact id: '0a4d3c54da51a17d761a3502fdce224a') in 0.007958 seconds 
========================================================================
Received Import Request.
  Time since last request: 0.981370 seconds.
  path: Assets/Scriptable Objects/Cards/Deceiver/Daunting Emotion.asset
  artifactKey: Guid(a7fa462fd1da384428a0e64a6e8848d6) Importer(2089858483,0ecaa5967403d082aa24f35e1b516d23)
Start importing Assets/Scriptable Objects/Cards/Deceiver/Daunting Emotion.asset using Guid(a7fa462fd1da384428a0e64a6e8848d6) Importer(2089858483,0ecaa5967403d082aa24f35e1b516d23) Generated GUIDs only implemented for interfaces!
 -> (artifact id: '5c9e105a41ea317ed72f45e700ae21fb') in 0.010007 seconds 
========================================================================
Received Import Request.
  Time since last request: 53.379286 seconds.
  path: Assets/Scriptable Objects/Cards/Deceiver/Labyrinthine Mind.asset
  artifactKey: Guid(1cb60f2317b49c648958dbb7e2c10446) Importer(815301076,1909f56bfc062723c751e8b465ee728b)
Start importing Assets/Scriptable Objects/Cards/Deceiver/Labyrinthine Mind.asset using Guid(1cb60f2317b49c648958dbb7e2c10446) Importer(815301076,1909f56bfc062723c751e8b465ee728b)  -> (artifact id: '26847206d84f65e687023a83dbebc0d9') in 0.008275 seconds 
========================================================================
Received Import Request.
  Time since last request: 0.984484 seconds.
  path: Assets/Scriptable Objects/Cards/Deceiver/Labyrinthine Mind.asset
  artifactKey: Guid(1cb60f2317b49c648958dbb7e2c10446) Importer(2089858483,0ecaa5967403d082aa24f35e1b516d23)
Start importing Assets/Scriptable Objects/Cards/Deceiver/Labyrinthine Mind.asset using Guid(1cb60f2317b49c648958dbb7e2c10446) Importer(2089858483,0ecaa5967403d082aa24f35e1b516d23) Generated GUIDs only implemented for interfaces!
 -> (artifact id: 'f54c693757157dae192b3109b5ea253b') in 0.009640 seconds 
========================================================================
Received Import Request.
  Time since last request: 29.686433 seconds.
  path: Assets/Scriptable Objects/Cards/Deceiver/Mental Stab.asset
  artifactKey: Guid(c175241c955bd264c84d4606bc3f6093) Importer(815301076,1909f56bfc062723c751e8b465ee728b)
Start importing Assets/Scriptable Objects/Cards/Deceiver/Mental Stab.asset using Guid(c175241c955bd264c84d4606bc3f6093) Importer(815301076,1909f56bfc062723c751e8b465ee728b)  -> (artifact id: '074c8ebd2df1d929b747faa4fc8594f9') in 0.003693 seconds 
========================================================================
Received Import Request.
  Time since last request: 0.984466 seconds.
  path: Assets/Scriptable Objects/Cards/Deceiver/Mental Stab.asset
  artifactKey: Guid(c175241c955bd264c84d4606bc3f6093) Importer(2089858483,0ecaa5967403d082aa24f35e1b516d23)
Start importing Assets/Scriptable Objects/Cards/Deceiver/Mental Stab.asset using Guid(c175241c955bd264c84d4606bc3f6093) Importer(2089858483,0ecaa5967403d082aa24f35e1b516d23) Generated GUIDs only implemented for interfaces!
 -> (artifact id: '78f3a00d108c3f29a0e52c89f55386ff') in 0.009543 seconds 
========================================================================
Received Import Request.
  Time since last request: 23.185791 seconds.
  path: Assets/Scriptable Objects/Cards/Deceiver/Mental Stab.asset
  artifactKey: Guid(c175241c955bd264c84d4606bc3f6093) Importer(815301076,1909f56bfc062723c751e8b465ee728b)
Start importing Assets/Scriptable Objects/Cards/Deceiver/Mental Stab.asset using Guid(c175241c955bd264c84d4606bc3f6093) Importer(815301076,1909f56bfc062723c751e8b465ee728b)  -> (artifact id: '6e558fe45ca643997ff73677abd880dd') in 0.003397 seconds 
========================================================================
Received Import Request.
  Time since last request: 0.984806 seconds.
  path: Assets/Scriptable Objects/Cards/Deceiver/Mental Stab.asset
  artifactKey: Guid(c175241c955bd264c84d4606bc3f6093) Importer(2089858483,0ecaa5967403d082aa24f35e1b516d23)
Start importing Assets/Scriptable Objects/Cards/Deceiver/Mental Stab.asset using Guid(c175241c955bd264c84d4606bc3f6093) Importer(2089858483,0ecaa5967403d082aa24f35e1b516d23) Generated GUIDs only implemented for interfaces!
 -> (artifact id: 'c5bbc12601ff871da4ef2f26cc81b539') in 0.009134 seconds 
========================================================================
Received Import Request.
  Time since last request: 90.538708 seconds.
  path: Assets/TextMesh Pro/Resources/TMP Settings.asset
  artifactKey: Guid(3f5b5dff67a942289a9defa416b206f3) Importer(2089858483,0ecaa5967403d082aa24f35e1b516d23)
Start importing Assets/TextMesh Pro/Resources/TMP Settings.asset using Guid(3f5b5dff67a942289a9defa416b206f3) Importer(2089858483,0ecaa5967403d082aa24f35e1b516d23) Generated GUIDs only implemented for interfaces!
 -> (artifact id: '5f59213b14053e1b5486afb281aa0ef0') in 0.117012 seconds 
========================================================================
Received Import Request.
  Time since last request: 101.159558 seconds.
  path: Assets/AddressableAssetsData/AssetGroups/Default Local Group.asset
  artifactKey: Guid(9be52456ce02ed140ad895a52f102d85) Importer(815301076,1909f56bfc062723c751e8b465ee728b)
Start importing Assets/AddressableAssetsData/AssetGroups/Default Local Group.asset using Guid(9be52456ce02ed140ad895a52f102d85) Importer(815301076,1909f56bfc062723c751e8b465ee728b)  -> (artifact id: '26f64667568229575e644ade4563418c') in 0.004431 seconds 
========================================================================
Received Import Request.
  Time since last request: 0.078839 seconds.
  path: Assets/AddressableAssetsData/AssetGroups/Built In Data.asset
  artifactKey: Guid(cf8a8b8b42e1a134dba7fe6827e7d2a3) Importer(815301076,1909f56bfc062723c751e8b465ee728b)
Start importing Assets/AddressableAssetsData/AssetGroups/Built In Data.asset using Guid(cf8a8b8b42e1a134dba7fe6827e7d2a3) Importer(815301076,1909f56bfc062723c751e8b465ee728b)  -> (artifact id: 'cfc5a23e849b77c3f457356025b2a176') in 0.003700 seconds 
========================================================================
Received Import Request.
  Time since last request: 22.675229 seconds.
  path: Assets/AddressableAssetsData/AssetGroups/Default Local Group.asset
  artifactKey: Guid(9be52456ce02ed140ad895a52f102d85) Importer(2089858483,0ecaa5967403d082aa24f35e1b516d23)
Start importing Assets/AddressableAssetsData/AssetGroups/Default Local Group.asset using Guid(9be52456ce02ed140ad895a52f102d85) Importer(2089858483,0ecaa5967403d082aa24f35e1b516d23) Generated GUIDs only implemented for interfaces!
 -> (artifact id: 'aac426ccc92c843452f84133de199e47') in 0.013225 seconds 
========================================================================
Received Import Request.
  Time since last request: 167.824588 seconds.
  path: Assets/Scriptable Objects/Cards/Deceiver/Daunting Emotion.asset
  artifactKey: Guid(a7fa462fd1da384428a0e64a6e8848d6) Importer(815301076,1909f56bfc062723c751e8b465ee728b)
Start importing Assets/Scriptable Objects/Cards/Deceiver/Daunting Emotion.asset using Guid(a7fa462fd1da384428a0e64a6e8848d6) Importer(815301076,1909f56bfc062723c751e8b465ee728b)  -> (artifact id: '3b6fa4dd8f24efeb86dfcbac0a9af016') in 0.004005 seconds 
========================================================================
Received Import Request.
  Time since last request: 0.981244 seconds.
  path: Assets/Scriptable Objects/Cards/Deceiver/Daunting Emotion.asset
  artifactKey: Guid(a7fa462fd1da384428a0e64a6e8848d6) Importer(2089858483,0ecaa5967403d082aa24f35e1b516d23)
Start importing Assets/Scriptable Objects/Cards/Deceiver/Daunting Emotion.asset using Guid(a7fa462fd1da384428a0e64a6e8848d6) Importer(2089858483,0ecaa5967403d082aa24f35e1b516d23) Generated GUIDs only implemented for interfaces!
 -> (artifact id: 'ce816bac4833482aed68cfb268f005c0') in 0.009665 seconds 
========================================================================
Received Import Request.
  Time since last request: 9.948740 seconds.
  path: Assets/Scriptable Objects/Cards/Deceiver/Echoing Idea.asset
  artifactKey: Guid(9a42ba1a0c8c2634494c9edc559c3747) Importer(815301076,1909f56bfc062723c751e8b465ee728b)
Start importing Assets/Scriptable Objects/Cards/Deceiver/Echoing Idea.asset using Guid(9a42ba1a0c8c2634494c9edc559c3747) Importer(815301076,1909f56bfc062723c751e8b465ee728b)  -> (artifact id: '17ea28019088d2ebcc8e7089337cb445') in 0.007938 seconds 
========================================================================
Received Import Request.
  Time since last request: 0.980753 seconds.
  path: Assets/Scriptable Objects/Cards/Deceiver/Echoing Idea.asset
  artifactKey: Guid(9a42ba1a0c8c2634494c9edc559c3747) Importer(2089858483,0ecaa5967403d082aa24f35e1b516d23)
Start importing Assets/Scriptable Objects/Cards/Deceiver/Echoing Idea.asset using Guid(9a42ba1a0c8c2634494c9edc559c3747) Importer(2089858483,0ecaa5967403d082aa24f35e1b516d23) Generated GUIDs only implemented for interfaces!
 -> (artifact id: 'e73376b6d0f965891359c17c20de5fa9') in 0.010002 seconds 
========================================================================
Received Import Request.
  Time since last request: 22.834752 seconds.
  path: Assets/Scriptable Objects/Cards/Deceiver/Fake Memory.asset
  artifactKey: Guid(8eac93f0bf5b1ea498f30ffcb09e6e9e) Importer(815301076,1909f56bfc062723c751e8b465ee728b)
Start importing Assets/Scriptable Objects/Cards/Deceiver/Fake Memory.asset using Guid(8eac93f0bf5b1ea498f30ffcb09e6e9e) Importer(815301076,1909f56bfc062723c751e8b465ee728b)  -> (artifact id: 'b072d161803d5c75b69c232cce270c04') in 0.003824 seconds 
========================================================================
Received Import Request.
  Time since last request: 0.993893 seconds.
  path: Assets/Scriptable Objects/Cards/Deceiver/Fake Memory.asset
  artifactKey: Guid(8eac93f0bf5b1ea498f30ffcb09e6e9e) Importer(2089858483,0ecaa5967403d082aa24f35e1b516d23)
Start importing Assets/Scriptable Objects/Cards/Deceiver/Fake Memory.asset using Guid(8eac93f0bf5b1ea498f30ffcb09e6e9e) Importer(2089858483,0ecaa5967403d082aa24f35e1b516d23) Generated GUIDs only implemented for interfaces!
 -> (artifact id: '76181fc9431668de282e6d888da3bfd7') in 0.011647 seconds 
========================================================================
Received Import Request.
  Time since last request: 15.945153 seconds.
  path: Assets/Scriptable Objects/Cards/Deceiver/Mental Stab.asset
  artifactKey: Guid(c175241c955bd264c84d4606bc3f6093) Importer(815301076,1909f56bfc062723c751e8b465ee728b)
Start importing Assets/Scriptable Objects/Cards/Deceiver/Mental Stab.asset using Guid(c175241c955bd264c84d4606bc3f6093) Importer(815301076,1909f56bfc062723c751e8b465ee728b)  -> (artifact id: 'bbfb1bc35769350dcbf1c5173a919812') in 0.003594 seconds 
========================================================================
Received Import Request.
  Time since last request: 1.068348 seconds.
  path: Assets/Scriptable Objects/Cards/Deceiver/Mental Stab.asset
  artifactKey: Guid(c175241c955bd264c84d4606bc3f6093) Importer(2089858483,0ecaa5967403d082aa24f35e1b516d23)
Start importing Assets/Scriptable Objects/Cards/Deceiver/Mental Stab.asset using Guid(c175241c955bd264c84d4606bc3f6093) Importer(2089858483,0ecaa5967403d082aa24f35e1b516d23) Generated GUIDs only implemented for interfaces!
 -> (artifact id: '028ce2d44f5c2db713edf5285a09ac0c') in 0.009347 seconds 
========================================================================
Received Import Request.
  Time since last request: 19.845713 seconds.
  path: Assets/Scriptable Objects/Cards/Deceiver/Mental Stab.asset
  artifactKey: Guid(c175241c955bd264c84d4606bc3f6093) Importer(815301076,1909f56bfc062723c751e8b465ee728b)
Start importing Assets/Scriptable Objects/Cards/Deceiver/Mental Stab.asset using Guid(c175241c955bd264c84d4606bc3f6093) Importer(815301076,1909f56bfc062723c751e8b465ee728b)  -> (artifact id: '6d12f8b3771c8e7006abd9becbf0020a') in 0.003543 seconds 
========================================================================
Received Import Request.
  Time since last request: 0.980907 seconds.
  path: Assets/Scriptable Objects/Cards/Deceiver/Mental Stab.asset
  artifactKey: Guid(c175241c955bd264c84d4606bc3f6093) Importer(2089858483,0ecaa5967403d082aa24f35e1b516d23)
Start importing Assets/Scriptable Objects/Cards/Deceiver/Mental Stab.asset using Guid(c175241c955bd264c84d4606bc3f6093) Importer(2089858483,0ecaa5967403d082aa24f35e1b516d23) Generated GUIDs only implemented for interfaces!
 -> (artifact id: 'b48810c6d70bb211ac63650af7a32604') in 0.009064 seconds 
========================================================================
Received Import Request.
  Time since last request: 30.013728 seconds.
  path: Assets/Scriptable Objects/Cards/Deceiver/Plant the seed.asset
  artifactKey: Guid(f21a48a587be96a4e873fd0df124f29a) Importer(815301076,1909f56bfc062723c751e8b465ee728b)
Start importing Assets/Scriptable Objects/Cards/Deceiver/Plant the seed.asset using Guid(f21a48a587be96a4e873fd0df124f29a) Importer(815301076,1909f56bfc062723c751e8b465ee728b)  -> (artifact id: 'b007c6a180bbf785e140978e665a27fe') in 0.007501 seconds 
========================================================================
Received Import Request.
  Time since last request: 0.980550 seconds.
  path: Assets/Scriptable Objects/Cards/Deceiver/Plant the seed.asset
  artifactKey: Guid(f21a48a587be96a4e873fd0df124f29a) Importer(2089858483,0ecaa5967403d082aa24f35e1b516d23)
Start importing Assets/Scriptable Objects/Cards/Deceiver/Plant the seed.asset using Guid(f21a48a587be96a4e873fd0df124f29a) Importer(2089858483,0ecaa5967403d082aa24f35e1b516d23) Generated GUIDs only implemented for interfaces!
 -> (artifact id: 'ada186d224a68fd157ed32ad17e925f5') in 0.009490 seconds 
========================================================================
Received Import Request.
  Time since last request: 31.388941 seconds.
  path: Assets/Scriptable Objects/Cards/Deceiver/Whisper.asset
  artifactKey: Guid(a791ef8690d99fb4da5d58cb102712d5) Importer(815301076,1909f56bfc062723c751e8b465ee728b)
Start importing Assets/Scriptable Objects/Cards/Deceiver/Whisper.asset using Guid(a791ef8690d99fb4da5d58cb102712d5) Importer(815301076,1909f56bfc062723c751e8b465ee728b)  -> (artifact id: '9d0e60cfadfe4dd1871213ee11441d65') in 0.007760 seconds 
========================================================================
Received Import Request.
  Time since last request: 0.981068 seconds.
  path: Assets/Scriptable Objects/Cards/Deceiver/Whisper.asset
  artifactKey: Guid(a791ef8690d99fb4da5d58cb102712d5) Importer(2089858483,0ecaa5967403d082aa24f35e1b516d23)
Start importing Assets/Scriptable Objects/Cards/Deceiver/Whisper.asset using Guid(a791ef8690d99fb4da5d58cb102712d5) Importer(2089858483,0ecaa5967403d082aa24f35e1b516d23) Generated GUIDs only implemented for interfaces!
 -> (artifact id: '3cc121331843ad49e35e5bc6a52587e1') in 0.009861 seconds 
========================================================================
Received Import Request.
  Time since last request: 22.246853 seconds.
  path: Assets/Scriptable Objects/Cards/Generalist/Hysteria.asset
  artifactKey: Guid(778d5affed9ca5f43bb720eb9ab2a9df) Importer(815301076,1909f56bfc062723c751e8b465ee728b)
Start importing Assets/Scriptable Objects/Cards/Generalist/Hysteria.asset using Guid(778d5affed9ca5f43bb720eb9ab2a9df) Importer(815301076,1909f56bfc062723c751e8b465ee728b)  -> (artifact id: '004f4bd7de570972a5ccdd3b3b46b69c') in 0.003447 seconds 
========================================================================
Received Import Request.
  Time since last request: 0.984660 seconds.
  path: Assets/Scriptable Objects/Cards/Generalist/Hysteria.asset
  artifactKey: Guid(778d5affed9ca5f43bb720eb9ab2a9df) Importer(2089858483,0ecaa5967403d082aa24f35e1b516d23)
Start importing Assets/Scriptable Objects/Cards/Generalist/Hysteria.asset using Guid(778d5affed9ca5f43bb720eb9ab2a9df) Importer(2089858483,0ecaa5967403d082aa24f35e1b516d23) Generated GUIDs only implemented for interfaces!
 -> (artifact id: '423bc6c28ba5a452415ee2ba7448a210') in 0.008896 seconds 
========================================================================
Received Import Request.
  Time since last request: 18.480709 seconds.
  path: Assets/Scriptable Objects/Cards/Generalist/Hysteria.asset
  artifactKey: Guid(778d5affed9ca5f43bb720eb9ab2a9df) Importer(815301076,1909f56bfc062723c751e8b465ee728b)
Start importing Assets/Scriptable Objects/Cards/Generalist/Hysteria.asset using Guid(778d5affed9ca5f43bb720eb9ab2a9df) Importer(815301076,1909f56bfc062723c751e8b465ee728b)  -> (artifact id: 'a1a77c03dd8e177d2522f1cc85f89513') in 0.003535 seconds 
========================================================================
Received Import Request.
  Time since last request: 0.981131 seconds.
  path: Assets/Scriptable Objects/Cards/Generalist/Hysteria.asset
  artifactKey: Guid(778d5affed9ca5f43bb720eb9ab2a9df) Importer(2089858483,0ecaa5967403d082aa24f35e1b516d23)
Start importing Assets/Scriptable Objects/Cards/Generalist/Hysteria.asset using Guid(778d5affed9ca5f43bb720eb9ab2a9df) Importer(2089858483,0ecaa5967403d082aa24f35e1b516d23) Generated GUIDs only implemented for interfaces!
 -> (artifact id: '3aa01f474ccee42bfd32342bbe7c8eb9') in 0.009082 seconds 
========================================================================
Received Import Request.
  Time since last request: 1.754536 seconds.
  path: Assets/Scriptable Objects/Cards/Generalist/Hysteria.asset
  artifactKey: Guid(778d5affed9ca5f43bb720eb9ab2a9df) Importer(815301076,1909f56bfc062723c751e8b465ee728b)
Start importing Assets/Scriptable Objects/Cards/Generalist/Hysteria.asset using Guid(778d5affed9ca5f43bb720eb9ab2a9df) Importer(815301076,1909f56bfc062723c751e8b465ee728b)  -> (artifact id: '470416c9330fbf636a7831ca48fd8c51') in 0.003848 seconds 
========================================================================
Received Import Request.
  Time since last request: 0.982854 seconds.
  path: Assets/Scriptable Objects/Cards/Generalist/Hysteria.asset
  artifactKey: Guid(778d5affed9ca5f43bb720eb9ab2a9df) Importer(2089858483,0ecaa5967403d082aa24f35e1b516d23)
Start importing Assets/Scriptable Objects/Cards/Generalist/Hysteria.asset using Guid(778d5affed9ca5f43bb720eb9ab2a9df) Importer(2089858483,0ecaa5967403d082aa24f35e1b516d23) Generated GUIDs only implemented for interfaces!
 -> (artifact id: 'f28b514f911c66d6f414f4aac227e5a8') in 0.010069 seconds 
========================================================================
Received Import Request.
  Time since last request: 29.630645 seconds.
  path: Assets/Scriptable Objects/Cards/Generalist/Mass Hysteria.asset
  artifactKey: Guid(a10f1c6e9e0af8943af746e3d8b0d826) Importer(815301076,1909f56bfc062723c751e8b465ee728b)
Start importing Assets/Scriptable Objects/Cards/Generalist/Mass Hysteria.asset using Guid(a10f1c6e9e0af8943af746e3d8b0d826) Importer(815301076,1909f56bfc062723c751e8b465ee728b)  -> (artifact id: '632e84f8186e2426da06be691701ac55') in 0.007320 seconds 
========================================================================
Received Import Request.
  Time since last request: 0.006428 seconds.
  path: Assets/Scriptable Objects/Cards/Generalist/Hysteria.asset
  artifactKey: Guid(778d5affed9ca5f43bb720eb9ab2a9df) Importer(815301076,1909f56bfc062723c751e8b465ee728b)
Start importing Assets/Scriptable Objects/Cards/Generalist/Hysteria.asset using Guid(778d5affed9ca5f43bb720eb9ab2a9df) Importer(815301076,1909f56bfc062723c751e8b465ee728b)  -> (artifact id: '9d024abc5f6e95fc0adf2a45d248cce5') in 0.003481 seconds 
========================================================================
Received Import Request.
  Time since last request: 0.963307 seconds.
  path: Assets/Scriptable Objects/Cards/Generalist/Mass Hysteria.asset
  artifactKey: Guid(a10f1c6e9e0af8943af746e3d8b0d826) Importer(2089858483,0ecaa5967403d082aa24f35e1b516d23)
Start importing Assets/Scriptable Objects/Cards/Generalist/Mass Hysteria.asset using Guid(a10f1c6e9e0af8943af746e3d8b0d826) Importer(2089858483,0ecaa5967403d082aa24f35e1b516d23) Generated GUIDs only implemented for interfaces!
 -> (artifact id: '460b72b886ffc6b614c443e0cd89978d') in 0.010332 seconds 
========================================================================
Received Import Request.
  Time since last request: 17.703765 seconds.
  path: Assets/Scriptable Objects/Cards/Generalist/Mass Hysteria.asset
  artifactKey: Guid(a10f1c6e9e0af8943af746e3d8b0d826) Importer(815301076,1909f56bfc062723c751e8b465ee728b)
Start importing Assets/Scriptable Objects/Cards/Generalist/Mass Hysteria.asset using Guid(a10f1c6e9e0af8943af746e3d8b0d826) Importer(815301076,1909f56bfc062723c751e8b465ee728b)  -> (artifact id: '6ea1e25c181f877fdd430c633a9be6b0') in 0.007798 seconds 
========================================================================
Received Import Request.
  Time since last request: 0.982026 seconds.
  path: Assets/Scriptable Objects/Cards/Generalist/Mass Hysteria.asset
  artifactKey: Guid(a10f1c6e9e0af8943af746e3d8b0d826) Importer(2089858483,0ecaa5967403d082aa24f35e1b516d23)
Start importing Assets/Scriptable Objects/Cards/Generalist/Mass Hysteria.asset using Guid(a10f1c6e9e0af8943af746e3d8b0d826) Importer(2089858483,0ecaa5967403d082aa24f35e1b516d23) Generated GUIDs only implemented for interfaces!
 -> (artifact id: '81173506732cf31551d571d052abb719') in 0.009172 seconds 
========================================================================
Received Import Request.
  Time since last request: 29.861893 seconds.
  path: Assets/Scriptable Objects/Cards/Generalist/Visions.asset
  artifactKey: Guid(5d4aff6811fef3849b9d4f0e18c22a11) Importer(815301076,1909f56bfc062723c751e8b465ee728b)
Start importing Assets/Scriptable Objects/Cards/Generalist/Visions.asset using Guid(5d4aff6811fef3849b9d4f0e18c22a11) Importer(815301076,1909f56bfc062723c751e8b465ee728b)  -> (artifact id: '5190ab247a7332aff887ab2d16b996f9') in 0.007566 seconds 
========================================================================
Received Import Request.
  Time since last request: 0.980911 seconds.
  path: Assets/Scriptable Objects/Cards/Generalist/Visions.asset
  artifactKey: Guid(5d4aff6811fef3849b9d4f0e18c22a11) Importer(2089858483,0ecaa5967403d082aa24f35e1b516d23)
Start importing Assets/Scriptable Objects/Cards/Generalist/Visions.asset using Guid(5d4aff6811fef3849b9d4f0e18c22a11) Importer(2089858483,0ecaa5967403d082aa24f35e1b516d23) Generated GUIDs only implemented for interfaces!
 -> (artifact id: '66250ad31d0ad6fbb3d97e4f94f9b1c2') in 0.009182 seconds 
========================================================================
Received Import Request.
  Time since last request: 21.080303 seconds.
  path: Assets/Scriptable Objects/Cards/Generalist/Visions.asset
  artifactKey: Guid(5d4aff6811fef3849b9d4f0e18c22a11) Importer(815301076,1909f56bfc062723c751e8b465ee728b)
Start importing Assets/Scriptable Objects/Cards/Generalist/Visions.asset using Guid(5d4aff6811fef3849b9d4f0e18c22a11) Importer(815301076,1909f56bfc062723c751e8b465ee728b)  -> (artifact id: '3be05be916b218031a29c52141db0266') in 0.003362 seconds 
========================================================================
Received Import Request.
  Time since last request: 0.988542 seconds.
  path: Assets/Scriptable Objects/Cards/Generalist/Visions.asset
  artifactKey: Guid(5d4aff6811fef3849b9d4f0e18c22a11) Importer(2089858483,0ecaa5967403d082aa24f35e1b516d23)
Start importing Assets/Scriptable Objects/Cards/Generalist/Visions.asset using Guid(5d4aff6811fef3849b9d4f0e18c22a11) Importer(2089858483,0ecaa5967403d082aa24f35e1b516d23) Generated GUIDs only implemented for interfaces!
 -> (artifact id: '7a25488a1cb7be5263dd678ae6be07d1') in 0.009053 seconds 
========================================================================
Received Import Request.
  Time since last request: 27.381985 seconds.
  path: Assets/Scriptable Objects/Cards/Generalist/Visions.asset
  artifactKey: Guid(5d4aff6811fef3849b9d4f0e18c22a11) Importer(815301076,1909f56bfc062723c751e8b465ee728b)
Start importing Assets/Scriptable Objects/Cards/Generalist/Visions.asset using Guid(5d4aff6811fef3849b9d4f0e18c22a11) Importer(815301076,1909f56bfc062723c751e8b465ee728b)  -> (artifact id: '73148c4023d0a62ede8519e9e6c4e026') in 0.003465 seconds 
========================================================================
Received Import Request.
  Time since last request: 0.986063 seconds.
  path: Assets/Scriptable Objects/Cards/Generalist/Visions.asset
  artifactKey: Guid(5d4aff6811fef3849b9d4f0e18c22a11) Importer(2089858483,0ecaa5967403d082aa24f35e1b516d23)
Start importing Assets/Scriptable Objects/Cards/Generalist/Visions.asset using Guid(5d4aff6811fef3849b9d4f0e18c22a11) Importer(2089858483,0ecaa5967403d082aa24f35e1b516d23) Generated GUIDs only implemented for interfaces!
 -> (artifact id: '80e0eb4c3e568dcdad080d92d0325bb5') in 0.008956 seconds 
========================================================================
Received Import Request.
  Time since last request: 42.831251 seconds.
  path: Assets/Scriptable Objects/Cards/Deceiver/Whisper.asset
  artifactKey: Guid(a791ef8690d99fb4da5d58cb102712d5) Importer(815301076,1909f56bfc062723c751e8b465ee728b)
Start importing Assets/Scriptable Objects/Cards/Deceiver/Whisper.asset using Guid(a791ef8690d99fb4da5d58cb102712d5) Importer(815301076,1909f56bfc062723c751e8b465ee728b)  -> (artifact id: '568f4d3a11fe184dc3df9e5076baf4ae') in 0.004004 seconds 
========================================================================
Received Import Request.
  Time since last request: 0.013448 seconds.
  path: Assets/Scriptable Objects/Cards/Deceiver/Mental Stab.asset
  artifactKey: Guid(c175241c955bd264c84d4606bc3f6093) Importer(815301076,1909f56bfc062723c751e8b465ee728b)
Start importing Assets/Scriptable Objects/Cards/Deceiver/Mental Stab.asset using Guid(c175241c955bd264c84d4606bc3f6093) Importer(815301076,1909f56bfc062723c751e8b465ee728b)  -> (artifact id: 'a20d49dc36d1ef16b24f66a97c5cb55f') in 0.004129 seconds 
========================================================================
Received Import Request.
  Time since last request: 0.958783 seconds.
  path: Assets/Scriptable Objects/Cards/Deceiver/Whisper.asset
  artifactKey: Guid(a791ef8690d99fb4da5d58cb102712d5) Importer(2089858483,0ecaa5967403d082aa24f35e1b516d23)
Start importing Assets/Scriptable Objects/Cards/Deceiver/Whisper.asset using Guid(a791ef8690d99fb4da5d58cb102712d5) Importer(2089858483,0ecaa5967403d082aa24f35e1b516d23) Generated GUIDs only implemented for interfaces!
 -> (artifact id: 'c8d1ee3dd6430bc730e962acc75cbda9') in 0.010036 seconds 
========================================================================
Received Import Request.
  Time since last request: 0.000023 seconds.
  path: Assets/Scriptable Objects/Cards/Deceiver/Mental Stab.asset
  artifactKey: Guid(c175241c955bd264c84d4606bc3f6093) Importer(2089858483,0ecaa5967403d082aa24f35e1b516d23)
Start importing Assets/Scriptable Objects/Cards/Deceiver/Mental Stab.asset using Guid(c175241c955bd264c84d4606bc3f6093) Importer(2089858483,0ecaa5967403d082aa24f35e1b516d23) Generated GUIDs only implemented for interfaces!
 -> (artifact id: 'ffaea420397e5d488bfb5fc90a691f16') in 0.010290 seconds 
========================================================================
Received Import Request.
  Time since last request: 24.156458 seconds.
  path: Packages/com.unity.2d.animation/Editor/Assets/SkinningModule/Icons/Light/Visibility_Hidded.png
  artifactKey: Guid(a20f7223e2252fc4d813fc92d0f3a614) Importer(815301076,1909f56bfc062723c751e8b465ee728b)
Start importing Packages/com.unity.2d.animation/Editor/Assets/SkinningModule/Icons/Light/Visibility_Hidded.png using Guid(a20f7223e2252fc4d813fc92d0f3a614) Importer(815301076,1909f56bfc062723c751e8b465ee728b)  -> (artifact id: '1ac30d8e71d4b6b80688caa8cab8bead') in 0.122877 seconds 
========================================================================
Received Import Request.
  Time since last request: 0.000030 seconds.
  path: Packages/com.unity.2d.animation/Editor/Assets/SkinningModule/Icons/Selected/Visibility_Tool@2x.png
  artifactKey: Guid(ef9977ed07c438845a52c577f4ffcc3a) Importer(815301076,1909f56bfc062723c751e8b465ee728b)
Start importing Packages/com.unity.2d.animation/Editor/Assets/SkinningModule/Icons/Selected/Visibility_Tool@2x.png using Guid(ef9977ed07c438845a52c577f4ffcc3a) Importer(815301076,1909f56bfc062723c751e8b465ee728b)  -> (artifact id: '1c4208d3e09c5303c69b95ee756c99a6') in 0.034344 seconds 
========================================================================
Received Import Request.
  Time since last request: 0.000031 seconds.
  path: Packages/com.unity.2d.animation/Editor/Assets/SkinningModule/Icons/Light/Visibility_Tool@2x.png
  artifactKey: Guid(45c995b76b893fd4b9e8d3e0f9f6463b) Importer(815301076,1909f56bfc062723c751e8b465ee728b)
Start importing Packages/com.unity.2d.animation/Editor/Assets/SkinningModule/Icons/Light/Visibility_Tool@2x.png using Guid(45c995b76b893fd4b9e8d3e0f9f6463b) Importer(815301076,1909f56bfc062723c751e8b465ee728b)  -> (artifact id: '19c145901afbd2099aea53b9fa48cc85') in 0.030046 seconds 
========================================================================
Received Import Request.
  Time since last request: 0.000055 seconds.
  path: Packages/com.unity.2d.animation/Editor/Assets/SkinningModule/Icons/Selected/Visibility_Tool.png
  artifactKey: Guid(7342ee656932e31489ea62e64e012645) Importer(815301076,1909f56bfc062723c751e8b465ee728b)
Start importing Packages/com.unity.2d.animation/Editor/Assets/SkinningModule/Icons/Selected/Visibility_Tool.png using Guid(7342ee656932e31489ea62e64e012645) Importer(815301076,1909f56bfc062723c751e8b465ee728b)  -> (artifact id: 'dfd3281e1ba14c66299cd8cf276f632d') in 0.026590 seconds 
========================================================================
Received Import Request.
  Time since last request: 0.000023 seconds.
  path: Packages/com.unity.2d.animation/Editor/Assets/SkinningModule/Icons/Selected/Visibility_Tool@3x.png
  artifactKey: Guid(8004118ba4145a74e823fedaa37acf3a) Importer(815301076,1909f56bfc062723c751e8b465ee728b)
Start importing Packages/com.unity.2d.animation/Editor/Assets/SkinningModule/Icons/Selected/Visibility_Tool@3x.png using Guid(8004118ba4145a74e823fedaa37acf3a) Importer(815301076,1909f56bfc062723c751e8b465ee728b)  -> (artifact id: '886d449687dc27b303b1bfdf9bb95320') in 0.030898 seconds 
========================================================================
Received Import Request.
  Time since last request: 0.000023 seconds.
  path: Packages/com.unity.2d.animation/Editor/Assets/SkinningModule/Icons/Light/Visibility_Hidded@4x.png
  artifactKey: Guid(f469f8253737d534ca7809ae6f0d2422) Importer(815301076,1909f56bfc062723c751e8b465ee728b)
Start importing Packages/com.unity.2d.animation/Editor/Assets/SkinningModule/Icons/Light/Visibility_Hidded@4x.png using Guid(f469f8253737d534ca7809ae6f0d2422) Importer(815301076,1909f56bfc062723c751e8b465ee728b)  -> (artifact id: '6a0c3ffbcc2c16a40a0af10d14d73529') in 0.030426 seconds 
========================================================================
Received Import Request.
  Time since last request: 2.845007 seconds.
  path: Assets/Scriptable Objects/Cards/Generalist/Visions.asset
  artifactKey: Guid(5d4aff6811fef3849b9d4f0e18c22a11) Importer(815301076,1909f56bfc062723c751e8b465ee728b)
Start importing Assets/Scriptable Objects/Cards/Generalist/Visions.asset using Guid(5d4aff6811fef3849b9d4f0e18c22a11) Importer(815301076,1909f56bfc062723c751e8b465ee728b)  -> (artifact id: '7a593ce28b6b8ce5d3d357036609e595') in 0.003853 seconds 
========================================================================
Received Import Request.
  Time since last request: 0.012449 seconds.
  path: Assets/Scriptable Objects/Cards/Generalist/Hysteria.asset
  artifactKey: Guid(778d5affed9ca5f43bb720eb9ab2a9df) Importer(815301076,1909f56bfc062723c751e8b465ee728b)
Start importing Assets/Scriptable Objects/Cards/Generalist/Hysteria.asset using Guid(778d5affed9ca5f43bb720eb9ab2a9df) Importer(815301076,1909f56bfc062723c751e8b465ee728b)  -> (artifact id: 'be2c4e62c498e2142a14310d30e7b2fa') in 0.003866 seconds 
========================================================================
Received Import Request.
  Time since last request: 0.962387 seconds.
  path: Assets/Scriptable Objects/Cards/Generalist/Visions.asset
  artifactKey: Guid(5d4aff6811fef3849b9d4f0e18c22a11) Importer(2089858483,0ecaa5967403d082aa24f35e1b516d23)
Start importing Assets/Scriptable Objects/Cards/Generalist/Visions.asset using Guid(5d4aff6811fef3849b9d4f0e18c22a11) Importer(2089858483,0ecaa5967403d082aa24f35e1b516d23) Generated GUIDs only implemented for interfaces!
 -> (artifact id: 'aa5c38e3a8d30a1ed8364948cbb89907') in 0.010829 seconds 
========================================================================
Received Import Request.
  Time since last request: 0.000030 seconds.
  path: Assets/Scriptable Objects/Cards/Generalist/Hysteria.asset
  artifactKey: Guid(778d5affed9ca5f43bb720eb9ab2a9df) Importer(2089858483,0ecaa5967403d082aa24f35e1b516d23)
Start importing Assets/Scriptable Objects/Cards/Generalist/Hysteria.asset using Guid(778d5affed9ca5f43bb720eb9ab2a9df) Importer(2089858483,0ecaa5967403d082aa24f35e1b516d23) Generated GUIDs only implemented for interfaces!
 -> (artifact id: '9ad63278a0926e689c32208f825be2e7') in 0.011268 seconds 
Editor requested this worker to shutdown with reason: Scaling down because of idle timeout
AssetImportWorker is now disconnected from the server
Process exiting
Exiting without the bug reporter. Application will terminate with return code 0