Using pre-set license
Built from '2021.3/staging' branch; Version is '2021.3.11f1 (0a5ca18544bf) revision 679073'; Using compiler version '192829333'; Build Type 'Release'
OS: 'Windows 10  (10.0.19044) 64bit Core' Language: 'en' Physical Memory: 16332 MB
BatchMode: 1, IsHumanControllingUs: 0, StartBugReporterOnCrash: 0, Is64bit: 1, IsPro: 1

COMMAND LINE ARGUMENTS:
C:\Program Files\Unity\Hub\Editor\2021.3.11f1\Editor\Unity.exe
-adb2
-batchMode
-noUpm
-name
AssetImportWorker11
-projectPath
C:/Users/Neox/CosmicHorrorJam
-logFile
Logs/AssetImportWorker11.log
-srvPort
64264
Successfully changed project path to: C:/Users/Neox/CosmicHorrorJam
C:/Users/Neox/CosmicHorrorJam
[UnityMemory] Configuration Parameters - Can be set up in boot.config
    "memorysetup-bucket-allocator-granularity=16"
    "memorysetup-bucket-allocator-bucket-count=8"
    "memorysetup-bucket-allocator-block-size=33554432"
    "memorysetup-bucket-allocator-block-count=8"
    "memorysetup-main-allocator-block-size=16777216"
    "memorysetup-thread-allocator-block-size=16777216"
    "memorysetup-gfx-main-allocator-block-size=16777216"
    "memorysetup-gfx-thread-allocator-block-size=16777216"
    "memorysetup-cache-allocator-block-size=4194304"
    "memorysetup-typetree-allocator-block-size=2097152"
    "memorysetup-profiler-bucket-allocator-granularity=16"
    "memorysetup-profiler-bucket-allocator-bucket-count=8"
    "memorysetup-profiler-bucket-allocator-block-size=33554432"
    "memorysetup-profiler-bucket-allocator-block-count=8"
    "memorysetup-profiler-allocator-block-size=16777216"
    "memorysetup-profiler-editor-allocator-block-size=1048576"
    "memorysetup-temp-allocator-size-main=16777216"
    "memorysetup-job-temp-allocator-block-size=2097152"
    "memorysetup-job-temp-allocator-block-size-background=1048576"
    "memorysetup-job-temp-allocator-reduction-small-platforms=262144"
    "memorysetup-temp-allocator-size-background-worker=32768"
    "memorysetup-temp-allocator-size-job-worker=262144"
    "memorysetup-temp-allocator-size-preload-manager=33554432"
    "memorysetup-temp-allocator-size-nav-mesh-worker=65536"
    "memorysetup-temp-allocator-size-audio-worker=65536"
    "memorysetup-temp-allocator-size-cloud-worker=32768"
    "memorysetup-temp-allocator-size-gi-baking-worker=262144"
    "memorysetup-temp-allocator-size-gfx=262144"
Refreshing native plugins compatible for Editor in 146.18 ms, found 4 plugins.
Preloading 0 native plugins for Editor in 0.00 ms.
Initialize engine version: 2021.3.11f1 (0a5ca18544bf)
[Subsystems] Discovering subsystems at path C:/Program Files/Unity/Hub/Editor/2021.3.11f1/Editor/Data/Resources/UnitySubsystems
[Subsystems] Discovering subsystems at path C:/Users/Neox/CosmicHorrorJam/Assets
GfxDevice: creating device client; threaded=0; jobified=0
Direct3D:
    Version:  Direct3D 11.0 [level 11.1]
    Renderer: NVIDIA GeForce GTX 1070 (ID=0x1b81)
    Vendor:   NVIDIA
    VRAM:     8088 MB
    Driver:   31.0.15.1694
Initialize mono
Mono path[0] = 'C:/Program Files/Unity/Hub/Editor/2021.3.11f1/Editor/Data/Managed'
Mono path[1] = 'C:/Program Files/Unity/Hub/Editor/2021.3.11f1/Editor/Data/MonoBleedingEdge/lib/mono/unityjit-win32'
Mono config path = 'C:/Program Files/Unity/Hub/Editor/2021.3.11f1/Editor/Data/MonoBleedingEdge/etc'
Using monoOptions --debugger-agent=transport=dt_socket,embedding=1,server=y,suspend=n,address=127.0.0.1:56736
Begin MonoManager ReloadAssembly
Registering precompiled unity dll's ...
Register platform support module: C:/Program Files/Unity/Hub/Editor/2021.3.11f1/Editor/Data/PlaybackEngines/WindowsStandaloneSupport/UnityEditor.WindowsStandalone.Extensions.dll
Registered in 0.013020 seconds.
Native extension for WindowsStandalone target not found
Refreshing native plugins compatible for Editor in 139.85 ms, found 4 plugins.
Preloading 0 native plugins for Editor in 0.00 ms.
Mono: successfully reloaded assembly
- Completed reload, in  0.923 seconds
Domain Reload Profiling:
	ReloadAssembly (924ms)
		BeginReloadAssembly (102ms)
			ExecutionOrderSort (0ms)
			DisableScriptedObjects (0ms)
			BackupInstance (0ms)
			ReleaseScriptingObjects (0ms)
			CreateAndSetChildDomain (1ms)
		EndReloadAssembly (655ms)
			LoadAssemblies (97ms)
			RebuildTransferFunctionScriptingTraits (0ms)
			SetupTypeCache (133ms)
			ReleaseScriptCaches (0ms)
			RebuildScriptCaches (36ms)
			SetupLoadedEditorAssemblies (410ms)
				LogAssemblyErrors (0ms)
				InitializePlatformSupportModulesInManaged (12ms)
				SetLoadedEditorAssemblies (0ms)
				RefreshPlugins (140ms)
				BeforeProcessingInitializeOnLoad (2ms)
				ProcessInitializeOnLoadAttributes (194ms)
				ProcessInitializeOnLoadMethodAttributes (63ms)
				AfterProcessingInitializeOnLoad (0ms)
				EditorAssembliesLoaded (0ms)
			ExecutionOrderSort2 (0ms)
			AwakeInstancesAfterBackupRestoration (0ms)
Platform modules already initialized, skipping
Registering precompiled user dll's ...
Registered in 0.015530 seconds.
Begin MonoManager ReloadAssembly
Symbol file LoadedFromMemory doesn't match image C:\Users\Neox\CosmicHorrorJam\Library\PackageCache\com.unity.visualscripting@1.7.8\Editor\VisualScripting.Core\Dependencies\YamlDotNet\Unity.VisualScripting.YamlDotNet.dll
Symbol file LoadedFromMemory doesn't match image C:\Users\Neox\CosmicHorrorJam\Library\PackageCache\com.unity.visualscripting@1.7.8\Editor\VisualScripting.Core\Dependencies\DotNetZip\Unity.VisualScripting.IonicZip.dll
Native extension for WindowsStandalone target not found
Refreshing native plugins compatible for Editor in 139.30 ms, found 4 plugins.
Preloading 0 native plugins for Editor in 0.00 ms.
Mono: successfully reloaded assembly
- Completed reload, in  1.864 seconds
Domain Reload Profiling:
	ReloadAssembly (1865ms)
		BeginReloadAssembly (157ms)
			ExecutionOrderSort (0ms)
			DisableScriptedObjects (8ms)
			BackupInstance (0ms)
			ReleaseScriptingObjects (0ms)
			CreateAndSetChildDomain (24ms)
		EndReloadAssembly (1529ms)
			LoadAssemblies (136ms)
			RebuildTransferFunctionScriptingTraits (0ms)
			SetupTypeCache (364ms)
			ReleaseScriptCaches (1ms)
			RebuildScriptCaches (83ms)
			SetupLoadedEditorAssemblies (876ms)
				LogAssemblyErrors (0ms)
				InitializePlatformSupportModulesInManaged (8ms)
				SetLoadedEditorAssemblies (0ms)
				RefreshPlugins (139ms)
				BeforeProcessingInitializeOnLoad (166ms)
				ProcessInitializeOnLoadAttributes (428ms)
				ProcessInitializeOnLoadMethodAttributes (116ms)
				AfterProcessingInitializeOnLoad (19ms)
				EditorAssembliesLoaded (0ms)
			ExecutionOrderSort2 (0ms)
			AwakeInstancesAfterBackupRestoration (9ms)
Platform modules already initialized, skipping
========================================================================
Worker process is ready to serve import requests
Launched and connected shader compiler UnityShaderCompiler.exe after 0.05 seconds
Refreshing native plugins compatible for Editor in 0.94 ms, found 4 plugins.
Preloading 0 native plugins for Editor in 0.00 ms.
Unloading 4955 Unused Serialized files (Serialized files now loaded: 0)
Unloading 47 unused Assets / (229.4 KB). Loaded Objects now: 5408.
Memory consumption went from 184.0 MB to 183.8 MB.
Total: 5.448300 ms (FindLiveObjects: 0.517700 ms CreateObjectMapping: 0.183600 ms MarkObjects: 4.474800 ms  DeleteObjects: 0.270600 ms)

AssetImportParameters requested are different than current active one (requested -> active):
  custom:video-decoder-ogg-theora: a1e56fd34408186e4bbccfd4996cb3dc -> 
  custom:container-muxer-webm: aa71ff27fc2769a1b78a27578f13a17b -> 
  custom:container-demuxer-webm: 4f35f7cbe854078d1ac9338744f61a02 -> 
  custom:video-encoder-webm-vp8: eb34c28f22e8b96e1ab97ce403110664 -> 
  custom:audio-encoder-webm-vorbis: bf7c407c2cedff20999df2af8eb42d56 -> 
  custom:framework-win-MediaFoundation: 216162199b28c13a410421893ffa2e32 -> 
  custom:container-demuxer-ogg: 62fdf1f143b41e24485cea50d1cbac27 -> 
  custom:video-decoder-webm-vp8: 9c59270c3fd7afecdb556c50c9e8de78 -> 
  custom:audio-decoder-ogg-vorbis: bf7c407c2cedff20999df2af8eb42d56 -> 
========================================================================
Received Import Request.
  Time since last request: 3195.235071 seconds.
  path: Assets/Prefabs/Card.prefab
  artifactKey: Guid(8fac7b89b78a8d443b160eccfa564c96) Importer(815301076,1909f56bfc062723c751e8b465ee728b)
Start importing Assets/Prefabs/Card.prefab using Guid(8fac7b89b78a8d443b160eccfa564c96) Importer(815301076,1909f56bfc062723c751e8b465ee728b)  -> (artifact id: 'd27baa78c0297736571e8ed461def7cf') in 0.121345 seconds 
========================================================================
Received Import Request.
  Time since last request: 36.043916 seconds.
  path: Assets/Prefabs/Crusader.prefab
  artifactKey: Guid(0c6c14765e74ee148a4d672ecc78ab4a) Importer(815301076,1909f56bfc062723c751e8b465ee728b)
Start importing Assets/Prefabs/Crusader.prefab using Guid(0c6c14765e74ee148a4d672ecc78ab4a) Importer(815301076,1909f56bfc062723c751e8b465ee728b)  -> (artifact id: '348c520ac37ef5e3bef897d9103dff8d') in 0.092154 seconds 
========================================================================
Received Import Request.
  Time since last request: 6.125373 seconds.
  path: Assets/Prefabs/Character.prefab
  artifactKey: Guid(efddea1cbe1124a4f8d1216a3ab0ccb3) Importer(815301076,1909f56bfc062723c751e8b465ee728b)
Start importing Assets/Prefabs/Character.prefab using Guid(efddea1cbe1124a4f8d1216a3ab0ccb3) Importer(815301076,1909f56bfc062723c751e8b465ee728b)  -> (artifact id: 'aa8c27542fc6925cf9d07108c17c3963') in 0.016777 seconds 
========================================================================
Received Import Request.
  Time since last request: 25.800793 seconds.
  path: Assets/Graphics/Materials/characters.mat
  artifactKey: Guid(e08cf97b45b02554da064e31410bc0af) Importer(815301076,1909f56bfc062723c751e8b465ee728b)
Start importing Assets/Graphics/Materials/characters.mat using Guid(e08cf97b45b02554da064e31410bc0af) Importer(815301076,1909f56bfc062723c751e8b465ee728b)  -> (artifact id: '9def680bcb79ded18c4773c54ac55249') in 0.037114 seconds 
========================================================================
Received Import Request.
  Time since last request: 39.986885 seconds.
  path: Assets/Prefabs/Character.prefab
  artifactKey: Guid(efddea1cbe1124a4f8d1216a3ab0ccb3) Importer(815301076,1909f56bfc062723c751e8b465ee728b)
Start importing Assets/Prefabs/Character.prefab using Guid(efddea1cbe1124a4f8d1216a3ab0ccb3) Importer(815301076,1909f56bfc062723c751e8b465ee728b)  -> (artifact id: '7214cc2ee5d8380415d22f971d2e670e') in 0.017864 seconds 
========================================================================
Received Import Request.
  Time since last request: 6.069831 seconds.
  path: Assets/Scriptable Objects/Cards/Job/Worker/Bomb.asset
  artifactKey: Guid(83a659c3f48f580419180bb418cdbaa9) Importer(815301076,1909f56bfc062723c751e8b465ee728b)
Start importing Assets/Scriptable Objects/Cards/Job/Worker/Bomb.asset using Guid(83a659c3f48f580419180bb418cdbaa9) Importer(815301076,1909f56bfc062723c751e8b465ee728b)  -> (artifact id: '7fa9f5c1e7504cbb29dc6aecd55b892d') in 0.009864 seconds 
========================================================================
Received Import Request.
  Time since last request: 0.000029 seconds.
  path: Assets/Scriptable Objects/Cards/Deceiver/Daunting Emotion.asset
  artifactKey: Guid(a7fa462fd1da384428a0e64a6e8848d6) Importer(815301076,1909f56bfc062723c751e8b465ee728b)
Start importing Assets/Scriptable Objects/Cards/Deceiver/Daunting Emotion.asset using Guid(a7fa462fd1da384428a0e64a6e8848d6) Importer(815301076,1909f56bfc062723c751e8b465ee728b)  -> (artifact id: 'c05fba65956e11553706649942b44fea') in 0.009256 seconds 
========================================================================
Received Import Request.
  Time since last request: 0.000028 seconds.
  path: Assets/Scriptable Objects/Cards/Taintress/Horror Nest.asset
  artifactKey: Guid(745e5aec3c369844e8fd53d6f9226788) Importer(815301076,1909f56bfc062723c751e8b465ee728b)
Start importing Assets/Scriptable Objects/Cards/Taintress/Horror Nest.asset using Guid(745e5aec3c369844e8fd53d6f9226788) Importer(815301076,1909f56bfc062723c751e8b465ee728b)  -> (artifact id: '641b2cbc0eda530d8e766a9bad6ebe8b') in 0.008092 seconds 
========================================================================
Received Import Request.
  Time since last request: 0.000026 seconds.
  path: Assets/Scriptable Objects/Cards/Ruthless/Press Will.asset
  artifactKey: Guid(2ac90284f21daea48851665c7425b465) Importer(815301076,1909f56bfc062723c751e8b465ee728b)
Start importing Assets/Scriptable Objects/Cards/Ruthless/Press Will.asset using Guid(2ac90284f21daea48851665c7425b465) Importer(815301076,1909f56bfc062723c751e8b465ee728b)  -> (artifact id: 'd46b329b28e2757d545cce34dcbbb0de') in 0.008844 seconds 
========================================================================
Received Import Request.
  Time since last request: 0.000037 seconds.
  path: Assets/Scriptable Objects/Cards/Deceiver/Labyrinthine Mind.asset
  artifactKey: Guid(1cb60f2317b49c648958dbb7e2c10446) Importer(815301076,1909f56bfc062723c751e8b465ee728b)
Start importing Assets/Scriptable Objects/Cards/Deceiver/Labyrinthine Mind.asset using Guid(1cb60f2317b49c648958dbb7e2c10446) Importer(815301076,1909f56bfc062723c751e8b465ee728b)  -> (artifact id: 'a19f4129e5b0dc2735b46f187a96ebdf') in 0.008775 seconds 
========================================================================
Received Import Request.
  Time since last request: 0.000026 seconds.
  path: Assets/Scriptable Objects/Cards/Deceiver/Fake Memory.asset
  artifactKey: Guid(8eac93f0bf5b1ea498f30ffcb09e6e9e) Importer(815301076,1909f56bfc062723c751e8b465ee728b)
Start importing Assets/Scriptable Objects/Cards/Deceiver/Fake Memory.asset using Guid(8eac93f0bf5b1ea498f30ffcb09e6e9e) Importer(815301076,1909f56bfc062723c751e8b465ee728b)  -> (artifact id: '5a8086588b21b0f4e23569828e03b8d6') in 0.010379 seconds 
========================================================================
Received Import Request.
  Time since last request: 0.000025 seconds.
  path: Assets/Scriptable Objects/Cards/Job/Inspector/Hide Evidence.asset
  artifactKey: Guid(2aca45523507f244eb891756ba5aa0ee) Importer(815301076,1909f56bfc062723c751e8b465ee728b)
Start importing Assets/Scriptable Objects/Cards/Job/Inspector/Hide Evidence.asset using Guid(2aca45523507f244eb891756ba5aa0ee) Importer(815301076,1909f56bfc062723c751e8b465ee728b)  -> (artifact id: 'abe7af91a9d006665ed92dc39d7fec18') in 0.008404 seconds 
========================================================================
Received Import Request.
  Time since last request: 0.000038 seconds.
  path: Assets/Scriptable Objects/Cards/Ruthless/Smash.asset
  artifactKey: Guid(3e2e15af0411c9e4da8dc4bf47a78f1b) Importer(815301076,1909f56bfc062723c751e8b465ee728b)
Start importing Assets/Scriptable Objects/Cards/Ruthless/Smash.asset using Guid(3e2e15af0411c9e4da8dc4bf47a78f1b) Importer(815301076,1909f56bfc062723c751e8b465ee728b)  -> (artifact id: 'b6d0c64cd13156dcc0de702b3c1a8a0e') in 0.007982 seconds 
========================================================================
Received Import Request.
  Time since last request: 0.000027 seconds.
  path: Assets/Scriptable Objects/Cards/Other Clothes.asset
  artifactKey: Guid(8052215fd4bd7d4449f52be4e39d4a83) Importer(815301076,1909f56bfc062723c751e8b465ee728b)
Start importing Assets/Scriptable Objects/Cards/Other Clothes.asset using Guid(8052215fd4bd7d4449f52be4e39d4a83) Importer(815301076,1909f56bfc062723c751e8b465ee728b)  -> (artifact id: '4206661a5862d216a046e9fb4b5fbb44') in 0.007538 seconds 
========================================================================
Received Import Request.
  Time since last request: 0.000045 seconds.
  path: Assets/Scriptable Objects/Cards/Job/Student/Party.asset
  artifactKey: Guid(5cdb755f36ce99047b34ecc04ea3dfb1) Importer(815301076,1909f56bfc062723c751e8b465ee728b)
Start importing Assets/Scriptable Objects/Cards/Job/Student/Party.asset using Guid(5cdb755f36ce99047b34ecc04ea3dfb1) Importer(815301076,1909f56bfc062723c751e8b465ee728b)  -> (artifact id: '7d9255730b8825efb5ddeca9afd039b0') in 0.007891 seconds 
========================================================================
Received Import Request.
  Time since last request: 0.000027 seconds.
  path: Assets/Scriptable Objects/Cards/Taintress/Destroy Building.asset
  artifactKey: Guid(55df0055ec230ae4fa6e5b98928d28a1) Importer(815301076,1909f56bfc062723c751e8b465ee728b)
Start importing Assets/Scriptable Objects/Cards/Taintress/Destroy Building.asset using Guid(55df0055ec230ae4fa6e5b98928d28a1) Importer(815301076,1909f56bfc062723c751e8b465ee728b)  -> (artifact id: '3cb34933ea7cd64a1f4189b206b5aa82') in 0.007307 seconds 
========================================================================
Received Import Request.
  Time since last request: 0.000041 seconds.
  path: Assets/Scriptable Objects/Cards/Taintress/Fleshwarp.asset
  artifactKey: Guid(80bcb04b1d8c9ae4292f36804008afb5) Importer(815301076,1909f56bfc062723c751e8b465ee728b)
Start importing Assets/Scriptable Objects/Cards/Taintress/Fleshwarp.asset using Guid(80bcb04b1d8c9ae4292f36804008afb5) Importer(815301076,1909f56bfc062723c751e8b465ee728b)  -> (artifact id: '6d3b1f1dadaa26b06bac9221fd17a48b') in 0.003517 seconds 
========================================================================
Received Import Request.
  Time since last request: 0.000035 seconds.
  path: Assets/Scriptable Objects/Cards/Ruthless/Wrathful Cry.asset
  artifactKey: Guid(5dc6e68391c0dd6438ad92d4277dc8a7) Importer(815301076,1909f56bfc062723c751e8b465ee728b)
Start importing Assets/Scriptable Objects/Cards/Ruthless/Wrathful Cry.asset using Guid(5dc6e68391c0dd6438ad92d4277dc8a7) Importer(815301076,1909f56bfc062723c751e8b465ee728b)  -> (artifact id: '50191d250427a52ff6a9e70fc2ac245b') in 0.007904 seconds 
========================================================================
Received Import Request.
  Time since last request: 0.000029 seconds.
  path: Assets/Scriptable Objects/Cards/Generalist/Mass Hysteria.asset
  artifactKey: Guid(a10f1c6e9e0af8943af746e3d8b0d826) Importer(815301076,1909f56bfc062723c751e8b465ee728b)
Start importing Assets/Scriptable Objects/Cards/Generalist/Mass Hysteria.asset using Guid(a10f1c6e9e0af8943af746e3d8b0d826) Importer(815301076,1909f56bfc062723c751e8b465ee728b)  -> (artifact id: '6953e7ab8b5fdac1f06b1ba7da72e69b') in 0.007411 seconds 
========================================================================
Received Import Request.
  Time since last request: 0.000032 seconds.
  path: Assets/Scriptable Objects/Cards/Ruthless/Take Over.asset
  artifactKey: Guid(eef7b769e52fb2b499258494d4985da0) Importer(815301076,1909f56bfc062723c751e8b465ee728b)
Start importing Assets/Scriptable Objects/Cards/Ruthless/Take Over.asset using Guid(eef7b769e52fb2b499258494d4985da0) Importer(815301076,1909f56bfc062723c751e8b465ee728b)  -> (artifact id: 'edbbbc66fc60382a37af5f63cb14f5a4') in 0.008360 seconds 
========================================================================
Received Import Request.
  Time since last request: 15.433866 seconds.
  path: Assets/Prefabs/Card.prefab
  artifactKey: Guid(8fac7b89b78a8d443b160eccfa564c96) Importer(815301076,1909f56bfc062723c751e8b465ee728b)
Start importing Assets/Prefabs/Card.prefab using Guid(8fac7b89b78a8d443b160eccfa564c96) Importer(815301076,1909f56bfc062723c751e8b465ee728b)  -> (artifact id: 'ff0709ee7a5f936fc9a37e2a1efeefda') in 0.034258 seconds 
========================================================================
Received Import Request.
  Time since last request: 19.638409 seconds.
  path: Assets/Prefabs/Card.prefab
  artifactKey: Guid(8fac7b89b78a8d443b160eccfa564c96) Importer(815301076,1909f56bfc062723c751e8b465ee728b)
Start importing Assets/Prefabs/Card.prefab using Guid(8fac7b89b78a8d443b160eccfa564c96) Importer(815301076,1909f56bfc062723c751e8b465ee728b)  -> (artifact id: '8d39ab80a7810f12a4b27788084aee18') in 0.031322 seconds 
========================================================================
Received Import Request.
  Time since last request: 4.447819 seconds.
  path: Assets/Prefabs/Card.prefab
  artifactKey: Guid(8fac7b89b78a8d443b160eccfa564c96) Importer(815301076,1909f56bfc062723c751e8b465ee728b)
Start importing Assets/Prefabs/Card.prefab using Guid(8fac7b89b78a8d443b160eccfa564c96) Importer(815301076,1909f56bfc062723c751e8b465ee728b)  -> (artifact id: '6e86a2092491079f0643ea382b6a2bb7') in 0.033610 seconds 
========================================================================
Received Import Request.
  Time since last request: 1.595882 seconds.
  path: Assets/Prefabs/Card.prefab
  artifactKey: Guid(8fac7b89b78a8d443b160eccfa564c96) Importer(815301076,1909f56bfc062723c751e8b465ee728b)
Start importing Assets/Prefabs/Card.prefab using Guid(8fac7b89b78a8d443b160eccfa564c96) Importer(815301076,1909f56bfc062723c751e8b465ee728b)  -> (artifact id: 'b61e63dd498ab32eeae5ce85c26a749c') in 0.030678 seconds 
========================================================================
Received Import Request.
  Time since last request: 4.777206 seconds.
  path: Assets/Prefabs/Card.prefab
  artifactKey: Guid(8fac7b89b78a8d443b160eccfa564c96) Importer(815301076,1909f56bfc062723c751e8b465ee728b)
Start importing Assets/Prefabs/Card.prefab using Guid(8fac7b89b78a8d443b160eccfa564c96) Importer(815301076,1909f56bfc062723c751e8b465ee728b)  -> (artifact id: '666627bf6a68a13e99ffeb730e2ed917') in 0.030551 seconds 
========================================================================
Received Import Request.
  Time since last request: 29.305780 seconds.
  path: Assets/Prefabs/Card.prefab
  artifactKey: Guid(8fac7b89b78a8d443b160eccfa564c96) Importer(815301076,1909f56bfc062723c751e8b465ee728b)
Start importing Assets/Prefabs/Card.prefab using Guid(8fac7b89b78a8d443b160eccfa564c96) Importer(815301076,1909f56bfc062723c751e8b465ee728b)  -> (artifact id: '2cf4c2647e97c233c73c20c63937a7ab') in 0.031632 seconds 
========================================================================
Received Import Request.
  Time since last request: 14.308410 seconds.
  path: Assets/Prefabs/Card.prefab
  artifactKey: Guid(8fac7b89b78a8d443b160eccfa564c96) Importer(815301076,1909f56bfc062723c751e8b465ee728b)
Start importing Assets/Prefabs/Card.prefab using Guid(8fac7b89b78a8d443b160eccfa564c96) Importer(815301076,1909f56bfc062723c751e8b465ee728b)  -> (artifact id: '044e4e058f41837221399b54843063fd') in 0.030391 seconds 
========================================================================
Received Import Request.
  Time since last request: 3.797097 seconds.
  path: Assets/Prefabs/Card.prefab
  artifactKey: Guid(8fac7b89b78a8d443b160eccfa564c96) Importer(815301076,1909f56bfc062723c751e8b465ee728b)
Start importing Assets/Prefabs/Card.prefab using Guid(8fac7b89b78a8d443b160eccfa564c96) Importer(815301076,1909f56bfc062723c751e8b465ee728b)  -> (artifact id: '06d32178d2e5f82fbfaa9dd2d801c234') in 0.030751 seconds 
========================================================================
Received Import Request.
  Time since last request: 0.566397 seconds.
  path: Assets/Prefabs/Card.prefab
  artifactKey: Guid(8fac7b89b78a8d443b160eccfa564c96) Importer(815301076,1909f56bfc062723c751e8b465ee728b)
Start importing Assets/Prefabs/Card.prefab using Guid(8fac7b89b78a8d443b160eccfa564c96) Importer(815301076,1909f56bfc062723c751e8b465ee728b)  -> (artifact id: '61af7a2e7b05724c83b288653d808374') in 0.030746 seconds 
========================================================================
Received Import Request.
  Time since last request: 20.403963 seconds.
  path: Assets/Prefabs/Card.prefab
  artifactKey: Guid(8fac7b89b78a8d443b160eccfa564c96) Importer(815301076,1909f56bfc062723c751e8b465ee728b)
Start importing Assets/Prefabs/Card.prefab using Guid(8fac7b89b78a8d443b160eccfa564c96) Importer(815301076,1909f56bfc062723c751e8b465ee728b)  -> (artifact id: 'a901969ed6506cc5750680e95f530974') in 0.030341 seconds 
========================================================================
Received Import Request.
  Time since last request: 8.875486 seconds.
  path: Assets/Prefabs/Card.prefab
  artifactKey: Guid(8fac7b89b78a8d443b160eccfa564c96) Importer(815301076,1909f56bfc062723c751e8b465ee728b)
Start importing Assets/Prefabs/Card.prefab using Guid(8fac7b89b78a8d443b160eccfa564c96) Importer(815301076,1909f56bfc062723c751e8b465ee728b)  -> (artifact id: '5fa27a9d93eaadb26d641e6277c58dfd') in 0.031467 seconds 
========================================================================
Received Import Request.
  Time since last request: 8.150192 seconds.
  path: Assets/Prefabs/Card.prefab
  artifactKey: Guid(8fac7b89b78a8d443b160eccfa564c96) Importer(815301076,1909f56bfc062723c751e8b465ee728b)
Start importing Assets/Prefabs/Card.prefab using Guid(8fac7b89b78a8d443b160eccfa564c96) Importer(815301076,1909f56bfc062723c751e8b465ee728b)  -> (artifact id: '7d1f0e93fc18c1d149f69724c5d77890') in 0.032377 seconds 
========================================================================
Received Import Request.
  Time since last request: 1.175227 seconds.
  path: Assets/Prefabs/Card.prefab
  artifactKey: Guid(8fac7b89b78a8d443b160eccfa564c96) Importer(815301076,1909f56bfc062723c751e8b465ee728b)
Start importing Assets/Prefabs/Card.prefab using Guid(8fac7b89b78a8d443b160eccfa564c96) Importer(815301076,1909f56bfc062723c751e8b465ee728b)  -> (artifact id: '65c4497496b5b3e99121729d95c297e0') in 0.030532 seconds 
========================================================================
Received Import Request.
  Time since last request: 2.380371 seconds.
  path: Assets/Prefabs/Card.prefab
  artifactKey: Guid(8fac7b89b78a8d443b160eccfa564c96) Importer(815301076,1909f56bfc062723c751e8b465ee728b)
Start importing Assets/Prefabs/Card.prefab using Guid(8fac7b89b78a8d443b160eccfa564c96) Importer(815301076,1909f56bfc062723c751e8b465ee728b)  -> (artifact id: '3ec02a8d71369c3dcb57621d9a3d24d1') in 0.031091 seconds 
========================================================================
Received Import Request.
  Time since last request: 1.571857 seconds.
  path: Assets/Prefabs/Card.prefab
  artifactKey: Guid(8fac7b89b78a8d443b160eccfa564c96) Importer(815301076,1909f56bfc062723c751e8b465ee728b)
Start importing Assets/Prefabs/Card.prefab using Guid(8fac7b89b78a8d443b160eccfa564c96) Importer(815301076,1909f56bfc062723c751e8b465ee728b)  -> (artifact id: 'c214bdd5de1d1b2dbb84a04ed91e77e9') in 0.030910 seconds 
========================================================================
Received Import Request.
  Time since last request: 1.372122 seconds.
  path: Assets/Prefabs/Card.prefab
  artifactKey: Guid(8fac7b89b78a8d443b160eccfa564c96) Importer(815301076,1909f56bfc062723c751e8b465ee728b)
Start importing Assets/Prefabs/Card.prefab using Guid(8fac7b89b78a8d443b160eccfa564c96) Importer(815301076,1909f56bfc062723c751e8b465ee728b)  -> (artifact id: 'f92ac25c0f699ce8e485a3b34d233879') in 0.030256 seconds 
========================================================================
Received Import Request.
  Time since last request: 20.167703 seconds.
  path: Assets/Prefabs/Card.prefab
  artifactKey: Guid(8fac7b89b78a8d443b160eccfa564c96) Importer(815301076,1909f56bfc062723c751e8b465ee728b)
Start importing Assets/Prefabs/Card.prefab using Guid(8fac7b89b78a8d443b160eccfa564c96) Importer(815301076,1909f56bfc062723c751e8b465ee728b)  -> (artifact id: 'cd5f13018a400636ef392563197ab69b') in 0.107578 seconds 
========================================================================
Received Import Request.
  Time since last request: 4.543688 seconds.
  path: Assets/Prefabs/Card.prefab
  artifactKey: Guid(8fac7b89b78a8d443b160eccfa564c96) Importer(815301076,1909f56bfc062723c751e8b465ee728b)
Start importing Assets/Prefabs/Card.prefab using Guid(8fac7b89b78a8d443b160eccfa564c96) Importer(815301076,1909f56bfc062723c751e8b465ee728b)  -> (artifact id: '5739318177b63d3644f33cdc5158e228') in 0.097571 seconds 
========================================================================
Received Import Request.
  Time since last request: 14.659426 seconds.
  path: Assets/Prefabs/Card.prefab
  artifactKey: Guid(8fac7b89b78a8d443b160eccfa564c96) Importer(815301076,1909f56bfc062723c751e8b465ee728b)
Start importing Assets/Prefabs/Card.prefab using Guid(8fac7b89b78a8d443b160eccfa564c96) Importer(815301076,1909f56bfc062723c751e8b465ee728b)  -> (artifact id: 'd5b8c7f657fc6cac36f7451ec17bc6d4') in 0.096941 seconds 
========================================================================
Received Import Request.
  Time since last request: 2.525170 seconds.
  path: Assets/Prefabs/Card.prefab
  artifactKey: Guid(8fac7b89b78a8d443b160eccfa564c96) Importer(815301076,1909f56bfc062723c751e8b465ee728b)
Start importing Assets/Prefabs/Card.prefab using Guid(8fac7b89b78a8d443b160eccfa564c96) Importer(815301076,1909f56bfc062723c751e8b465ee728b)  -> (artifact id: 'f3f73d298ae50333cba4111551906a11') in 0.105944 seconds 
========================================================================
Received Import Request.
  Time since last request: 6.558807 seconds.
  path: Assets/Prefabs/Card.prefab
  artifactKey: Guid(8fac7b89b78a8d443b160eccfa564c96) Importer(815301076,1909f56bfc062723c751e8b465ee728b)
Start importing Assets/Prefabs/Card.prefab using Guid(8fac7b89b78a8d443b160eccfa564c96) Importer(815301076,1909f56bfc062723c751e8b465ee728b)  -> (artifact id: '6de7991b815da85b0abd737e1c8f7a41') in 0.095541 seconds 
========================================================================
Received Import Request.
  Time since last request: 2.720324 seconds.
  path: Assets/Prefabs/Card.prefab
  artifactKey: Guid(8fac7b89b78a8d443b160eccfa564c96) Importer(815301076,1909f56bfc062723c751e8b465ee728b)
Start importing Assets/Prefabs/Card.prefab using Guid(8fac7b89b78a8d443b160eccfa564c96) Importer(815301076,1909f56bfc062723c751e8b465ee728b)  -> (artifact id: '62266206835aa7ff2589c432951bd664') in 0.097727 seconds 
========================================================================
Received Import Request.
  Time since last request: 8.379597 seconds.
  path: Assets/Prefabs/Card.prefab
  artifactKey: Guid(8fac7b89b78a8d443b160eccfa564c96) Importer(815301076,1909f56bfc062723c751e8b465ee728b)
Start importing Assets/Prefabs/Card.prefab using Guid(8fac7b89b78a8d443b160eccfa564c96) Importer(815301076,1909f56bfc062723c751e8b465ee728b)  -> (artifact id: 'f32168f1e3b7848b31bb85fdfef7974a') in 0.100127 seconds 
========================================================================
Received Import Request.
  Time since last request: 2.936022 seconds.
  path: Assets/Prefabs/Card.prefab
  artifactKey: Guid(8fac7b89b78a8d443b160eccfa564c96) Importer(815301076,1909f56bfc062723c751e8b465ee728b)
Start importing Assets/Prefabs/Card.prefab using Guid(8fac7b89b78a8d443b160eccfa564c96) Importer(815301076,1909f56bfc062723c751e8b465ee728b)  -> (artifact id: '940b96259ec3ab468b47ea067a6d490a') in 0.096450 seconds 
========================================================================
Received Import Request.
  Time since last request: 1.907840 seconds.
  path: Assets/Prefabs/Card.prefab
  artifactKey: Guid(8fac7b89b78a8d443b160eccfa564c96) Importer(815301076,1909f56bfc062723c751e8b465ee728b)
Start importing Assets/Prefabs/Card.prefab using Guid(8fac7b89b78a8d443b160eccfa564c96) Importer(815301076,1909f56bfc062723c751e8b465ee728b)  -> (artifact id: '3ead2c817234cf094158074263423883') in 0.096125 seconds 
========================================================================
Received Import Request.
  Time since last request: 0.697398 seconds.
  path: Assets/Prefabs/Card.prefab
  artifactKey: Guid(8fac7b89b78a8d443b160eccfa564c96) Importer(815301076,1909f56bfc062723c751e8b465ee728b)
Start importing Assets/Prefabs/Card.prefab using Guid(8fac7b89b78a8d443b160eccfa564c96) Importer(815301076,1909f56bfc062723c751e8b465ee728b)  -> (artifact id: '3a72e3f5115866d7020703ab37582398') in 0.097100 seconds 
========================================================================
Received Import Request.
  Time since last request: 3.342931 seconds.
  path: Assets/Prefabs/Card.prefab
  artifactKey: Guid(8fac7b89b78a8d443b160eccfa564c96) Importer(815301076,1909f56bfc062723c751e8b465ee728b)
Start importing Assets/Prefabs/Card.prefab using Guid(8fac7b89b78a8d443b160eccfa564c96) Importer(815301076,1909f56bfc062723c751e8b465ee728b)  -> (artifact id: '6cf451527ce1d207276804be820b488c') in 0.096383 seconds 
========================================================================
Received Import Request.
  Time since last request: 12.504024 seconds.
  path: Assets/Prefabs/Card.prefab
  artifactKey: Guid(8fac7b89b78a8d443b160eccfa564c96) Importer(815301076,1909f56bfc062723c751e8b465ee728b)
Start importing Assets/Prefabs/Card.prefab using Guid(8fac7b89b78a8d443b160eccfa564c96) Importer(815301076,1909f56bfc062723c751e8b465ee728b)  -> (artifact id: 'bf33059616a48d2345a32bbb520445f1') in 0.095822 seconds 
========================================================================
Received Import Request.
  Time since last request: 3.338673 seconds.
  path: Assets/Prefabs/Card.prefab
  artifactKey: Guid(8fac7b89b78a8d443b160eccfa564c96) Importer(815301076,1909f56bfc062723c751e8b465ee728b)
Start importing Assets/Prefabs/Card.prefab using Guid(8fac7b89b78a8d443b160eccfa564c96) Importer(815301076,1909f56bfc062723c751e8b465ee728b)  -> (artifact id: 'c92faed8c7950cfb19b346ac9a5046d7') in 0.095818 seconds 
========================================================================
Received Import Request.
  Time since last request: 6.239521 seconds.
  path: Assets/Prefabs/Card.prefab
  artifactKey: Guid(8fac7b89b78a8d443b160eccfa564c96) Importer(815301076,1909f56bfc062723c751e8b465ee728b)
Start importing Assets/Prefabs/Card.prefab using Guid(8fac7b89b78a8d443b160eccfa564c96) Importer(815301076,1909f56bfc062723c751e8b465ee728b)  -> (artifact id: 'e740ed22d20739a802502b5c5ff0b1cf') in 0.096195 seconds 
========================================================================
Received Import Request.
  Time since last request: 5.148993 seconds.
  path: Assets/Prefabs/Card.prefab
  artifactKey: Guid(8fac7b89b78a8d443b160eccfa564c96) Importer(815301076,1909f56bfc062723c751e8b465ee728b)
Start importing Assets/Prefabs/Card.prefab using Guid(8fac7b89b78a8d443b160eccfa564c96) Importer(815301076,1909f56bfc062723c751e8b465ee728b)  -> (artifact id: '34ae51580cbdb9938afb04ae982c20f8') in 0.096934 seconds 
========================================================================
Received Import Request.
  Time since last request: 1.910918 seconds.
  path: Assets/Prefabs/Card.prefab
  artifactKey: Guid(8fac7b89b78a8d443b160eccfa564c96) Importer(815301076,1909f56bfc062723c751e8b465ee728b)
Start importing Assets/Prefabs/Card.prefab using Guid(8fac7b89b78a8d443b160eccfa564c96) Importer(815301076,1909f56bfc062723c751e8b465ee728b)  -> (artifact id: 'b9887594079da9e80ece8f2d6b843d29') in 0.096227 seconds 
========================================================================
Received Import Request.
  Time since last request: 7.790268 seconds.
  path: Assets/Prefabs/Card.prefab
  artifactKey: Guid(8fac7b89b78a8d443b160eccfa564c96) Importer(815301076,1909f56bfc062723c751e8b465ee728b)
Start importing Assets/Prefabs/Card.prefab using Guid(8fac7b89b78a8d443b160eccfa564c96) Importer(815301076,1909f56bfc062723c751e8b465ee728b)  -> (artifact id: 'e0d49ecfa10c282e51d01b2f5c3ede10') in 0.095974 seconds 
========================================================================
Received Import Request.
  Time since last request: 10.601065 seconds.
  path: Assets/Prefabs/Card.prefab
  artifactKey: Guid(8fac7b89b78a8d443b160eccfa564c96) Importer(815301076,1909f56bfc062723c751e8b465ee728b)
Start importing Assets/Prefabs/Card.prefab using Guid(8fac7b89b78a8d443b160eccfa564c96) Importer(815301076,1909f56bfc062723c751e8b465ee728b)  -> (artifact id: '8ddeed18570b6554135c1357c3028a9e') in 0.095068 seconds 
========================================================================
Received Import Request.
  Time since last request: 3.943245 seconds.
  path: Assets/Prefabs/Card.prefab
  artifactKey: Guid(8fac7b89b78a8d443b160eccfa564c96) Importer(815301076,1909f56bfc062723c751e8b465ee728b)
Start importing Assets/Prefabs/Card.prefab using Guid(8fac7b89b78a8d443b160eccfa564c96) Importer(815301076,1909f56bfc062723c751e8b465ee728b)  -> (artifact id: '8524593b09deff3cf61548b870adc460') in 0.099811 seconds 
========================================================================
Received Import Request.
  Time since last request: 2.717880 seconds.
  path: Assets/Prefabs/Card.prefab
  artifactKey: Guid(8fac7b89b78a8d443b160eccfa564c96) Importer(815301076,1909f56bfc062723c751e8b465ee728b)
Start importing Assets/Prefabs/Card.prefab using Guid(8fac7b89b78a8d443b160eccfa564c96) Importer(815301076,1909f56bfc062723c751e8b465ee728b)  -> (artifact id: '916c66d5a26044f2271549e73e1ec21e') in 0.096844 seconds 
========================================================================
Received Import Request.
  Time since last request: 5.558590 seconds.
  path: Assets/Prefabs/Card.prefab
  artifactKey: Guid(8fac7b89b78a8d443b160eccfa564c96) Importer(815301076,1909f56bfc062723c751e8b465ee728b)
Start importing Assets/Prefabs/Card.prefab using Guid(8fac7b89b78a8d443b160eccfa564c96) Importer(815301076,1909f56bfc062723c751e8b465ee728b)  -> (artifact id: 'dacd10577d4fee2a835a73bb13c5e01e') in 0.096161 seconds 
========================================================================
Received Import Request.
  Time since last request: 2.737542 seconds.
  path: Assets/Prefabs/Card.prefab
  artifactKey: Guid(8fac7b89b78a8d443b160eccfa564c96) Importer(815301076,1909f56bfc062723c751e8b465ee728b)
Start importing Assets/Prefabs/Card.prefab using Guid(8fac7b89b78a8d443b160eccfa564c96) Importer(815301076,1909f56bfc062723c751e8b465ee728b)  -> (artifact id: '7779b0a1b206a53c741f20cc8454e6ab') in 0.095650 seconds 
========================================================================
Received Import Request.
  Time since last request: 3.335977 seconds.
  path: Assets/Prefabs/Card.prefab
  artifactKey: Guid(8fac7b89b78a8d443b160eccfa564c96) Importer(815301076,1909f56bfc062723c751e8b465ee728b)
Start importing Assets/Prefabs/Card.prefab using Guid(8fac7b89b78a8d443b160eccfa564c96) Importer(815301076,1909f56bfc062723c751e8b465ee728b)  -> (artifact id: '9e1a8b65dd1438e2511d8d934427c757') in 0.095986 seconds 
========================================================================
Received Import Request.
  Time since last request: 21.621395 seconds.
  path: Assets/Prefabs/UI/ArrowHead.prefab
  artifactKey: Guid(75aea8c3c3de9424f98996e0b18a275b) Importer(815301076,1909f56bfc062723c751e8b465ee728b)
Start importing Assets/Prefabs/UI/ArrowHead.prefab using Guid(75aea8c3c3de9424f98996e0b18a275b) Importer(815301076,1909f56bfc062723c751e8b465ee728b)  -> (artifact id: '4f34d5433ce8e443fc6fe12b238fd106') in 0.011170 seconds 
========================================================================
Received Import Request.
  Time since last request: 9.335929 seconds.
  path: Packages/com.unity.collab-proxy/Editor/PlasticSCM/Assets/Images/iconoutofsyncoverlay@2x.png
  artifactKey: Guid(3728580c149181a44b359e89f6edacae) Importer(815301076,1909f56bfc062723c751e8b465ee728b)
Start importing Packages/com.unity.collab-proxy/Editor/PlasticSCM/Assets/Images/iconoutofsyncoverlay@2x.png using Guid(3728580c149181a44b359e89f6edacae) Importer(815301076,1909f56bfc062723c751e8b465ee728b)  -> (artifact id: '55126782fd872d9b85c91a5050426b4c') in 0.054324 seconds 
========================================================================
Received Import Request.
  Time since last request: 0.000024 seconds.
  path: Packages/com.unity.collab-proxy/Editor/PlasticSCM/Assets/Images/notondisk.png
  artifactKey: Guid(b205f4b28f59dda49af458b35d8a3ff3) Importer(815301076,1909f56bfc062723c751e8b465ee728b)
Start importing Packages/com.unity.collab-proxy/Editor/PlasticSCM/Assets/Images/notondisk.png using Guid(b205f4b28f59dda49af458b35d8a3ff3) Importer(815301076,1909f56bfc062723c751e8b465ee728b)  -> (artifact id: '411c5c5fdce1a7a445ee4695baee4e8f') in 0.027632 seconds 
========================================================================
Received Import Request.
  Time since last request: 0.000031 seconds.
  path: Packages/com.unity.collab-proxy/Editor/PlasticSCM/Assets/Images/ignoredoverlay.png
  artifactKey: Guid(767ce9b1aa9de8747a4c2ffc8b3dd7ad) Importer(815301076,1909f56bfc062723c751e8b465ee728b)
Start importing Packages/com.unity.collab-proxy/Editor/PlasticSCM/Assets/Images/ignoredoverlay.png using Guid(767ce9b1aa9de8747a4c2ffc8b3dd7ad) Importer(815301076,1909f56bfc062723c751e8b465ee728b)  -> (artifact id: 'b5b46106f16ab6603f123a2cc121cf0b') in 0.028096 seconds 
========================================================================
Received Import Request.
  Time since last request: 18.336765 seconds.
  path: Assets/Prefabs/Structures/Abandoned.prefab
  artifactKey: Guid(3bf2a5359d2b8d3408b728e4db716e93) Importer(815301076,1909f56bfc062723c751e8b465ee728b)
Start importing Assets/Prefabs/Structures/Abandoned.prefab using Guid(3bf2a5359d2b8d3408b728e4db716e93) Importer(815301076,1909f56bfc062723c751e8b465ee728b)  -> (artifact id: 'bf827c851aa46a8183b9fac5c7b7c985') in 0.021471 seconds 
========================================================================
Received Import Request.
  Time since last request: 0.000033 seconds.
  path: Assets/Prefabs/Structures/Police.prefab
  artifactKey: Guid(497c738bb15901549988317ffc40641e) Importer(815301076,1909f56bfc062723c751e8b465ee728b)
Start importing Assets/Prefabs/Structures/Police.prefab using Guid(497c738bb15901549988317ffc40641e) Importer(815301076,1909f56bfc062723c751e8b465ee728b)  -> (artifact id: '9cf0844be32036edd216153337e59cc1') in 0.015649 seconds 
========================================================================
Received Import Request.
  Time since last request: 0.000034 seconds.
  path: Assets/Prefabs/Structures/Const.prefab
  artifactKey: Guid(99cc293d8598ab449aecb841906b53e3) Importer(815301076,1909f56bfc062723c751e8b465ee728b)
Start importing Assets/Prefabs/Structures/Const.prefab using Guid(99cc293d8598ab449aecb841906b53e3) Importer(815301076,1909f56bfc062723c751e8b465ee728b)  -> (artifact id: '9245604fd7d177f09c09ef4c96f68655') in 0.017530 seconds 
========================================================================
Received Import Request.
  Time since last request: 0.000031 seconds.
  path: Assets/Prefabs/Structures/HS.prefab
  artifactKey: Guid(55904ceea81495f4095ff77c0e18760d) Importer(815301076,1909f56bfc062723c751e8b465ee728b)
Start importing Assets/Prefabs/Structures/HS.prefab using Guid(55904ceea81495f4095ff77c0e18760d) Importer(815301076,1909f56bfc062723c751e8b465ee728b)  -> (artifact id: '024cd848091cf5213e8421cc9ecf6198') in 0.017427 seconds 
========================================================================
Received Import Request.
  Time since last request: 3.708345 seconds.
  path: Assets/Graphics/Materials/characters.mat
  artifactKey: Guid(e08cf97b45b02554da064e31410bc0af) Importer(815301076,1909f56bfc062723c751e8b465ee728b)
Start importing Assets/Graphics/Materials/characters.mat using Guid(e08cf97b45b02554da064e31410bc0af) Importer(815301076,1909f56bfc062723c751e8b465ee728b)  -> (artifact id: 'ab32d6cc3be3fa53694694bb66b728f4') in 0.018039 seconds 
========================================================================
Received Import Request.
  Time since last request: 1.304070 seconds.
  path: Assets/Prefabs/Structures/Abandoned.prefab
  artifactKey: Guid(3bf2a5359d2b8d3408b728e4db716e93) Importer(815301076,1909f56bfc062723c751e8b465ee728b)
Start importing Assets/Prefabs/Structures/Abandoned.prefab using Guid(3bf2a5359d2b8d3408b728e4db716e93) Importer(815301076,1909f56bfc062723c751e8b465ee728b)  -> (artifact id: 'e434be441f00a79c64f87d1666d70908') in 0.016197 seconds 
========================================================================
Received Import Request.
  Time since last request: 151.160937 seconds.
  path: Packages/com.unity.2d.sprite/Editor/ObjectMenuCreation/DefaultAssets/Textures/v2/9Sliced.png
  artifactKey: Guid(8884154dfe85442a3a3578be807dbcdf) Importer(815301076,1909f56bfc062723c751e8b465ee728b)
Start importing Packages/com.unity.2d.sprite/Editor/ObjectMenuCreation/DefaultAssets/Textures/v2/9Sliced.png using Guid(8884154dfe85442a3a3578be807dbcdf) Importer(815301076,1909f56bfc062723c751e8b465ee728b)  -> (artifact id: '27b9593473e5be29e32e1bb2e83bc8f6') in 0.031581 seconds 
========================================================================
Received Import Request.
  Time since last request: 0.018880 seconds.
  path: Packages/com.unity.2d.sprite/Editor/ObjectMenuCreation/DefaultAssets/Textures/Capsule.png
  artifactKey: Guid(bd3cb4af8406d4436a2ae8c2aafe1f8d) Importer(815301076,1909f56bfc062723c751e8b465ee728b)
Start importing Packages/com.unity.2d.sprite/Editor/ObjectMenuCreation/DefaultAssets/Textures/Capsule.png using Guid(bd3cb4af8406d4436a2ae8c2aafe1f8d) Importer(815301076,1909f56bfc062723c751e8b465ee728b)  -> (artifact id: '1ff29845ae43719abe2e90e54857c74a') in 0.043333 seconds 
========================================================================
Received Import Request.
  Time since last request: 0.000039 seconds.
  path: Packages/com.unity.2d.sprite/Editor/ObjectMenuCreation/DefaultAssets/Textures/9-SlicedWithBorder.png
  artifactKey: Guid(cc35afd292fc349128b36a291fb3a165) Importer(815301076,1909f56bfc062723c751e8b465ee728b)
Start importing Packages/com.unity.2d.sprite/Editor/ObjectMenuCreation/DefaultAssets/Textures/9-SlicedWithBorder.png using Guid(cc35afd292fc349128b36a291fb3a165) Importer(815301076,1909f56bfc062723c751e8b465ee728b)  -> (artifact id: '07f45a323bcacd6257b8ebbc716b8d39') in 0.038174 seconds 
========================================================================
Received Import Request.
  Time since last request: 0.000033 seconds.
  path: Packages/com.unity.2d.sprite/Editor/ObjectMenuCreation/DefaultAssets/Textures/Circle.png
  artifactKey: Guid(ebe73ca9363db456bacf42c025bb4847) Importer(815301076,1909f56bfc062723c751e8b465ee728b)
Start importing Packages/com.unity.2d.sprite/Editor/ObjectMenuCreation/DefaultAssets/Textures/Circle.png using Guid(ebe73ca9363db456bacf42c025bb4847) Importer(815301076,1909f56bfc062723c751e8b465ee728b)  -> (artifact id: '9531bb7cb481c0536af5a7b1b7b9d107') in 0.031427 seconds 
========================================================================
Received Import Request.
  Time since last request: 0.000027 seconds.
  path: Packages/com.unity.2d.sprite/Editor/ObjectMenuCreation/DefaultAssets/Textures/v2/Circle.png
  artifactKey: Guid(a86470a33a6bf42c4b3595704624658b) Importer(815301076,1909f56bfc062723c751e8b465ee728b)
Start importing Packages/com.unity.2d.sprite/Editor/ObjectMenuCreation/DefaultAssets/Textures/v2/Circle.png using Guid(a86470a33a6bf42c4b3595704624658b) Importer(815301076,1909f56bfc062723c751e8b465ee728b)  -> (artifact id: 'bbd336915e4b0c581f1f09ee79779e85') in 0.033207 seconds 
Editor requested this worker to shutdown with reason: Scaling down because of idle timeout
AssetImportWorker is now disconnected from the server
Process exiting
Exiting without the bug reporter. Application will terminate with return code 0